<?xml version="1.0" encoding="UTF-8"?>
<testsuite name="it.unibo.nestedenum.TestMonthSorter" tests="2" skipped="0" failures="0" errors="0" timestamp="2022-11-08T17:15:55" hostname="LAB22-02-02" time="0.527">
  <properties/>
  <testcase name="testAmbiguousAndIllegalName()" classname="it.unibo.nestedenum.TestMonthSorter" time="0.044"/>
  <testcase name="testSorting()" classname="it.unibo.nestedenum.TestMonthSorter" time="0.482"/>
  <system-out><![CDATA[J
dec - J
J
sunny
November - sunny
sunny
january - june
may - january
may - june
may - january
april - may
april - january
december - may
december - june
march - may
march - april
march - january
september - may
september - december
september - june
february - may
february - march
february - january
november - may
november - september
november - december
august - may
august - november
august - september
august - june
july - june
july - november
july - september
july - august
october - june
october - september
october - december
october - november
november - june
march - november
march - november
march - june
august - june
august - november
december - august
december - november
july - august
july - june
september - august
september - december
september - november
may - august
may - june
may - march
january - august
january - june
january - may
january - march
april - july
april - may
april - march
october - july
october - november
october - september
february - july
february - april
february - march
february - january
august - july
february - august
february - august
february - july
june - july
june - february
march - july
march - june
march - february
april - june
april - march
january - june
january - march
january - february
december - april
december - july
december - august
september - june
september - august
september - december
may - june
may - march
may - april
october - june
october - september
october - december
november - june
november - september
november - december
november - october
august - october
april - august
february - april
september - february
september - august
september - october
march - august
march - april
march - february
july - august
july - march
july - april
may - july
may - march
may - april
december - july
december - september
december - october
june - july
june - april
june - may
january - july
january - april
january - march
january - february
november - june
november - september
november - december
november - october
july - march
december - july
february - december
february - july
february - march
september - july
september - december
may - july
may - march
august - july
august - december
august - september
june - july
june - march
june - may
april - july
april - may
april - march
november - june
november - september
november - december
january - july
january - april
january - march
january - february
october - june
october - september
october - december
october - november
august - april
may - august
may - august
may - april
january - may
january - april
june - may
june - august
july - may
july - august
july - june
december - june
december - august
november - june
november - august
november - december
march - july
march - may
march - april
march - january
october - june
october - november
october - august
september - july
september - november
september - october
september - august
february - july
february - april
february - march
february - january
july - october
august - july
august - october
august - july
january - august
january - july
april - august
april - july
april - january
february - july
february - april
february - january
december - july
december - october
november - july
november - october
november - december
march - august
march - april
march - february
june - july
june - march
june - april
may - july
may - march
may - june
may - april
september - june
september - october
september - august
may - april
september - may
november - september
june - november
june - september
june - may
january - june
january - may
january - april
february - june
february - april
february - january
october - may
october - september
october - november
march - june
march - april
march - february
december - may
december - october
december - november
july - june
july - november
july - october
july - september
august - june
august - october
august - september
august - july
may - november
february - may
april - february
april - may
april - february
october - may
october - november
september - may
september - november
september - october
june - september
june - april
june - may
january - june
january - april
january - february
july - june
july - october
july - september
december - june
december - october
december - november
march - july
march - april
march - february
august - june
august - october
august - september
august - july
october - november
december - october
december - november
june - november
june - october
april - november
april - october
april - june
september - october
september - june
may - october
may - june
may - april
august - september
august - may
august - june
january - september
january - june
january - may
january - april
march - august
march - may
march - april
march - january
february - august
february - april
february - march
february - january
july - june
july - october
july - september
july - august
may - july
april - may
october - april
october - may
october - july
january - july
january - may
january - april
june - may
june - october
june - july
march - june
march - april
march - january
december - may
december - july
december - october
september - june
september - october
september - july
february - june
february - april
february - march
february - january
november - june
november - october
november - december
august - june
august - october
august - september
august - july
september - august
march - september
march - september
march - august
june - august
june - march
may - august
may - june
may - march
february - june
february - may
february - march
january - june
january - march
january - february
april - may
april - february
april - march
october - may
october - august
october - september
july - may
july - september
july - august
july - june
november - june
november - september
november - october
december - june
december - september
december - november
october - november
july - october
december - july
december - october
december - november
september - november
september - october
september - july
january - october
january - september
january - july
april - october
april - july
april - january
may - september
may - april
may - july
february - september
february - may
february - april
february - january
june - july
june - april
june - may
august - july
august - november
august - october
august - september
march - july
march - april
march - february
june - october
march - june
july - march
july - june
july - october
september - july
september - october
december - july
december - october
april - september
april - june
april - march
february - july
february - april
february - march
may - july
may - april
may - june
january - june
january - april
january - march
january - february
august - june
august - october
august - september
august - july
november - june
november - september
november - december
november - october
january - april
may - january
may - april
september - april
september - may
november - may
november - september
july - may
july - november
july - september
december - july
december - november
june - july
june - april
june - may
march - july
march - may
march - april
march - january
august - june
august - november
august - september
august - july
february - july
february - april
february - march
february - january
october - june
october - september
october - december
october - november
november - february
april - november
april - november
april - february
january - april
january - february
march - april
march - february
may - march
may - november
may - april
june - april
june - november
june - may
october - april
october - june
october - november
september - may
september - october
september - june
december - may
december - october
december - november
august - june
august - november
august - october
august - september
july - june
july - october
july - september
july - august
january - may
december - january
december - may
march - may
march - january
august - may
august - december
october - may
october - december
october - august
february - august
february - march
february - january
september - may
september - october
september - august
july - august
july - march
july - may
june - july
june - march
june - may
april - july
april - march
april - june
april - may
november - june
november - september
november - december
november - october
july - april
february - july
february - july
february - april
march - april
march - february
january - april
january - march
january - february
november - march
november - july
august - april
august - november
august - july
september - april
september - august
september - november
may - july
may - march
may - april
december - may
december - september
december - november
june - july
june - march
june - may
october - june
october - september
october - december
october - november
december - october
january - december
january - december
january - october
april - october
april - january
september - october
september - april
november - september
november - december
november - october
february - october
february - april
february - january
march - september
march - february
march - april
august - september
august - march
august - april
july - august
july - march
july - april
may - august
may - march
may - july
may - april
june - july
june - march
june - may
may - august
october - may
october - august
november - august
november - october
april - october
april - august
april - may
july - august
july - may
march - august
march - may
march - april
september - july
september - october
september - august
january - august
january - may
january - april
january - march
february - july
february - april
february - march
february - january
december - july
december - october
december - november
june - july
june - march
june - may
april - september
august - april
august - september
august - april
january - august
january - april
february - august
february - april
february - january
november - april
november - september
may - august
may - february
may - april
june - may
june - september
june - august
december - june
december - september
december - november
october - june
october - november
october - september
july - august
july - april
july - june
march - july
march - april
march - february
april - march
august - april
february - august
february - april
february - march
june - april
june - august
september - april
september - august
july - june
july - september
july - august
november - june
november - august
november - september
may - july
may - april
may - june
january - june
january - april
january - march
january - february
october - june
october - september
october - november
december - june
december - september
december - november
april - june
february - april
october - february
october - april
october - june
december - june
december - october
january - june
january - april
january - february
september - june
september - december
september - october
may - june
may - february
may - april
march - june
march - april
march - february
august - may
august - october
august - september
august - june
july - june
july - october
july - september
july - august
november - june
november - september
november - december
november - october
july - february
march - july
march - july
march - february
april - march
april - july
september - april
september - july
june - april
june - september
june - july
december - june
december - september
august - june
august - september
august - july
january - july
january - april
january - march
january - february
may - june
may - march
may - april
october - june
october - september
october - december
november - june
november - september
november - december
november - october
may - october
january - may
november - january
november - may
november - october
march - october
march - may
march - january
february - may
february - march
february - january
august - may
august - november
august - october
december - may
december - october
december - november
july - august
july - march
july - may
september - july
september - november
september - october
september - august
june - august
june - march
june - july
june - may
april - july
april - march
april - june
april - may
december - august
january - december
january - december
january - august
november - august
november - december
october - november
october - august
february - october
february - august
february - january
september - october
september - february
september - august
may - september
may - february
may - august
june - september
june - may
june - august
april - august
april - may
april - february
march - august
march - april
march - february
july - june
july - october
july - september
july - august
february - august
january - february
december - january
december - february
december - august
april - august
april - february
september - april
september - december
september - august
march - august
march - february
march - april
october - april
october - september
october - december
november - august
november - october
november - december
july - august
july - march
july - april
may - august
may - march
may - july
may - april
june - july
june - march
june - may
april - january
may - april
october - may
november - october
august - november
august - may
august - november
august - october
july - august
july - april
july - may
march - july
march - april
march - january
june - july
june - april
june - may
december - june
december - october
december - november
september - july
september - november
september - october
september - august
february - july
february - april
february - march
february - january
march - february
december - march
may - december
may - march
may - december
july - may
july - december
april - may
april - march
november - may
november - december
november - july
october - may
october - november
october - july
january - july
january - april
january - march
january - february
june - may
june - november
june - october
june - july
august - june
august - november
august - october
august - july
september - june
september - october
september - august
february - december
april - february
april - december
april - february
january - april
january - february
july - april
july - december
june - april
june - december
june - july
may - june
may - february
may - april
october - may
october - july
october - december
august - june
august - october
august - july
november - june
november - october
november - december
september - july
september - november
september - october
september - august
march - july
march - april
march - february
november - may
october - november
october - november
october - may
february - october
february - may
september - october
september - may
december - september
december - november
january - october
january - may
january - february
march - september
march - february
march - may
august - september
august - march
august - may
april - august
april - march
april - may
june - august
june - march
june - may
july - june
july - october
july - september
july - august
december - may
november - december
november - december
november - may
february - november
february - may
april - november
april - may
april - february
july - may
july - december
july - november
august - july
august - december
august - november
march - july
march - april
march - february
october - july
october - november
october - august
september - july
september - november
september - october
september - august
january - august
january - april
january - march
january - february
june - july
june - march
june - may
december - february
july - december
july - december
july - february
january - july
january - february
may - july
may - february
june - may
june - december
june - july
november - june
november - december
november - july
august - june
august - november
august - july
september - july
september - november
september - august
october - july
october - november
october - september
march - august
march - may
march - february
april - july
april - march
april - june
april - may
january - february
october - january
october - february
december - february
december - october
september - october
september - february
july - september
july - february
april - september
april - february
april - july
june - july
june - february
june - april
november - july
november - october
november - december
march - july
march - april
march - february
may - july
may - march
may - june
may - april
august - june
august - october
august - september
august - july
march - may
august - march
august - may
november - may
november - august
february - august
february - may
february - march
april - may
april - march
july - may
july - november
july - august
october - may
october - august
october - november
december - july
december - october
december - november
june - july
june - april
june - may
september - july
september - november
september - october
september - august
january - july
january - april
january - march
january - february
december - august
november - december
november - december
november - august
february - november
february - august
may - november
may - august
may - february
july - august
july - may
october - august
october - december
october - november
april - august
april - may
april - february
june - august
june - may
june - july
september - july
september - november
september - october
september - august
january - august
january - may
january - april
january - february
march - july
march - april
march - february
january - august
september - january
september - august
june - august
june - january
april - august
april - june
april - january
december - june
december - september
july - august
july - april
july - june
march - july
march - april
march - january
october - july
october - september
october - december
may - july
may - april
may - june
february - july
february - april
february - march
february - january
november - june
november - september
november - december
november - october
july - november
october - july
october - november
october - july
march - october
march - july
june - october
june - july
june - march
august - july
august - november
august - october
april - august
april - june
april - march
january - july
january - april
january - march
december - july
december - october
december - november
may - july
may - april
may - june
september - july
september - november
september - october
september - august
february - july
february - april
february - march
february - january
march - april
september - march
september - april
november - april
november - september
october - september
october - november
june - september
june - april
december - september
december - november
may - september
may - april
may - june
july - september
july - may
july - june
february - july
february - may
february - april
february - march
january - july
january - april
january - march
january - february
august - june
august - october
august - september
august - july
october - march
february - october
february - october
february - march
september - march
september - october
january - september
january - march
january - february
august - march
august - october
august - september
may - august
may - february
may - march
december - may
december - september
december - october
june - august
june - march
june - may
april - june
april - march
april - may
november - june
november - october
november - december
july - june
july - october
july - september
july - august
january - june
august - january
august - june
february - june
february - january
april - june
april - february
may - april
may - august
may - june
march - may
march - february
march - april
july - april
july - june
july - august
november - may
november - july
november - august
september - may
september - august
september - november
october - june
october - september
october - november
december - june
december - september
december - november
february - may
april - february
april - may
april - february
january - april
january - february
september - april
september - may
august - april
august - september
august - may
march - may
march - february
march - april
november - april
november - august
november - september
december - may
december - september
december - november
june - may
june - november
june - september
june - august
october - june
october - november
october - september
july - june
july - october
july - september
july - august
november - march
december - november
june - december
june - november
june - march
february - november
february - june
february - march
july - june
july - december
july - november
january - july
january - march
january - february
april - june
april - february
april - march
may - june
may - march
may - april
august - may
august - november
august - july
september - june
september - november
september - august
october - june
october - september
october - december
october - november
march - may
october - march
october - may
june - may
june - october
july - june
july - october
september - june
september - october
september - july
december - july
december - october
february - july
february - may
february - march
january - july
january - may
january - march
january - february
november - june
november - october
november - december
august - july
august - november
august - october
august - september
april - july
april - march
april - june
april - may
february - august
december - february
december - august
july - august
july - february
april - august
april - july
april - february
september - july
september - december
september - august
january - august
january - april
january - february
november - july
november - september
november - december
october - august
october - november
october - september
may - august
may - april
may - july
march - august
march - april
march - february
june - july
june - march
june - may
january - august
september - january
september - august
february - august
february - january
december - august
december - september
june - august
june - february
october - august
october - december
october - september
april - august
april - february
april - june
november - august
november - october
november - december
march - august
march - april
march - february
july - august
july - march
july - june
may - july
may - march
may - june
may - april
february - october
may - february
may - october
may - february
september - may
september - october
july - september
july - may
april - july
april - may
april - february
june - july
june - april
june - may
december - june
december - september
december - october
january - july
january - may
january - april
january - february
november - june
november - october
november - december
august - july
august - november
august - october
august - september
march - july
march - april
march - february
october - may
february - october
february - october
february - may
june - may
june - october
november - june
november - october
september - june
september - november
september - october
april - september
april - may
april - february
december - june
december - october
december - november
january - september
january - may
january - april
january - february
july - june
july - november
july - october
july - september
august - july
august - november
august - october
august - september
march - july
march - april
march - february
february - april
july - february
july - april
september - april
september - july
may - july
may - april
december - may
december - september
january - july
january - april
january - february
august - may
august - september
august - july
june - july
june - april
june - may
november - june
november - september
november - december
october - july
october - november
october - september
march - july
march - april
march - february
november - october
april - november
april - november
april - october
july - october
july - april
march - october
march - july
march - april
june - july
june - april
may - july
may - april
may - june
september - june
september - october
september - july
february - july
february - may
february - april
february - march
january - june
january - april
january - march
january - february
december - june
december - october
december - november
august - june
august - october
august - september
august - july
march - february
august - march
september - august
april - september
april - august
april - march
october - april
october - september
may - august
may - march
may - april
june - may
june - september
june - august
july - june
july - september
july - august
january - june
january - april
january - march
january - february
november - june
november - september
november - october
december - june
december - september
december - november
april - may
march - april
july - march
july - april
july - may
september - may
september - july
august - may
august - september
august - july
december - july
december - september
january - july
january - april
january - march
june - july
june - april
june - may
october - june
october - september
october - december
february - july
february - april
february - march
february - january
november - june
november - september
november - december
november - october
july - may
december - july
january - december
january - july
january - may
october - july
october - december
march - july
march - may
march - january
june - july
june - march
june - may
august - june
august - october
august - july
april - july
april - may
april - march
february - june
february - april
february - march
february - january
september - june
september - october
september - august
november - june
november - september
november - december
november - october
april - october
september - april
september - october
september - april
january - september
january - april
february - september
february - april
february - january
march - april
march - february
july - april
july - october
july - september
june - april
june - september
june - july
november - june
november - september
november - october
may - june
may - march
may - april
august - june
august - october
august - september
august - july
december - june
december - september
december - november
september - april
july - september
july - september
july - april
december - july
december - september
june - september
june - july
june - april
february - july
february - june
february - april
may - july
may - april
may - june
november - june
november - september
november - december
august - july
august - november
august - september
january - july
january - may
january - april
january - february
march - july
march - april
march - february
october - june
october - september
october - december
october - november
april - july
january - april
february - january
february - april
february - january
november - april
november - july
august - april
august - november
august - july
march - july
march - february
march - april
september - april
september - august
september - november
june - july
june - march
june - april
may - june
may - march
may - april
december - june
december - september
december - november
october - june
october - september
october - december
october - november
november - december
march - november
october - march
october - november
october - march
july - november
july - october
july - march
june - october
june - july
june - march
september - october
september - june
september - july
april - september
april - june
april - march
january - september
january - june
january - april
january - march
may - july
may - april
may - june
august - july
august - november
august - october
august - september
february - july
february - april
february - march
february - january
march - october
august - march
august - october
august - march
june - august
june - march
may - august
may - june
may - march
december - june
december - october
february - august
february - may
february - march
april - june
april - march
april - may
july - june
july - october
july - august
september - june
september - october
september - august
november - july
november - october
november - december
january - july
january - april
january - march
january - february
july - november
december - july
december - november
october - november
october - july
may - november
may - october
may - july
june - october
june - july
june - may
april - october
april - june
april - may
february - july
february - may
february - april
september - july
september - november
september - october
march - july
march - may
march - april
march - february
january - july
january - april
january - march
january - february
august - june
august - october
august - september
august - july
may - july
april - may
december - april
december - may
december - july
september - july
september - december
november - july
november - december
november - september
march - september
march - may
march - april
february - july
february - april
february - march
august - july
august - november
august - september
january - july
january - april
january - march
january - february
october - july
october - november
october - september
june - july
june - march
june - may
august - december
april - august
september - april
september - august
september - december
march - september
march - august
march - april
june - august
june - april
november - august
november - december
november - september
october - august
october - november
october - september
july - september
july - june
july - august
may - august
may - june
may - april
january - august
january - may
january - april
january - march
february - july
february - april
february - march
february - january
september - april
august - september
august - september
august - april
march - august
march - april
may - august
may - april
june - may
june - september
june - august
july - june
july - september
july - august
january - june
january - april
january - march
december - june
december - august
december - september
february - june
february - april
february - march
february - january
october - june
october - september
october - december
november - june
november - september
november - december
november - october
june - april
september - june
march - september
march - june
march - april
january - june
january - april
january - march
may - april
may - september
may - june
august - may
august - september
august - june
july - may
july - august
july - june
december - june
december - august
december - september
october - june
october - september
october - december
february - july
february - april
february - march
february - january
november - june
november - september
november - december
november - october
april - july
june - april
june - july
june - april
january - june
january - april
november - june
november - july
december - june
december - november
may - july
may - april
may - june
september - june
september - november
september - july
march - july
march - may
march - april
march - january
february - june
february - april
february - march
february - january
october - june
october - november
october - september
august - june
august - october
august - september
august - july
february - january
june - february
september - june
august - september
august - june
august - september
march - june
march - february
october - june
october - september
may - june
may - february
may - march
april - june
april - march
april - may
november - may
november - september
november - october
july - june
july - october
july - september
july - august
december - june
december - september
december - november
march - may
september - march
september - may
november - may
november - september
july - september
july - may
june - july
june - may
february - july
february - may
february - march
october - june
october - september
october - november
december - july
december - october
december - november
january - july
january - may
january - march
january - february
august - july
august - november
august - october
august - september
april - july
april - march
april - june
april - may
march - june
july - march
july - june
september - june
september - july
november - july
november - september
may - july
may - june
may - march
august - july
august - november
august - september
april - july
april - may
april - march
february - july
february - may
february - april
february - march
december - june
december - september
december - november
january - july
january - april
january - march
january - february
october - june
october - september
october - december
october - november
november - december
may - november
july - may
july - november
july - may
august - november
august - july
october - august
october - december
october - november
march - october
march - july
march - may
april - august
april - may
april - march
june - august
june - may
june - july
february - july
february - may
february - april
february - march
september - july
september - november
september - october
september - august
january - july
january - april
january - march
january - february
july - february
august - july
may - august
may - july
may - february
september - july
september - august
april - july
april - may
april - february
january - july
january - april
january - february
november - may
november - august
november - september
march - july
march - april
march - february
december - may
december - september
december - november
october - july
october - november
october - september
june - july
june - march
june - may
february - august
january - february
october - january
october - february
october - august
june - august
june - february
december - june
december - october
november - august
november - december
november - october
may - august
may - february
may - june
july - august
july - may
july - june
march - july
march - may
march - february
april - july
april - march
april - june
april - may
september - june
september - october
september - august
august - september
june - august
march - june
january - march
april - january
april - june
april - march
july - june
july - september
july - august
december - june
december - august
december - september
november - july
november - september
november - december
may - july
may - april
may - june
february - july
february - april
february - march
february - january
october - june
october - september
october - december
october - november
march - october
august - march
august - october
august - march
february - august
february - march
april - august
april - march
may - april
may - october
may - august
september - may
september - october
september - august
june - may
june - september
june - august
july - june
july - september
july - august
november - june
november - september
november - october
december - july
december - october
december - november
january - july
january - april
january - march
january - february
august - july
february - august
february - august
february - july
november - july
november - august
may - august
may - july
may - february
april - july
april - may
april - february
march - july
march - april
march - february
october - may
october - august
october - november
september - july
september - october
september - august
december - july
december - october
december - november
january - august
january - april
january - march
january - february
june - july
june - march
june - may
march - july
april - march
april - july
april - march
september - april
september - july
october - july
october - september
december - july
december - october
january - september
january - april
january - march
june - july
june - march
june - april
february - july
february - april
february - march
february - january
august - june
august - october
august - september
august - july
november - july
november - october
november - december
may - july
may - march
may - june
may - april
june - august
december - june
december - august
march - august
march - june
january - august
january - june
january - march
july - june
july - december
july - august
may - july
may - march
may - june
february - june
february - march
february - january
september - june
september - august
september - december
october - june
october - september
october - december
april - july
april - march
april - june
april - may
november - june
november - september
november - december
november - october
june - july
december - june
december - july
august - july
august - december
november - august
november - december
april - august
april - july
april - june
october - august
october - december
october - november
march - august
march - june
march - april
january - august
january - june
january - april
january - march
september - july
september - november
september - october
september - august
february - august
february - april
february - march
february - january
may - july
may - march
may - june
may - april
january - march
july - january
july - march
september - march
september - july
december - july
december - september
june - july
june - march
april - july
april - march
april - june
august - june
august - september
august - july
november - july
november - september
november - december
february - july
february - april
february - march
february - january
may - july
may - march
may - june
may - april
october - june
october - september
october - december
october - november
july - april
october - july
august - october
august - july
august - october
december - august
december - october
june - august
june - july
june - april
march - august
march - june
march - april
may - july
may - april
may - june
february - july
february - may
february - april
february - march
january - june
january - april
january - march
january - february
november - june
november - october
november - december
september - june
september - october
september - august
april - august
january - april
june - january
june - april
june - august
october - june
october - august
march - june
march - april
march - january
november - june
november - october
may - june
may - march
may - april
december - june
december - october
december - november
july - june
july - november
july - october
july - august
february - july
february - april
february - march
february - january
september - june
september - october
september - august
january - june
march - january
march - june
march - january
december - march
december - june
august - june
august - december
may - june
may - march
november - june
november - december
november - august
september - june
september - november
september - august
april - august
april - may
april - march
july - june
july - november
july - september
july - august
february - july
february - april
february - march
february - january
october - june
october - september
october - december
october - november
november - july
february - november
february - november
february - july
august - july
august - november
june - august
june - july
june - february
april - july
april - june
april - february
december - july
december - november
october - july
october - november
october - august
may - august
may - june
may - april
january - july
january - may
january - april
january - february
september - july
september - november
september - october
september - august
march - july
march - april
march - february
february - march
january - february
april - january
april - february
april - march
december - march
december - april
july - march
july - december
july - april
june - april
june - december
june - july
november - april
november - july
november - december
august - june
august - november
august - july
september - june
september - november
september - august
may - july
may - march
may - june
may - april
october - june
october - september
october - december
october - november
october - november
april - october
january - april
july - january
july - october
july - april
may - july
may - april
september - july
september - november
september - october
december - july
december - october
december - november
february - september
february - may
february - april
february - january
august - july
august - november
august - october
august - september
june - august
june - april
june - july
june - may
march - july
march - april
march - february
november - december
january - november
may - january
may - november
may - january
september - november
september - may
october - september
october - december
october - november
june - october
june - may
june - september
july - september
july - may
july - june
march - september
march - june
march - may
march - january
february - july
february - may
february - march
february - january
august - july
august - november
august - october
august - september
april - july
april - march
april - june
april - may
september - august
may - september
may - september
may - august
march - august
march - may
december - august
december - september
april - august
april - may
april - march
january - august
january - april
january - march
february - may
february - march
february - january
october - may
october - september
october - december
june - may
june - october
june - september
june - august
november - june
november - october
november - december
july - june
july - october
july - september
july - august
november - january
september - november
september - november
september - january
february - september
february - january
june - september
june - february
december - june
december - november
march - september
march - february
march - june
october - june
october - november
october - september
august - september
august - march
august - june
april - august
april - march
april - june
july - august
july - march
july - june
may - july
may - march
may - june
may - april
june - march
october - june
may - october
may - june
may - march
august - june
august - october
december - june
december - october
april - august
april - may
april - march
november - june
november - october
november - december
september - august
september - november
september - october
january - august
january - may
january - april
january - march
february - august
february - april
february - march
february - january
july - june
july - october
july - september
july - august
july - january
february - july
february - july
february - january
september - february
september - july
august - july
august - september
october - july
october - september
december - august
december - october
march - august
march - february
march - july
may - august
may - march
may - july
november - july
november - october
november - december
april - august
april - march
april - july
april - may
june - july
june - march
june - may
february - july
october - february
october - july
march - july
march - february
november - july
november - october
september - july
september - november
september - october
august - september
august - march
august - july
january - august
january - march
january - february
april - august
april - march
april - july
june - july
june - march
june - april
may - july
may - march
may - june
may - april
december - june
december - september
december - november
october - july
august - october
august - october
august - july
november - august
november - october
september - october
september - august
march - september
march - august
march - july
february - september
february - july
february - march
june - august
june - march
june - july
april - august
april - june
april - march
may - july
may - april
may - june
december - july
december - october
december - november
january - july
january - april
january - march
january - february
august - september
february - august
december - february
december - august
december - september
june - september
june - august
june - february
april - august
april - june
april - february
may - august
may - april
may - june
january - june
january - april
january - february
march - june
march - april
march - february
october - may
october - september
october - december
july - june
july - october
july - september
july - august
november - june
november - september
november - december
november - october
february - august
november - february
november - august
september - august
september - november
may - september
may - august
may - february
january - august
january - may
january - february
june - august
june - february
june - may
july - june
july - september
july - august
april - july
april - may
april - february
october - june
october - september
october - november
december - july
december - october
december - november
march - july
march - april
march - february
june - october
november - june
november - october
august - october
august - june
march - october
march - august
march - june
september - august
september - november
september - october
december - september
december - november
january - september
january - june
january - march
february - september
february - june
february - march
february - january
may - august
may - march
may - june
april - august
april - march
april - june
april - may
july - june
july - october
july - september
july - august
february - november
january - february
september - january
september - february
september - november
december - september
december - november
july - september
july - february
august - september
august - february
august - july
april - august
april - february
april - july
may - august
may - april
may - july
june - july
june - april
june - may
october - july
october - november
october - september
march - july
march - april
march - february
march - may
november - march
november - may
april - may
april - march
december - may
december - november
september - may
september - december
september - november
january - september
january - april
january - march
october - may
october - november
october - september
august - september
august - april
august - may
june - august
june - april
june - may
july - august
july - april
july - june
february - july
february - april
february - march
february - january
august - june
december - august
february - december
february - august
february - june
october - august
october - december
april - august
april - june
april - february
july - august
july - april
july - june
november - july
november - october
november - december
september - august
september - november
september - october
january - august
january - june
january - april
january - february
may - august
may - april
may - july
may - june
march - july
march - april
march - february
january - march
april - january
april - march
june - march
june - april
november - april
november - june
september - april
september - november
september - june
december - june
december - november
august - june
august - november
august - september
october - august
october - november
october - september
may - august
may - april
may - june
february - august
february - april
february - march
february - january
july - june
july - october
july - september
july - august
september - april
december - september
february - december
february - september
february - april
august - september
august - april
march - august
march - april
march - february
july - august
july - march
july - april
january - july
january - march
january - february
may - july
may - march
may - april
november - may
november - september
november - december
october - july
october - november
october - september
june - july
june - march
june - may
april - august
march - april
september - march
september - april
september - august
november - august
november - september
january - august
january - april
january - march
may - august
may - march
may - april
december - may
december - september
december - november
july - august
july - april
july - may
february - july
february - april
february - march
february - january
october - july
october - november
october - september
june - july
june - march
june - may
march - september
october - march
october - september
february - september
february - march
november - september
november - october
january - september
january - march
january - february
july - september
july - february
july - march
december - july
december - october
december - november
may - september
may - march
may - july
june - july
june - march
june - may
august - july
august - november
august - october
august - september
april - july
april - march
april - june
april - may
dec - mar
feb - dec
feb - dec
feb - mar
jan - mar
jan - feb
jul - mar
jul - dec
jun - mar
jun - dec
jun - jul
apr - jun
apr - feb
apr - mar
oct - apr
oct - jul
oct - dec
sep - jun
sep - oct
sep - jul
may - jun
may - mar
may - apr
aug - jun
aug - oct
aug - sep
aug - jul
nov - jun
nov - sep
nov - dec
nov - oct
apr - feb
aug - apr
jan - aug
jan - apr
jan - feb
dec - apr
dec - aug
jul - apr
jul - dec
jul - aug
oct - jul
oct - dec
oct - aug
may - jul
may - feb
may - apr
sep - jul
sep - oct
sep - aug
mar - jul
mar - apr
mar - feb
jun - jul
jun - mar
jun - may
nov - jun
nov - sep
nov - dec
nov - oct
sep - apr
jul - sep
jul - sep
jul - apr
feb - jul
feb - apr
oct - jul
oct - sep
jun - jul
jun - apr
may - jul
may - apr
may - jun
dec - jun
dec - sep
dec - oct
aug - jul
aug - oct
aug - sep
jan - jul
jan - may
jan - apr
jan - feb
mar - jul
mar - apr
mar - feb
nov - jun
nov - sep
nov - dec
nov - oct
dec - may
jan - dec
jan - dec
jan - may
apr - may
apr - jan
mar - may
mar - apr
mar - jan
oct - apr
oct - dec
oct - may
jul - may
jul - dec
jul - oct
sep - may
sep - oct
sep - jul
aug - jul
aug - oct
aug - sep
feb - jul
feb - apr
feb - mar
feb - jan
jun - jul
jun - mar
jun - may
nov - jun
nov - sep
nov - dec
nov - oct
jun - apr
jul - jun
aug - jul
dec - aug
nov - dec
nov - jul
nov - dec
nov - aug
sep - aug
sep - dec
sep - nov
mar - aug
mar - jun
mar - apr
may - aug
may - jun
may - apr
jan - jul
jan - may
jan - apr
jan - mar
feb - jul
feb - apr
feb - mar
feb - jan
oct - jun
oct - sep
oct - dec
oct - nov
dec - aug
nov - dec
nov - dec
nov - aug
oct - nov
oct - aug
may - nov
may - oct
may - aug
jan - oct
jan - aug
jan - may
sep - oct
sep - may
sep - aug
apr - sep
apr - may
apr - jan
jun - sep
jun - may
jun - aug
jul - aug
jul - may
jul - jun
feb - aug
feb - may
feb - apr
feb - jan
mar - jul
mar - apr
mar - feb
aug - jul
sep - aug
dec - sep
jun - dec
jun - sep
jun - aug
jun - jul
feb - aug
feb - jul
feb - jun
jan - aug
jan - jun
jan - feb
oct - jul
oct - sep
oct - dec
apr - aug
apr - jun
apr - feb
nov - jul
nov - oct
nov - dec
may - aug
may - apr
may - jul
may - jun
mar - jul
mar - apr
mar - feb
jul - sep
oct - jul
oct - sep
jun - sep
jun - jul
mar - sep
mar - jul
mar - jun
jan - jul
jan - jun
jan - mar
dec - jul
dec - oct
aug - jul
aug - oct
aug - sep
may - aug
may - jun
may - mar
nov - jul
nov - oct
nov - dec
apr - aug
apr - may
apr - mar
feb - jul
feb - apr
feb - mar
feb - jan
apr - may
dec - apr
dec - may
jun - may
jun - dec
jan - jun
jan - may
jan - apr
mar - may
mar - apr
mar - jan
sep - may
sep - dec
sep - jun
feb - may
feb - mar
feb - jan
nov - may
nov - sep
nov - dec
aug - may
aug - nov
aug - sep
aug - jun
jul - jun
jul - nov
jul - sep
jul - aug
oct - jun
oct - sep
oct - dec
oct - nov
jul - dec
jan - jul
nov - jan
nov - jul
nov - dec
jun - nov
jun - jul
jun - jan
feb - jul
feb - jun
feb - jan
sep - jul
sep - dec
sep - nov
mar - jul
mar - feb
mar - jun
may - jul
may - mar
may - jun
apr - jun
apr - mar
apr - may
oct - jun
oct - nov
oct - sep
aug - jun
aug - oct
aug - sep
aug - jul
feb - jun
aug - feb
aug - jun
nov - jun
nov - aug
dec - aug
dec - nov
jan - aug
jan - jun
jan - feb
apr - aug
apr - feb
apr - jun
jul - jun
jul - nov
jul - aug
sep - jul
sep - nov
sep - aug
mar - jul
mar - apr
mar - feb
may - jul
may - mar
may - jun
may - apr
oct - jun
oct - sep
oct - dec
oct - nov
jun - jan
sep - jun
may - sep
may - jun
may - jan
feb - jun
feb - may
feb - jan
aug - may
aug - sep
aug - jun
nov - jun
nov - sep
oct - jun
oct - sep
oct - nov
dec - aug
dec - oct
dec - nov
mar - aug
mar - may
mar - feb
apr - aug
apr - mar
apr - jun
apr - may
jul - jun
jul - oct
jul - sep
jul - aug
sep - jul
apr - sep
apr - sep
apr - jul
oct - jul
oct - sep
jan - sep
jan - jul
jan - apr
feb - jul
feb - apr
feb - jan
mar - jul
mar - feb
mar - apr
nov - apr
nov - sep
nov - oct
dec - jul
dec - oct
dec - nov
may - jul
may - mar
may - apr
jun - jul
jun - mar
jun - may
aug - jun
aug - oct
aug - sep
aug - jul
sep - apr
nov - sep
feb - nov
feb - sep
feb - apr
aug - sep
aug - apr
jan - aug
jan - apr
jan - feb
dec - aug
dec - nov
mar - aug
mar - feb
mar - apr
oct - aug
oct - nov
oct - sep
jun - aug
jun - mar
jun - apr
may - aug
may - mar
may - jun
may - apr
jul - jun
jul - oct
jul - sep
jul - aug
jul - may
dec - jul
jan - dec
jan - jul
jan - may
nov - jul
nov - dec
oct - jul
oct - dec
oct - nov
sep - oct
sep - may
sep - jul
feb - sep
feb - may
feb - jan
apr - sep
apr - may
apr - feb
aug - jul
aug - nov
aug - oct
aug - sep
jun - aug
jun - apr
jun - jul
jun - may
mar - jul
mar - apr
mar - feb
dec - sep
apr - dec
apr - dec
apr - sep
oct - sep
oct - dec
jun - oct
jun - sep
jun - apr
jul - sep
jul - jun
nov - sep
nov - dec
nov - oct
jan - sep
jan - jun
jan - apr
feb - sep
feb - jun
feb - apr
feb - jan
aug - jul
aug - nov
aug - oct
aug - sep
mar - aug
mar - apr
mar - feb
may - jul
may - mar
may - jun
may - apr
may - jun
jan - may
oct - jan
oct - may
oct - jun
feb - jun
feb - may
feb - jan
apr - may
apr - feb
mar - may
mar - feb
mar - apr
jul - apr
jul - jun
jul - oct
nov - may
nov - jul
nov - oct
sep - may
sep - oct
sep - jul
aug - jun
aug - oct
aug - sep
aug - jul
dec - jun
dec - sep
dec - nov
mar - aug
jan - mar
feb - jan
feb - mar
feb - jan
apr - mar
apr - aug
oct - mar
oct - aug
jul - apr
jul - oct
jul - aug
sep - apr
sep - aug
sep - oct
jun - jul
jun - mar
jun - apr
may - jun
may - mar
may - apr
dec - jun
dec - sep
dec - oct
nov - jun
nov - sep
nov - dec
nov - oct
nov - oct
aug - nov
aug - nov
aug - oct
may - oct
may - aug
jun - oct
jun - aug
jun - may
feb - aug
feb - jun
feb - may
mar - aug
mar - may
mar - feb
sep - jun
sep - oct
sep - aug
jul - aug
jul - may
jul - jun
apr - jul
apr - may
apr - mar
jan - jul
jan - apr
jan - mar
jan - feb
dec - jun
dec - sep
dec - nov
jan - oct
feb - jan
feb - oct
feb - jan
sep - feb
sep - oct
may - sep
may - feb
jul - may
jul - oct
jul - sep
nov - jul
nov - oct
aug - jul
aug - oct
aug - sep
jun - aug
jun - may
jun - jul
dec - jul
dec - oct
dec - nov
mar - aug
mar - may
mar - feb
apr - jul
apr - mar
apr - jun
apr - may
aug - jul
jun - aug
jun - aug
jun - jul
dec - jul
dec - aug
apr - aug
apr - jul
apr - jun
jan - jul
jan - jun
jan - apr
mar - jul
mar - apr
mar - jan
nov - jun
nov - aug
nov - dec
sep - jul
sep - nov
sep - aug
feb - jul
feb - apr
feb - mar
feb - jan
oct - jul
oct - nov
oct - sep
may - jul
may - mar
may - jun
may - apr
apr - feb
dec - apr
may - dec
may - apr
may - dec
nov - may
nov - dec
jul - may
jul - dec
jul - nov
oct - jul
oct - dec
oct - nov
mar - jul
mar - apr
mar - feb
jun - jul
jun - apr
jun - may
jan - jun
jan - apr
jan - mar
jan - feb
sep - jun
sep - nov
sep - oct
sep - jul
aug - jun
aug - oct
aug - sep
aug - jul
dec - nov
jul - dec
jul - dec
jul - nov
sep - nov
sep - jul
jan - nov
jan - sep
jan - jul
may - sep
may - jul
may - jan
aug - sep
aug - may
aug - jul
mar - aug
mar - may
mar - jan
apr - aug
apr - may
apr - mar
jun - jul
jun - apr
jun - may
oct - jul
oct - nov
oct - sep
feb - jul
feb - apr
feb - mar
feb - jan
jan - nov
jun - jan
jun - nov
jun - jan
feb - jun
feb - jan
dec - jun
dec - nov
oct - jun
oct - dec
oct - nov
apr - oct
apr - feb
apr - jun
sep - jun
sep - nov
sep - oct
may - sep
may - apr
may - jun
mar - jun
mar - apr
mar - feb
aug - jun
aug - nov
aug - oct
aug - sep
jul - jun
jul - oct
jul - sep
jul - aug
jul - dec
nov - jul
nov - dec
nov - jul
aug - nov
aug - jul
apr - nov
apr - aug
apr - jul
jun - aug
jun - jul
jun - apr
jan - aug
jan - jun
jan - apr
sep - jul
sep - nov
sep - aug
feb - aug
feb - jun
feb - apr
feb - jan
oct - jul
oct - nov
oct - sep
may - aug
may - apr
may - jul
may - jun
mar - jul
mar - apr
mar - feb
dec - jun
aug - dec
aug - dec
aug - jun
may - aug
may - jun
apr - aug
apr - jun
apr - may
nov - jun
nov - dec
nov - aug
sep - aug
sep - dec
sep - nov
jan - aug
jan - may
jan - apr
feb - aug
feb - may
feb - apr
feb - jan
jul - jun
jul - nov
jul - sep
jul - aug
oct - jul
oct - nov
oct - sep
mar - jul
mar - apr
mar - feb
aug - apr
mar - aug
mar - aug
mar - apr
jan - apr
jan - mar
oct - apr
oct - aug
jun - apr
jun - oct
jun - aug
may - jun
may - mar
may - apr
sep - may
sep - aug
sep - oct
jul - jun
jul - sep
jul - aug
dec - jun
dec - sep
dec - oct
nov - jul
nov - oct
nov - dec
feb - jul
feb - apr
feb - mar
feb - jan
mar - jun
feb - mar
dec - feb
dec - mar
dec - jun
apr - jun
apr - mar
sep - apr
sep - dec
sep - jun
jul - jun
jul - dec
jul - sep
may - jun
may - mar
may - apr
aug - jun
aug - sep
aug - jul
oct - jun
oct - sep
oct - dec
nov - jul
nov - oct
nov - dec
jan - jul
jan - apr
jan - mar
jan - feb
sep - jul
jun - sep
jun - sep
jun - jul
oct - jul
oct - sep
mar - sep
mar - jul
mar - jun
may - jul
may - jun
may - mar
nov - jul
nov - oct
apr - jul
apr - may
apr - mar
aug - jul
aug - oct
aug - sep
feb - jul
feb - may
feb - apr
feb - mar
jan - jul
jan - apr
jan - mar
jan - feb
dec - jun
dec - sep
dec - nov
feb - apr
mar - feb
mar - apr
mar - feb
may - mar
may - apr
oct - apr
oct - may
jan - apr
jan - mar
jan - feb
nov - apr
nov - oct
jul - apr
jul - oct
jul - may
aug - may
aug - oct
aug - jul
jun - may
jun - oct
jun - aug
jun - jul
dec - jun
dec - oct
dec - nov
sep - jun
sep - oct
sep - aug
sep - nov
dec - sep
dec - nov
apr - nov
apr - sep
may - nov
may - sep
may - apr
jul - sep
jul - may
mar - sep
mar - may
mar - apr
aug - jul
aug - nov
aug - sep
jan - aug
jan - may
jan - apr
jan - mar
jun - jul
jun - apr
jun - may
feb - jul
feb - apr
feb - mar
feb - jan
oct - jun
oct - sep
oct - dec
oct - nov
mar - jun
apr - mar
apr - jun
apr - mar
aug - apr
aug - jun
sep - jun
sep - aug
feb - jun
feb - apr
feb - mar
dec - jun
dec - sep
nov - jun
nov - sep
nov - dec
jan - aug
jan - apr
jan - mar
jan - feb
oct - jun
oct - nov
oct - sep
jul - aug
jul - mar
jul - jun
may - jul
may - mar
may - jun
may - apr
dec - mar
aug - dec
aug - dec
aug - mar
may - aug
may - mar
oct - aug
oct - dec
jul - aug
jul - may
apr - aug
apr - may
apr - mar
nov - jul
nov - oct
nov - dec
jan - aug
jan - may
jan - apr
jan - mar
feb - jul
feb - apr
feb - mar
feb - jan
sep - jul
sep - nov
sep - oct
sep - aug
jun - jul
jun - mar
jun - may
feb - sep
nov - feb
nov - sep
apr - sep
apr - feb
may - sep
may - apr
oct - may
oct - nov
oct - sep
jan - sep
jan - apr
jan - feb
mar - may
mar - feb
mar - apr
jun - may
jun - oct
jun - sep
aug - may
aug - oct
aug - sep
aug - jun
jul - jun
jul - oct
jul - sep
jul - aug
dec - jun
dec - sep
dec - nov
jun - may
sep - jun
aug - sep
aug - jun
aug - sep
feb - aug
feb - jun
feb - may
mar - jun
mar - may
mar - feb
apr - jun
apr - mar
apr - may
jan - may
jan - mar
jan - feb
nov - may
nov - aug
nov - sep
oct - may
oct - sep
oct - nov
dec - jun
dec - oct
dec - nov
jul - jun
jul - oct
jul - sep
jul - aug
oct - sep
apr - oct
apr - oct
apr - sep
may - sep
may - apr
aug - sep
aug - may
mar - aug
mar - may
mar - apr
jul - aug
jul - apr
jul - may
dec - jul
dec - sep
dec - oct
feb - aug
feb - may
feb - apr
feb - mar
jun - jul
jun - apr
jun - may
jan - jul
jan - apr
jan - mar
jan - feb
nov - jun
nov - sep
nov - dec
nov - oct
may - jan
mar - may
mar - may
mar - jan
sep - mar
sep - may
nov - may
nov - sep
apr - may
apr - mar
oct - may
oct - nov
oct - sep
feb - may
feb - mar
feb - jan
jul - may
jul - oct
jul - sep
dec - may
dec - oct
dec - nov
jun - jul
jun - mar
jun - may
aug - jun
aug - oct
aug - sep
aug - jul
jan - dec
may - jan
may - dec
may - jan
jul - may
jul - dec
apr - jul
apr - may
apr - jan
nov - may
nov - dec
nov - jul
sep - jul
sep - dec
sep - nov
mar - jul
mar - apr
mar - jan
aug - jul
aug - nov
aug - sep
jun - jul
jun - apr
jun - may
oct - jul
oct - nov
oct - sep
feb - jul
feb - apr
feb - mar
feb - jan
sep - oct
aug - sep
nov - aug
nov - sep
nov - oct
may - oct
may - sep
may - aug
apr - sep
apr - aug
apr - may
feb - sep
feb - may
feb - apr
mar - aug
mar - apr
mar - feb
dec - aug
dec - oct
dec - nov
jun - aug
jun - apr
jun - may
jul - aug
jul - apr
jul - jun
jan - jul
jan - apr
jan - mar
jan - feb
mar - oct
dec - mar
dec - oct
jul - oct
jul - mar
jan - oct
jan - jul
jan - mar
sep - jul
sep - dec
sep - oct
feb - sep
feb - mar
feb - jan
apr - jul
apr - feb
apr - mar
may - jul
may - mar
may - apr
jun - may
jun - oct
jun - sep
jun - jul
nov - jun
nov - oct
nov - dec
aug - jun
aug - oct
aug - sep
aug - jul
apr - jan
oct - apr
dec - oct
mar - dec
mar - oct
mar - apr
mar - jan
may - apr
may - dec
may - oct
feb - may
feb - mar
feb - jan
nov - apr
nov - oct
nov - dec
jun - may
jun - nov
jun - oct
jul - may
jul - nov
jul - oct
jul - jun
sep - jun
sep - nov
sep - oct
sep - jul
aug - jun
aug - oct
aug - sep
aug - jul
jun - dec
mar - jun
feb - mar
may - feb
may - jun
may - mar
aug - may
aug - dec
aug - jun
oct - jun
oct - dec
oct - aug
apr - jun
apr - mar
apr - may
nov - jun
nov - oct
nov - dec
jul - jun
jul - nov
jul - oct
jul - aug
sep - jul
sep - nov
sep - oct
sep - aug
jan - jul
jan - apr
jan - mar
jan - feb
nov - may
jan - nov
jan - nov
jan - may
aug - may
aug - nov
mar - aug
mar - may
mar - jan
sep - may
sep - nov
sep - aug
jun - aug
jun - mar
jun - may
jul - jun
jul - sep
jul - aug
feb - jul
feb - may
feb - mar
feb - jan
oct - jun
oct - sep
oct - nov
apr - jul
apr - mar
apr - jun
apr - may
dec - jun
dec - sep
dec - nov
feb - aug
jun - feb
jun - aug
jun - feb
jan - jun
jan - feb
nov - jun
nov - aug
jul - jun
jul - nov
jul - aug
apr - jul
apr - feb
apr - jun
dec - jun
dec - aug
dec - nov
may - jul
may - apr
may - jun
mar - jun
mar - apr
mar - feb
sep - jun
sep - nov
sep - aug
oct - jun
oct - sep
oct - dec
oct - nov
oct - jun
dec - oct
jul - dec
jul - oct
jul - jun
aug - oct
aug - jul
apr - aug
apr - jul
apr - jun
feb - aug
feb - jun
feb - apr
sep - jul
sep - oct
sep - aug
mar - aug
mar - jun
mar - apr
mar - feb
jan - jul
jan - apr
jan - mar
jan - feb
nov - jul
nov - oct
nov - dec
may - jul
may - mar
may - jun
may - apr
jun - nov
feb - jun
jan - feb
jul - jan
jul - jun
jul - nov
may - jun
may - feb
mar - jun
mar - feb
mar - may
oct - may
oct - jul
oct - nov
sep - jun
sep - oct
sep - jul
aug - jun
aug - oct
aug - sep
aug - jul
dec - jul
dec - oct
dec - nov
apr - jul
apr - mar
apr - jun
apr - may
jan - aug
mar - jan
mar - aug
mar - jan
dec - mar
dec - aug
may - aug
may - mar
jun - may
jun - dec
jun - aug
oct - jun
oct - dec
oct - aug
feb - jun
feb - mar
feb - jan
apr - jun
apr - mar
apr - may
jul - may
jul - oct
jul - aug
jul - jun
nov - jun
nov - oct
nov - dec
sep - jun
sep - oct
sep - aug
dec - aug
sep - dec
sep - dec
sep - aug
apr - sep
apr - aug
feb - sep
feb - aug
feb - apr
jun - aug
jun - apr
mar - aug
mar - apr
mar - feb
oct - jun
oct - sep
oct - dec
nov - aug
nov - oct
nov - dec
jul - aug
jul - apr
jul - jun
may - aug
may - apr
may - jul
may - jun
jan - jul
jan - apr
jan - mar
jan - feb
may - jul
sep - may
sep - jul
jun - jul
jun - may
oct - jul
oct - sep
feb - jul
feb - jun
feb - may
dec - jul
dec - oct
aug - jul
aug - oct
aug - sep
mar - aug
mar - jun
mar - may
mar - feb
apr - jul
apr - may
apr - mar
nov - jul
nov - oct
nov - dec
jan - jul
jan - apr
jan - mar
jan - feb
apr - jan
nov - apr
jul - nov
jul - apr
jul - nov
dec - jul
dec - nov
oct - jul
oct - dec
oct - nov
aug - oct
aug - apr
aug - jul
may - aug
may - apr
may - jul
sep - aug
sep - nov
sep - oct
feb - aug
feb - may
feb - apr
feb - jan
jun - aug
jun - apr
jun - jul
jun - may
mar - jul
mar - apr
mar - feb
may - mar
apr - may
apr - may
apr - mar
jul - apr
jul - may
oct - may
oct - jul
nov - may
nov - oct
jun - jul
jun - apr
jun - may
jan - jun
jan - apr
jan - mar
aug - jun
aug - oct
aug - jul
dec - jun
dec - oct
dec - nov
sep - jul
sep - nov
sep - oct
sep - aug
feb - jul
feb - apr
feb - mar
feb - jan
feb - jul
nov - feb
nov - jul
sep - jul
sep - nov
may - sep
may - jul
may - feb
apr - jul
apr - may
apr - feb
aug - jul
aug - nov
aug - sep
dec - jul
dec - sep
dec - nov
jun - aug
jun - may
jun - jul
mar - jul
mar - may
mar - apr
mar - feb
jan - jul
jan - apr
jan - mar
jan - feb
oct - jun
oct - sep
oct - dec
oct - nov
nov - may
sep - nov
sep - nov
sep - may
mar - sep
mar - may
dec - sep
dec - nov
jun - sep
jun - may
aug - sep
aug - may
aug - jun
jan - aug
jan - may
jan - mar
jul - aug
jul - may
jul - jun
oct - jul
oct - nov
oct - sep
apr - aug
apr - may
apr - mar
feb - jul
feb - apr
feb - mar
feb - jan
nov - apr
jan - nov
jan - nov
jan - apr
sep - apr
sep - nov
feb - sep
feb - apr
feb - jan
aug - apr
aug - nov
aug - sep
oct - aug
oct - nov
oct - sep
dec - aug
dec - oct
dec - nov
jul - sep
jul - apr
jul - aug
mar - aug
mar - apr
mar - feb
may - aug
may - mar
may - jul
may - apr
jun - jul
jun - mar
jun - may
sep - nov
dec - sep
dec - nov
apr - nov
apr - sep
feb - nov
feb - sep
feb - apr
may - sep
may - apr
jan - sep
jan - apr
jan - feb
mar - may
mar - feb
mar - apr
aug - may
aug - nov
aug - sep
oct - may
oct - nov
oct - sep
jul - aug
jul - mar
jul - may
jun - jul
jun - mar
jun - may
mar - jul
jan - mar
apr - jan
apr - mar
apr - jul
dec - apr
dec - jul
sep - apr
sep - dec
sep - jul
nov - jul
nov - dec
nov - sep
feb - jul
feb - mar
feb - jan
may - jul
may - mar
may - apr
oct - may
oct - nov
oct - sep
aug - jul
aug - nov
aug - oct
aug - sep
jun - jul
jun - mar
jun - may
apr - mar
nov - apr
jan - nov
jan - apr
jan - mar
dec - apr
dec - nov
jul - apr
jul - dec
jul - nov
sep - jul
sep - dec
sep - nov
aug - jul
aug - nov
aug - sep
jun - aug
jun - apr
jun - jul
may - jul
may - apr
may - jun
oct - jul
oct - nov
oct - sep
feb - jul
feb - apr
feb - mar
feb - jan
oct - apr
jul - oct
jul - oct
jul - apr
dec - jul
dec - oct
mar - oct
mar - jul
mar - apr
nov - jul
nov - dec
nov - oct
jun - oct
jun - apr
jun - jul
feb - jul
feb - apr
feb - mar
may - jul
may - apr
may - jun
jan - jun
jan - apr
jan - mar
jan - feb
sep - jun
sep - nov
sep - oct
sep - jul
aug - jun
aug - oct
aug - sep
aug - jul
dec - oct
may - dec
may - dec
may - oct
sep - oct
sep - may
mar - oct
mar - sep
mar - may
nov - sep
nov - dec
nov - oct
jul - oct
jul - may
jul - sep
aug - sep
aug - may
aug - jul
jan - sep
jan - jul
jan - may
jan - mar
jun - aug
jun - may
jun - jul
apr - aug
apr - may
apr - mar
feb - jul
feb - apr
feb - mar
feb - jan
dec - mar
jan - dec
jan - dec
jan - mar
feb - mar
feb - jan
jun - mar
jun - dec
nov - mar
nov - dec
nov - jun
oct - jun
oct - dec
oct - nov
may - jun
may - feb
may - mar
jul - jun
jul - nov
jul - oct
sep - jun
sep - nov
sep - oct
sep - jul
apr - jul
apr - mar
apr - jun
apr - may
aug - jun
aug - oct
aug - sep
aug - jul
apr - nov
jun - apr
jun - nov
jun - apr
mar - jun
mar - apr
may - jun
may - apr
jan - may
jan - apr
jan - mar
jul - may
jul - nov
jul - jun
oct - may
oct - jul
oct - nov
feb - jun
feb - apr
feb - mar
feb - jan
dec - may
dec - oct
dec - nov
aug - jun
aug - nov
aug - oct
aug - jul
sep - jun
sep - oct
sep - aug
dec - oct
feb - dec
feb - dec
feb - oct
jun - oct
jun - feb
mar - oct
mar - jun
mar - feb
jan - jun
jan - mar
jan - feb
aug - jun
aug - dec
aug - oct
may - jun
may - feb
may - mar
apr - jun
apr - mar
apr - may
sep - may
sep - oct
sep - aug
nov - jun
nov - oct
nov - dec
jul - jun
jul - oct
jul - sep
jul - aug
jun - feb
oct - jun
aug - oct
aug - jun
aug - oct
jul - aug
jul - jun
sep - jul
sep - oct
sep - aug
may - aug
may - jun
may - feb
nov - jul
nov - sep
nov - oct
dec - aug
dec - oct
dec - nov
mar - aug
mar - jun
mar - may
mar - feb
apr - aug
apr - may
apr - mar
jan - jul
jan - apr
jan - mar
jan - feb
aug - jul
apr - aug
apr - aug
apr - jul
may - jul
may - apr
jan - jul
jan - may
jan - apr
oct - may
oct - aug
dec - jul
dec - oct
sep - jul
sep - oct
sep - aug
feb - aug
feb - may
feb - apr
feb - jan
mar - jul
mar - apr
mar - feb
jun - jul
jun - mar
jun - may
nov - jun
nov - sep
nov - dec
nov - oct
may - aug
dec - may
dec - aug
nov - aug
nov - dec
jun - nov
jun - aug
jun - may
jan - aug
jan - jun
jan - may
sep - aug
sep - dec
sep - nov
apr - aug
apr - may
apr - jan
oct - aug
oct - nov
oct - sep
feb - aug
feb - may
feb - apr
feb - jan
jul - aug
jul - apr
jul - jun
mar - jul
mar - apr
mar - feb
sep - nov
dec - sep
dec - nov
apr - nov
apr - sep
jul - nov
jul - sep
jul - apr
jun - sep
jun - jul
jun - apr
oct - sep
oct - dec
oct - nov
may - sep
may - jun
may - apr
feb - sep
feb - jun
feb - may
feb - apr
mar - jul
mar - may
mar - apr
mar - feb
aug - jul
aug - nov
aug - oct
aug - sep
jan - jul
jan - apr
jan - mar
jan - feb
jul - dec
jan - jul
may - jan
may - jul
may - jan
nov - jul
nov - dec
jun - jul
jun - may
aug - jul
aug - dec
aug - nov
apr - jul
apr - may
apr - jan
sep - jul
sep - nov
sep - aug
oct - jul
oct - nov
oct - sep
mar - aug
mar - may
mar - apr
mar - jan
feb - jul
feb - apr
feb - mar
feb - jan
oct - may
mar - oct
mar - oct
mar - may
dec - may
dec - oct
aug - oct
aug - may
jul - aug
jul - may
sep - aug
sep - dec
sep - oct
feb - aug
feb - may
feb - mar
nov - aug
nov - oct
nov - dec
jan - aug
jan - may
jan - mar
jan - feb
apr - aug
apr - mar
apr - jul
apr - may
jun - jul
jun - mar
jun - may
jun - may
aug - jun
jan - aug
jan - jun
jan - may
apr - jun
apr - may
apr - jan
jul - may
jul - aug
jul - jun
dec - jun
dec - aug
sep - jun
sep - aug
sep - dec
nov - jul
nov - sep
nov - dec
feb - jul
feb - may
feb - apr
feb - jan
oct - jul
oct - nov
oct - sep
mar - jul
mar - apr
mar - feb
dec - jan
feb - dec
feb - dec
feb - jan
nov - feb
nov - dec
jun - nov
jun - feb
apr - jun
apr - feb
aug - jun
aug - dec
aug - nov
sep - jun
sep - nov
sep - aug
mar - aug
mar - apr
mar - feb
oct - jun
oct - nov
oct - sep
jul - aug
jul - mar
jul - jun
may - jul
may - mar
may - jun
may - apr
jan - dec
apr - jan
apr - dec
apr - jan
mar - apr
mar - jan
jul - apr
jul - dec
sep - apr
sep - dec
sep - jul
nov - jul
nov - dec
nov - sep
oct - jul
oct - nov
oct - sep
jun - sep
jun - apr
jun - jul
feb - jul
feb - apr
feb - mar
feb - jan
aug - jul
aug - nov
aug - oct
aug - sep
may - jul
may - mar
may - jun
may - apr
oct - apr
aug - oct
aug - oct
aug - apr
feb - aug
feb - apr
jul - aug
jul - apr
sep - jul
sep - oct
sep - aug
dec - aug
dec - oct
nov - aug
nov - oct
nov - dec
may - sep
may - jul
may - apr
jun - aug
jun - may
jun - jul
jan - aug
jan - may
jan - apr
jan - feb
mar - jul
mar - apr
mar - feb
mar - sep
nov - mar
nov - sep
jun - sep
jun - mar
may - sep
may - jun
may - mar
oct - jun
oct - nov
oct - sep
jul - sep
jul - may
jul - jun
jan - jul
jan - may
jan - mar
feb - jul
feb - may
feb - mar
feb - jan
apr - jun
apr - mar
apr - may
aug - jun
aug - oct
aug - sep
aug - jul
dec - jun
dec - sep
dec - nov
oct - jan
dec - oct
apr - dec
apr - oct
apr - jan
jun - oct
jun - apr
mar - jun
mar - apr
mar - jan
aug - jun
aug - dec
aug - oct
nov - jun
nov - oct
nov - dec
feb - aug
feb - apr
feb - mar
feb - jan
jul - jun
jul - nov
jul - oct
jul - aug
sep - jul
sep - nov
sep - oct
sep - aug
may - jul
may - mar
may - jun
may - apr
mar - jan
nov - mar
dec - nov
sep - dec
sep - nov
sep - mar
may - sep
may - mar
feb - sep
feb - mar
feb - jan
jul - may
jul - nov
jul - sep
oct - jul
oct - nov
oct - sep
jun - jul
jun - mar
jun - may
aug - jul
aug - nov
aug - oct
aug - sep
apr - jul
apr - mar
apr - jun
apr - may
sep - oct
jun - sep
apr - jun
jan - apr
dec - jan
dec - jun
dec - oct
may - sep
may - apr
may - jun
mar - jun
mar - apr
mar - jan
aug - jun
aug - oct
aug - sep
nov - jun
nov - oct
nov - dec
feb - aug
feb - apr
feb - mar
feb - jan
jul - jun
jul - oct
jul - sep
jul - aug
may - jan
jul - may
aug - jul
feb - aug
feb - jul
feb - may
feb - jan
dec - may
dec - aug
apr - jul
apr - feb
apr - may
oct - may
oct - aug
oct - dec
jun - jul
jun - apr
jun - may
sep - jun
sep - oct
sep - aug
nov - jul
nov - oct
nov - dec
mar - jul
mar - apr
mar - feb
oct - dec
mar - oct
jun - mar
jun - oct
jun - mar
sep - oct
sep - jun
feb - sep
feb - jun
feb - mar
apr - sep
apr - mar
apr - jun
nov - jun
nov - oct
nov - dec
jan - sep
jan - apr
jan - mar
jan - feb
may - jun
may - mar
may - apr
jul - jun
jul - nov
jul - oct
jul - sep
aug - jun
aug - oct
aug - sep
aug - jul
feb - jan
jul - feb
dec - jul
mar - dec
mar - jul
mar - feb
aug - mar
aug - dec
aug - jul
jun - jul
jun - feb
jun - mar
sep - jun
sep - aug
sep - dec
nov - jul
nov - sep
nov - dec
may - jul
may - mar
may - jun
oct - jul
oct - nov
oct - sep
apr - jul
apr - mar
apr - jun
apr - may
nov - jun
sep - nov
sep - nov
sep - jun
mar - sep
mar - jun
jan - sep
jan - jun
jan - mar
may - jun
may - mar
oct - jun
oct - nov
oct - sep
aug - jun
aug - oct
aug - sep
apr - aug
apr - may
apr - mar
jul - jun
jul - oct
jul - sep
jul - aug
feb - jul
feb - apr
feb - mar
feb - jan
dec - jun
dec - sep
dec - nov
mar - jul
apr - mar
apr - jul
apr - mar
aug - apr
aug - jul
jun - jul
jun - apr
nov - jun
nov - aug
jan - jul
jan - apr
jan - mar
sep - jun
sep - aug
sep - nov
dec - jul
dec - sep
dec - nov
feb - jul
feb - apr
feb - mar
feb - jan
oct - jul
oct - nov
oct - sep
may - jul
may - mar
may - jun
may - apr
jan - may
mar - jan
mar - may
mar - jan
jul - mar
jul - may
aug - may
aug - jul
nov - may
nov - aug
jun - jul
jun - mar
jun - may
feb - jun
feb - mar
feb - jan
oct - jun
oct - aug
oct - nov
sep - jun
sep - oct
sep - aug
apr - jul
apr - mar
apr - jun
apr - may
dec - jun
dec - sep
dec - nov
oct - jul
feb - oct
feb - oct
feb - jul
sep - jul
sep - oct
jan - sep
jan - jul
jan - feb
apr - jul
apr - feb
dec - jul
dec - oct
jun - jul
jun - feb
jun - apr
aug - jul
aug - oct
aug - sep
nov - jul
nov - oct
nov - dec
mar - aug
mar - apr
mar - feb
may - jul
may - mar
may - jun
may - apr
apr - dec
jun - apr
jun - dec
jun - apr
aug - jun
aug - dec
feb - aug
feb - jun
feb - apr
may - jun
may - apr
jul - jun
jul - dec
jul - aug
nov - jun
nov - aug
nov - dec
oct - jul
oct - nov
oct - aug
sep - jul
sep - nov
sep - oct
sep - aug
mar - aug
mar - may
mar - apr
mar - feb
jan - jul
jan - apr
jan - mar
jan - feb
jan - apr
sep - jan
sep - apr
nov - apr
nov - sep
jun - sep
jun - apr
dec - jun
dec - nov
may - sep
may - apr
may - jun
aug - jun
aug - nov
aug - sep
jul - aug
jul - may
jul - jun
oct - jul
oct - nov
oct - sep
feb - aug
feb - may
feb - apr
feb - jan
mar - jul
mar - apr
mar - feb
jan - dec
nov - jan
nov - dec
nov - jan
jul - nov
jul - jan
jun - nov
jun - jul
jun - jan
sep - jul
sep - dec
sep - nov
aug - sep
aug - jun
aug - jul
oct - aug
oct - nov
oct - sep
apr - sep
apr - jul
apr - jun
apr - jan
may - aug
may - jun
may - apr
mar - aug
mar - may
mar - apr
mar - jan
feb - jul
feb - apr
feb - mar
feb - jan
aug - apr
feb - aug
feb - aug
feb - apr
may - apr
may - aug
jul - may
jul - aug
jan - may
jan - apr
jan - feb
dec - may
dec - aug
mar - may
mar - feb
mar - apr
oct - may
oct - aug
oct - dec
nov - may
nov - oct
nov - dec
sep - jul
sep - nov
sep - oct
sep - aug
jun - jul
jun - mar
jun - may
nov - oct
jan - nov
jan - nov
jan - oct
sep - oct
sep - jan
may - oct
may - sep
may - jan
dec - sep
dec - nov
apr - oct
apr - may
apr - jan
feb - sep
feb - apr
feb - jan
jul - sep
jul - apr
jul - may
jun - jul
jun - apr
jun - may
aug - jul
aug - nov
aug - oct
aug - sep
mar - jul
mar - apr
mar - feb
feb - apr
nov - feb
nov - apr
dec - apr
dec - nov
jun - nov
jun - apr
may - jun
may - apr
jul - jun
jul - dec
jul - nov
jan - jun
jan - apr
jan - feb
mar - jun
mar - apr
mar - feb
sep - may
sep - nov
sep - jul
oct - jun
oct - nov
oct - sep
aug - jun
aug - oct
aug - sep
aug - jul
mar - feb
apr - mar
dec - apr
jun - dec
jun - apr
jun - dec
oct - apr
oct - dec
oct - jun
jan - jun
jan - mar
jan - feb
nov - apr
nov - oct
nov - dec
sep - jun
sep - nov
sep - oct
jul - jun
jul - nov
jul - oct
jul - sep
aug - jul
aug - nov
aug - oct
aug - sep
may - jul
may - mar
may - jun
may - apr
jan - jun
aug - jan
aug - jun
dec - jun
dec - aug
apr - aug
apr - jun
apr - jan
oct - jun
oct - dec
oct - aug
may - aug
may - apr
may - jun
jul - jun
jul - oct
jul - aug
feb - jul
feb - may
feb - apr
feb - jan
mar - jun
mar - apr
mar - feb
nov - jun
nov - oct
nov - dec
sep - jun
sep - oct
sep - aug
jan - feb
aug - jan
aug - feb
apr - feb
apr - aug
may - apr
may - aug
dec - apr
dec - aug
jul - may
jul - dec
jul - aug
sep - may
sep - aug
sep - dec
nov - jul
nov - sep
nov - dec
oct - jul
oct - nov
oct - sep
mar - aug
mar - apr
mar - feb
jun - jul
jun - mar
jun - may
aug - oct
feb - aug
jun - feb
jun - aug
jun - feb
may - aug
may - jun
may - feb
sep - jun
sep - oct
sep - aug
jan - aug
jan - may
jan - feb
nov - jun
nov - sep
nov - oct
apr - aug
apr - may
apr - feb
mar - jun
mar - apr
mar - feb
dec - jun
dec - oct
dec - nov
jul - jun
jul - oct
jul - sep
jul - aug
dec - aug
feb - dec
feb - dec
feb - aug
nov - aug
nov - dec
jun - nov
jun - aug
jun - feb
jul - aug
jul - jun
jan - aug
jan - jun
jan - feb
apr - jul
apr - feb
apr - jun
mar - jul
mar - apr
mar - feb
sep - jun
sep - nov
sep - aug
may - jul
may - mar
may - jun
may - apr
oct - jun
oct - sep
oct - dec
oct - nov
dec - apr
jan - dec
jan - dec
jan - apr
aug - apr
aug - dec
jun - aug
jun - apr
may - jun
may - apr
feb - jun
feb - apr
feb - jan
mar - may
mar - feb
mar - apr
sep - may
sep - aug
sep - dec
nov - may
nov - sep
nov - dec
oct - jun
oct - nov
oct - sep
jul - jun
jul - oct
jul - sep
jul - aug
oct - jun
dec - oct
nov - dec
nov - oct
nov - dec
aug - nov
aug - oct
aug - jun
may - oct
may - aug
may - jun
sep - oct
sep - jun
sep - aug
mar - sep
mar - jun
mar - may
feb - sep
feb - jun
feb - may
feb - mar
jan - aug
jan - may
jan - mar
jan - feb
apr - aug
apr - mar
apr - jun
apr - may
jul - jun
jul - oct
jul - sep
jul - aug
dec - oct
jul - dec
jul - dec
jul - oct
jan - oct
jan - jul
may - oct
may - jul
may - jan
jun - jul
jun - may
sep - jul
sep - dec
sep - oct
nov - jul
nov - oct
nov - dec
aug - sep
aug - jun
aug - jul
apr - aug
apr - jun
apr - may
apr - jan
feb - aug
feb - may
feb - apr
feb - jan
mar - jul
mar - apr
mar - feb
dec - may
aug - dec
aug - dec
aug - may
jun - aug
jun - may
nov - aug
nov - dec
oct - aug
oct - dec
oct - nov
jan - oct
jan - jun
jan - may
feb - aug
feb - may
feb - jan
apr - aug
apr - may
apr - feb
jul - jun
jul - nov
jul - oct
jul - aug
mar - jul
mar - apr
mar - feb
sep - jun
sep - oct
sep - aug
oct - jan
dec - oct
mar - dec
mar - oct
mar - jan
jul - oct
jul - mar
jun - jul
jun - mar
nov - jul
nov - dec
nov - oct
feb - jul
feb - mar
feb - jan
sep - jul
sep - nov
sep - oct
may - jul
may - mar
may - jun
aug - jul
aug - nov
aug - oct
aug - sep
apr - jul
apr - mar
apr - jun
apr - may
jan - feb
apr - jan
apr - feb
sep - feb
sep - apr
dec - apr
dec - sep
may - apr
may - dec
may - sep
oct - may
oct - dec
oct - sep
jun - may
jun - oct
jun - sep
jul - jun
jul - oct
jul - sep
mar - jun
mar - apr
mar - feb
nov - jun
nov - oct
nov - dec
aug - jun
aug - oct
aug - sep
aug - jul
february - july
november - february
november - july
november - july
november - november
february - november
february - july
february - february
march - july
march - february
april - july
april - february
april - march
october - april
october - november
october - july
may - july
may - march
may - april
february - may
february - march
february - february
may - may
may - november
may - october
may - july
july - may
july - october
july - july
april - may
april - march
april - may
april - april
june - may
june - october
june - july
june - may
january - may
january - march
january - february
january - february
march - may
march - february
march - april
march - march
august - may
august - july
august - november
august - october
october - may
october - august
october - november
october - october
december - april
june - december
june - december
june - april
december - june
december - december
september - december
september - june
december - september
december - december
november - december
november - june
november - september
july - november
july - june
july - september
january - november
january - july
january - june
january - april
june - september
june - june
june - july
august - september
august - june
august - july
october - august
october - december
october - november
october - september
september - september
september - december
september - november
september - october
march - september
march - june
march - april
march - january
may - september
may - june
may - march
may - april
january - august
january - may
january - march
january - january
september - august
september - november
september - september
september - october
august - august
august - november
august - september
august - september
august - september
january - january
january - february
november - december
november - december
november - november
november - september
november - september
november - october
october - november
october - october
september - october
september - october
september - august
september - august
september - august
august - august
august - august
july - august
july - july
june - july
june - july
june - june
june - june
may - june
may - may
april - may
april - may
april - april
march - april
march - april
march - march
january - march
january - march
january - february
january - february
january - february
april - january
february - april
february - april
february - january
september - february
september - april
november - april
november - september
july - april
july - november
july - september
march - july
march - february
march - april
october - april
october - september
october - november
november - july
november - october
november - november
february - july
february - march
february - february
november - july
november - november
november - november
december - july
december - november
december - november
october - september
october - november
october - november
october - october
july - september
july - march
july - july
february - september
february - march
february - february
february - february
january - july
january - february
january - february
january - january
march - july
march - february
march - april
march - march
december - july
december - november
december - november
december - december
december - june
march - december
march - december
march - june
may - june
may - march
september - june
september - december
august - june
august - december
august - september
june - august
june - may
june - june
june - june
june - september
june - august
august - june
august - september
august - august
september - june
september - september
september - december
may - august
may - june
may - may
april - june
april - may
april - may
april - march
july - june
july - september
july - august
july - august
may - june
may - may
may - june
may - june
january - june
january - may
january - april
january - march
october - june
october - august
october - september
october - december
april - june
april - may
april - april
april - may
august - june
august - september
august - august
august - august
january - january
january - january
january - february
january - february
december - december
december - october
march - february
march - february
march - february
march - march
march - march
march - april
april - april
april - july
april - july
may - july
may - july
may - july
june - july
june - july
june - july
july - july
july - july
july - september
august - september
august - september
august - september
september - september
september - october
september - october
october - october
october - october
october - november
november - march
april - november
april - november
april - march
october - april
october - november
may - october
may - april
march - may
march - april
march - march
november - may
november - november
december - may
december - november
december - november
september - october
september - april
september - may
november - september
november - november
november - december
february - october
february - april
february - march
february - march
march - september
march - march
march - may
march - april
february - september
february - march
february - march
february - february
september - may
september - november
september - october
september - september
january - september
january - march
january - february
january - february
july - may
july - november
july - september
july - september
january - july
january - march
january - february
january - february
january - january
february - may
february - march
february - february
february - february
april - august
april - april
april - august
april - april
june - april
june - august
october - june
october - august
june - june
june - october
june - august
july - june
july - october
july - august
december - june
december - august
december - october
january - july
january - june
january - april
january - april
may - june
may - april
may - june
july - june
july - october
july - august
july - july
august - june
august - august
august - december
august - october
december - july
december - august
december - december
october - july
october - october
october - december
october - december
september - july
september - october
september - august
september - october
june - july
june - may
june - june
june - july
may - july
may - june
may - april
may - may
august - july
august - october
august - august
august - september
january - january
january - january
january - february
january - february
december - december
december - december
december - october
december - october
april - february
april - february
april - february
april - march
april - march
april - march
april - april
april - may
may - april
may - may
may - july
may - july
june - july
june - july
june - july
july - july
july - september
july - september
august - september
august - september
august - september
september - september
september - september
september - october
october - october
october - november
october - november
june - august
september - june
september - august
february - august
february - june
august - august
august - september
april - august
april - june
april - february
may - august
may - april
may - june
march - june
march - april
march - february
january - june
january - april
january - march
january - february
december - may
december - august
december - september
november - june
november - september
november - december
december - june
december - september
december - december
may - august
may - april
may - june
may - may
september - june
september - november
september - august
september - september
april - august
april - april
april - may
april - may
october - june
october - september
october - december
october - november
may - august
may - april
may - may
may - june
september - june
september - october
september - september
september - september
august - november
november - august
november - november
april - november
april - august
july - november
july - august
july - april
march - august
march - july
march - april
july - august
july - april
july - july
march - july
march - april
march - march
december - july
december - november
december - november
january - july
january - april
january - march
january - march
february - july
february - march
february - march
february - january
june - july
june - march
june - april
january - july
january - march
january - february
january - january
june - june
june - november
june - july
june - july
october - june
october - november
october - july
october - august
february - june
february - march
february - january
february - february
july - june
july - october
july - july
july - august
october - june
october - october
october - november
october - november
january - january
january - february
december - december
december - november
january - february
february - february
february - march
february - march
march - march
march - april
march - april
april - april
april - april
april - may
june - may
june - may
june - may
june - june
june - august
june - august
july - august
july - august
july - august
august - august
august - august
august - september
october - september
october - september
october - september
october - october
october - november
october - november
november - november
november - december
november - december
july - october
october - july
october - october
january - october
january - july
april - october
april - july
april - january
september - july
september - october
september - october
december - september
december - october
february - september
february - april
february - january
february - september
february - april
february - february
may - july
may - february
may - april
december - july
december - october
december - december
november - july
november - october
november - december
november - december
august - september
august - april
august - july
july - august
july - april
july - july
june - august
june - april
june - july
june - may
november - july
november - october
november - december
november - november
april - august
april - may
april - february
april - april
february - july
february - april
february - february
february - april
june - august
december - june
december - august
april - august
april - june
november - august
november - december
august - august
august - december
august - november
may - august
may - june
may - april
march - august
march - may
march - april
january - august
january - may
january - april
january - march
june - june
june - november
june - august
june - august
may - june
may - april
may - june
may - may
october - june
october - august
october - december
october - november
september - june
september - october
september - august
july - june
july - october
july - august
july - august
march - july
march - may
march - march
march - april
march - june
march - april
march - march
march - march
september - june
september - september
september - november
september - october
january - june
january - april
january - march
january - march
january - january
january - january
january - february
december - december
december - november
january - february
march - february
march - february
march - february
march - april
march - april
march - april
april - april
april - april
april - may
may - may
may - june
may - june
june - june
june - july
june - july
july - july
july - july
july - august
august - august
august - september
august - september
september - september
september - october
september - october
october - october
october - october
october - november
november - november
november - november
november - december
may - june
march - may
january - march
october - january
october - may
october - june
august - may
august - october
august - june
september - june
september - october
september - august
april - june
april - march
april - may
april - june
april - april
april - may
june - may
june - september
june - august
june - june
december - june
december - september
december - october
october - june
october - september
october - december
october - october
november - june
november - october
november - december
november - october
may - june
may - april
may - june
may - may
march - june
march - april
march - march
march - april
january - june
january - april
january - march
january - january
february - june
february - april
february - march
february - january
december - may
december - october
december - november
december - december
march - july
may - march
may - july
may - march
april - may
april - march
august - may
august - july
july - may
july - august
july - july
september - july
september - august
february - july
february - april
february - march
december - july
december - august
december - september
july - july
july - september
july - august
july - july
january - july
january - april
january - march
january - february
february - july
february - march
february - february
june - july
june - march
june - may
october - june
october - august
october - december
october - september
september - july
september - september
september - december
september - october
november - july
november - september
november - october
november - december
november - july
november - september
november - november
november - december
august - july
august - october
august - september
august - august
january - january
january - january
january - march
january - february
december - december
december - november
february - february
february - march
february - march
march - march
march - march
march - april
april - april
april - april
april - may
may - may
may - may
may - june
june - june
june - june
june - august
july - august
july - august
july - august
august - august
august - september
august - september
september - september
september - october
september - october
october - october
october - october
october - november
november - november
november - december
november - december
february - april
october - february
october - april
december - april
december - october
september - october
september - april
february - september
february - april
february - february
september - september
september - december
september - october
june - september
june - february
june - april
december - september
december - october
december - december
august - september
august - april
august - june
november - september
november - december
november - october
january - september
january - april
january - february
january - february
july - september
july - april
july - august
july - june
august - august
august - november
august - september
august - september
october - august
october - november
october - september
october - october
january - august
january - april
january - february
january - january
april - august
april - april
april - july
april - june
march - august
march - april
march - february
march - february
march - october
may - march
may - october
may - march
november - may
november - october
december - october
december - november
april - october
april - may
april - march
september - october
september - april
september - may
august - september
august - april
august - may
may - september
may - may
may - august
march - august
march - may
march - april
march - march
february - august
february - april
february - march
february - march
june - may
june - october
june - september
june - august
july - june
july - october
july - september
july - august
june - june
june - october
june - august
june - july
may - june
may - april
may - may
may - june
november - june
november - september
november - november
november - december
july - june
july - october
july - august
july - july
january - june
january - may
january - march
january - march
january - february
january - january
january - january
january - february
january - february
december - december
december - november
february - february
february - february
february - march
march - march
march - april
march - april
april - april
april - april
april - june
may - june
may - june
may - june
june - june
june - july
june - july
july - july
july - august
july - august
august - august
august - august
august - september
september - september
september - september
september - october
october - october
october - october
october - november
november - november
november - december
november - december
november - december
may - november
august - may
august - november
august - may
may - november
may - august
may - may
april - august
april - may
april - may
october - august
october - december
october - november
july - august
july - may
july - may
july - august
july - may
july - july
june - july
june - may
june - july
october - july
october - november
october - october
march - july
march - may
march - may
march - april
march - july
march - may
march - april
march - march
august - july
august - october
august - august
august - october
september - july
september - october
september - august
september - october
july - july
july - october
july - august
july - august
october - july
october - october
october - november
october - october
june - july
june - may
june - july
june - june
november - february
september - november
september - november
september - february
april - september
april - february
september - september
september - november
november - september
november - november
february - september
february - april
february - february
january - september
january - february
january - february
march - september
march - february
march - april
august - april
august - november
august - september
august - september
january - august
january - february
january - february
january - january
december - april
december - september
december - november
april - august
april - february
april - april
december - april
december - november
december - december
june - august
june - february
june - april
june - april
january - june
january - february
january - january
january - february
may - june
may - february
may - april
may - april
february - may
february - february
february - april
february - march
january - march
december - december
december - december
december - november
december - november
november - november
november - november
september - november
september - october
september - october
september - october
september - september
september - september
august - september
august - august
june - august
june - august
june - july
june - july
june - july
june - june
may - june
may - june
may - may
april - may
april - may
april - april
april - april
march - april
march - march
february - march
february - march
april - november
august - april
august - november
august - april
march - august
march - april
november - august
november - november
december - august
december - november
january - november
january - april
january - march
february - august
february - march
february - january
june - august
june - march
june - april
december - june
december - november
december - december
september - august
september - december
september - november
september - november
march - august
march - march
march - june
march - april
november - august
november - november
november - december
november - december
may - august
may - march
may - june
may - april
august - august
august - november
august - november
august - september
january - august
january - march
january - february
january - january
october - august
october - november
october - september
october - november
april - august
april - march
april - may
april - april
december - june
april - december
april - december
april - june
january - june
january - april
may - june
may - april
may - may
may - december
may - june
october - may
october - december
october - june
february - may
february - april
february - january
september - may
september - october
september - june
october - may
october - october
october - december
august - june
august - october
august - october
august - september
june - june
june - october
june - september
june - august
july - june
july - october
july - september
july - august
july - june
july - october
july - august
july - july
march - july
march - may
march - february
march - april
february - june
february - april
february - february
february - march
september - june
september - september
september - october
september - october
july - june
july - september
july - august
july - july
january - january
january - january
january - march
january - february
december - december
december - october
february - february
february - march
february - march
march - march
march - march
march - april
april - april
april - april
april - may
may - may
may - june
may - june
june - june
june - august
june - august
july - august
july - august
july - august
august - august
august - august
august - september
september - september
september - october
september - october
october - october
october - november
october - november
august - april
december - august
august - december
august - august
august - december
september - august
september - december
august - august
august - december
august - september
february - august
february - august
february - april
may - august
may - april
may - august
march - august
march - may
march - april
march - february
september - august
september - september
september - december
july - august
july - april
july - august
july - may
june - august
june - april
june - july
june - may
april - august
april - may
april - march
april - april
july - july
july - september
july - august
july - august
november - july
november - september
november - december
november - september
april - july
april - april
april - june
april - may
february - july
february - april
february - april
february - march
february - february
june - july
june - april
june - may
june - june
november - july
january - november
january - november
january - july
march - july
march - january
september - july
september - november
october - july
october - november
october - september
january - september
january - march
january - january
october - july
october - october
october - november
december - september
december - october
december - november
june - september
june - march
june - july
may - september
may - march
may - july
may - june
february - july
february - march
february - january
december - july
december - october
december - december
january - july
january - march
january - january
january - february
march - july
march - february
march - may
march - march
november - june
november - october
november - december
november - november
may - july
may - march
may - may
may - june
october - june
october - november
october - october
october - october
january - february
december - december
december - december
december - november
december - november
november - november
november - november
october - november
october - september
october - september
october - september
september - september
july - september
july - september
july - august
july - august
july - august
july - july
june - july
june - july
june - june
may - june
may - june
may - may
may - may
march - may
march - april
march - april
march - april
march - march
march - march
february - march
february - february
january - february
january - february
august - may
february - august
february - august
february - may
april - may
april - february
november - may
november - august
march - may
march - april
march - february
october - may
october - november
october - august
november - may
november - october
november - november
august - august
august - november
august - october
december - august
december - november
december - november
july - august
july - april
july - august
july - may
august - august
august - november
august - october
august - august
march - august
march - may
march - march
march - april
december - august
december - november
december - december
september - august
september - november
september - october
september - august
june - august
june - april
june - july
june - may
june - august
june - may
june - july
june - june
march - august
march - may
march - march
march - april
january - january
may - january
july - may
september - july
june - september
june - may
june - september
june - july
november - june
november - september
december - june
december - september
december - november
october - july
october - november
october - september
october - july
october - november
october - october
february - september
february - may
february - january
july - july
july - october
july - october
july - september
september - july
september - october
september - october
september - september
april - july
april - may
april - january
april - february
february - july
february - april
february - january
february - february
april - july
april - february
april - may
april - april
may - july
may - april
may - may
may - june
january - june
january - april
january - february
january - january
january - february
december - december
december - november
november - december
november - november
october - november
october - november
october - october
october - october
september - october
september - september
september - september
july - september
july - august
july - august
july - august
july - july
july - july
june - july
june - june
may - june
may - june
may - may
may - may
april - may
april - april
april - april
february - april
february - march
february - march
february - march
february - february
february - february
january - february
july - may
december - july
june - december
june - july
june - may
october - july
october - december
may - july
may - june
may - may
september - july
september - december
september - october
september - july
september - october
september - september
november - september
november - october
november - december
june - september
june - june
june - july
march - september
march - june
march - may
march - may
january - july
january - may
january - may
january - march
february - july
february - may
february - march
february - january
august - june
august - october
august - september
august - july
february - july
february - may
february - february
february - march
august - june
august - september
august - august
august - september
june - july
june - may
june - june
june - june
august - june
august - september
august - august
august - september
november - april
march - november
march - november
march - april
april - april
april - november
february - april
february - april
february - march
november - april
november - november
july - april
july - november
july - november
july - april
july - november
july - july
december - july
december - november
december - november
january - july
january - april
january - march
january - february
december - july
december - november
december - december
january - july
january - march
january - february
january - january
april - july
april - march
april - april
september - april
september - november
september - july
september - november
october - july
october - november
october - september
october - november
october - july
october - november
october - september
october - october
march - july
march - april
march - february
march - march
may - july
may - march
may - april
may - april
january - january
january - february
december - december
december - december
december - november
december - november
november - november
november - november
october - november
october - october
october - october
september - october
september - september
july - september
july - september
july - august
july - august
july - august
july - july
july - july
may - july
may - june
may - june
may - june
may - may
april - may
april - may
april - march
april - march
april - march
march - march
march - march
february - march
february - february
january - february
january - february
january - july
march - january
march - july
march - january
july - march
july - july
may - july
may - march
february - may
february - march
february - january
june - may
june - july
june - july
april - may
april - february
april - march
october - may
october - july
october - july
april - may
april - march
april - april
march - may
march - march
march - april
march - april
april - april
april - july
april - june
april - may
august - april
august - july
august - october
august - july
june - april
june - july
june - june
june - july
august - may
august - july
august - october
august - august
august - may
august - july
august - august
august - october
december - june
december - august
december - august
december - october
december - june
december - august
december - october
december - december
september - november
october - september
october - november
october - september
june - october
june - september
march - october
march - september
march - june
july - september
july - june
november - september
november - november
october - september
october - november
october - october
january - october
january - july
january - june
january - march
september - september
september - november
september - october
september - october
january - september
january - june
january - march
january - january
november - september
november - october
november - november
february - september
february - june
february - january
february - march
december - september
december - november
december - november
february - september
february - march
february - january
february - february
may - september
may - february
may - june
may - march
may - september
may - march
may - june
may - may
september - july
september - november
september - october
september - september
january - january
january - february
december - december
december - november
january - february
february - february
february - march
february - march
march - march
march - march
march - april
may - april
may - april
may - april
may - may
may - june
may - june
june - june
june - june
june - july
july - july
july - july
july - august
september - august
september - august
september - august
september - october
september - october
september - october
october - october
october - december
october - december
november - december
november - december
november - december
february - june
may - february
may - june
may - february
march - may
march - february
may - may
may - june
december - may
december - june
may - may
may - december
may - june
march - may
march - march
march - may
november - may
november - june
november - december
september - may
september - november
september - june
january - may
january - march
january - march
january - february
january - may
january - march
january - february
january - january
september - may
september - september
september - december
september - november
october - may
october - september
october - december
october - november
april - may
april - march
april - may
april - march
july - may
july - september
july - june
july - september
march - may
march - march
march - may
march - april
september - may
september - september
september - november
september - october
july - november
october - july
october - november
october - july
april - october
april - july
february - october
february - july
february - april
november - july
november - november
june - october
june - april
june - july
july - july
july - november
july - october
february - july
february - june
february - april
february - february
january - july
january - april
january - february
january - february
august - july
august - november
august - october
august - july
august - july
august - october
august - august
december - july
december - october
december - november
october - july
october - november
october - august
october - october
june - august
june - april
june - july
june - june
december - july
december - october
december - november
december - december
august - august
august - november
august - october
august - august
april - august
april - june
april - february
april - april
january - january
january - january
january - march
january - february
december - december
december - december
december - november
december - november
february - february
february - march
february - march
april - march
april - march
april - march
april - april
april - may
april - may
june - may
june - may
june - may
june - june
june - july
june - july
july - july
july - september
july - september
august - september
august - september
august - september
october - september
october - september
october - september
october - october
october - november
october - november
november - november
april - march
november - april
march - november
march - april
march - march
october - april
october - november
april - april
april - november
april - october
july - april
july - november
july - october
january - april
january - march
january - march
july - april
july - october
july - july
may - april
may - october
may - july
may - july
february - may
february - march
february - march
february - january
october - april
october - july
october - november
october - october
november - may
november - october
november - november
december - may
december - october
december - november
october - july
october - november
october - october
october - october
january - july
january - march
january - february
january - january
september - july
september - october
september - october
september - july
january - july
january - march
january - february
january - january
june - december
may - june
may - may
may - june
may - may
november - june
november - december
july - june
july - december
july - november
september - july
september - december
september - november
april - july
april - may
april - may
september - july
september - november
september - september
march - july
march - may
march - may
march - april
august - july
august - november
august - september
august - september
february - july
february - may
february - april
february - march
august - july
august - september
august - september
august - august
august - july
august - september
august - august
august - september
december - august
december - september
december - december
june - august
june - may
june - june
june - july
june - august
june - may
june - june
june - july
february - july
february - may
february - april
february - march
february - february
february - january
february - january
february - february
february - april
february - march
february - march
december - december
december - december
december - september
december - november
february - march
march - march
march - march
march - april
april - april
april - april
april - may
may - may
may - july
may - july
june - july
june - july
june - july
july - july
july - july
july - september
august - september
august - september
august - september
september - september
september - october
september - october
november - october
november - october
november - october
november - november
november - november
july - november
march - july
december - march
december - july
december - november
july - november
july - july
june - july
june - july
june - march
september - july
september - december
september - november
august - july
august - november
august - september
july - august
july - july
july - july
october - july
october - november
october - september
october - august
october - november
october - october
april - august
april - july
april - june
april - march
december - august
december - october
december - december
february - august
february - july
february - april
february - march
may - august
may - june
may - march
may - april
april - july
april - may
april - march
april - april
april - july
april - may
april - april
april - april
january - july
january - april
january - april
january - march
january - february
november - march
may - november
may - november
may - march
june - may
june - november
january - june
january - may
january - march
september - may
september - november
september - june
september - june
september - november
september - september
november - june
november - september
november - november
june - september
june - may
june - june
december - june
december - november
december - november
february - september
february - may
february - march
february - january
august - june
august - november
august - september
august - september
january - august
january - may
january - february
january - january
march - june
march - march
march - june
march - may
may - june
may - march
may - may
may - june
october - june
october - september
october - november
october - november
february - june
february - march
february - february
february - march
august - june
august - october
august - september
august - august
january - january
january - february
december - december
december - november
january - february
february - february
february - march
february - march
march - march
march - april
march - april
may - april
may - april
may - april
may - may
may - june
may - june
june - june
june - july
june - july
august - july
august - july
august - july
august - august
august - september
august - september
september - september
september - october
september - october
october - october
october - october
october - november
november - november
november - december
november - december
may - february
january - may
january - may
january - february
august - february
august - may
november - may
november - august
may - may
may - november
may - august
april - may
april - february
april - may
december - may
december - august
december - november
october - may
october - november
october - august
february - may
february - april
february - february
july - may
july - november
july - october
july - august
september - may
september - october
september - august
december - july
december - october
december - december
january - july
january - april
january - february
january - january
august - july
august - november
august - september
august - august
november - july
november - october
november - december
november - november
september - august
september - november
september - september
september - october
january - august
january - april
january - february
january - january
april - february
october - april
september - october
september - april
september - october
march - september
march - april
march - february
june - april
june - october
june - september
july - june
july - october
july - september
november - june
november - september
november - october
april - july
april - april
april - june
june - june
june - october
june - september
june - july
may - june
may - april
may - june
may - april
october - june
october - september
october - november
october - october
march - june
march - april
march - march
march - april
december - june
december - october
december - november
august - june
august - october
august - september
august - july
june - june
june - october
june - august
june - july
march - june
march - april
march - march
march - april
july - june
july - october
july - august
july - july
february - january
february - january
february - february
february - may
february - april
february - february
december - december
december - november
march - april
march - april
march - april
april - april
april - may
april - may
may - may
may - may
may - july
june - july
june - july
june - july
july - july
july - august
july - august
august - august
august - august
august - september
september - september
september - september
september - october
october - october
october - november
october - november
november - november
november - november
november - december
march - june
march - march
march - june
march - march
august - march
august - june
march - june
march - march
june - march
june - august
june - june
october - june
october - august
october - june
october - august
october - october
april - june
april - march
april - june
november - june
november - october
november - october
may - june
may - march
may - june
may - april
february - june
february - march
february - march
february - march
april - june
april - march
april - may
april - april
april - may
april - march
april - april
december - may
december - october
december - november
june - may
june - october
june - june
june - august
may - june
may - april
may - april
may - may
january - may
january - april
january - march
january - march
january - february
may - september
february - may
december - february
december - may
december - september
october - september
october - december
july - september
july - may
november - september
november - december
november - october
november - september
november - november
november - december
september - october
september - july
september - september
january - september
january - july
january - may
january - february
september - september
september - november
september - november
september - october
august - september
august - may
august - september
august - july
january - september
january - july
january - february
january - january
august - september
august - may
august - august
july - september
july - may
july - august
july - july
february - august
february - may
february - january
february - february
december - august
december - october
december - november
december - december
july - august
july - may
july - july
july - august
january - january
january - february
december - december
december - december
december - november
december - november
november - november
november - november
october - november
october - october
september - october
september - october
september - august
september - august
september - august
august - august
august - august
july - august
july - june
july - june
july - june
may - june
may - june
may - june
may - may
february - may
february - may
february - april
february - april
february - april
february - march
february - march
february - march
february - february
february - february
february - january
january - may
august - january
august - may
march - may
march - january
february - may
february - march
february - january
february - march
february - february
march - march
march - august
march - may
august - march
august - may
august - august
november - march
november - august
november - august
november - march
november - august
november - november
july - may
july - november
july - august
july - august
july - may
july - august
july - august
july - july
april - july
april - march
april - may
april - march
june - may
june - august
june - july
june - july
january - june
january - march
january - february
january - january
september - may
september - august
september - november
september - august
october - june
october - august
october - november
october - september
march - june
march - march
march - april
march - march
november - june
july - november
july - november
july - june
september - july
september - november
january - september
january - july
january - june
september - july
september - november
september - september
april - september
april - june
april - january
may - july
may - april
may - june
december - july
december - september
december - november
august - july
august - november
august - september
august - september
june - august
june - may
june - july
june - june
october - july
october - september
october - december
october - november
may - august
may - june
may - april
may - may
april - july
april - may
april - april
april - may
february - july
february - may
february - april
february - january
december - june
december - september
december - november
december - december
december - july
december - october
december - december
december - december
october - july
october - november
october - september
october - october
january - january
january - january
january - february
january - february
november - december
november - december
november - november
november - september
november - october
november - october
october - november
october - october
october - october
september - october
september - september
september - september
august - september
august - august
july - august
july - august
july - july
june - july
june - july
june - june
june - june
may - june
may - may
may - may
april - may
april - april
april - april
february - april
february - march
february - march
february - march
february - february
november - october
july - november
july - november
july - october
may - october
may - july
november - october
november - november
july - october
july - july
march - october
march - july
march - may
february - july
february - may
february - march
august - july
august - november
august - october
march - july
march - may
march - march
april - july
april - march
april - july
april - may
september - july
september - october
september - august
december - july
december - october
december - november
april - july
april - april
april - july
april - may
june - july
june - april
june - may
june - july
may - july
may - april
may - may
may - june
august - july
august - october
august - august
august - september
september - july
september - october
september - august
september - september
may - august
april - may
september - april
september - may
september - august
december - august
december - september
december - august
december - december
july - september
july - may
july - august
november - august
november - december
november - september
january - september
january - july
january - may
january - april
january - august
january - may
january - april
january - january
october - august
october - december
october - november
october - september
june - august
june - april
june - july
june - may
february - august
february - may
february - january
february - april
october - july
october - november
october - september
october - october
march - august
march - april
march - january
march - february
june - july
june - march
june - may
june - june
january - july
january - april
january - february
january - january
february - june
february - march
february - january
february - february
january - february
december - december
december - december
december - october
december - november
november - november
october - november
october - november
october - october
october - october
september - october
september - september
august - september
august - september
august - august
july - august
july - august
july - july
june - july
june - july
june - june
june - june
may - june
may - may
april - may
april - may
april - april
march - april
march - april
march - march
february - march
february - march
february - february
february - february
january - february
november - september
july - november
july - november
july - september
october - september
october - november
april - october
april - september
april - july
october - september
october - november
october - october
june - october
june - july
june - april
january - september
january - june
january - april
december - september
december - october
december - november
may - september
may - june
may - april
october - september
october - november
october - october
may - september
may - may
may - july
may - june
january - september
january - may
january - april
january - january
may - july
may - may
may - june
may - may
february - july
february - may
february - january
february - april
september - june
september - october
september - september
september - october
august - july
august - october
august - september
august - september
june - july
june - may
june - may
june - june
march - december
july - march
july - december
july - march
march - july
march - march
august - july
august - december
july - july
july - december
july - august
january - july
january - march
january - march
february - july
february - march
february - january
march - july
march - march
march - march
august - march
august - august
august - december
february - july
february - march
february - february
december - march
december - august
december - december
september - july
september - august
september - december
september - december
november - july
november - september
november - december
november - december
april - july
april - march
april - march
april - july
april - july
april - march
april - march
april - april
november - july
november - september
november - december
november - november
june - july
june - march
june - april
june - april
january - january
january - january
january - april
january - february
december - december
december - december
december - november
december - november
february - february
february - april
february - april
march - april
march - april
march - april
april - april
april - may
april - may
june - may
june - may
june - may
june - june
june - june
june - july
july - july
july - august
july - august
august - august
august - september
august - september
september - september
september - september
september - october
november - october
november - october
november - october
november - november
october - november
november - october
november - november
january - november
january - october
december - november
december - november
june - november
june - october
june - january
august - november
august - june
august - october
december - october
december - november
december - december
october - november
october - august
october - october
july - october
july - august
july - june
january - october
january - july
january - june
january - january
july - october
july - june
july - august
july - july
april - october
april - july
april - january
april - june
may - august
may - june
may - january
may - april
september - august
september - november
september - october
september - october
march - august
march - may
march - january
march - april
december - august
december - november
december - december
december - december
june - august
june - may
june - july
june - june
november - march
may - november
may - november
may - march
september - may
september - november
october - september
october - november
february - september
february - may
february - march
june - september
june - march
june - may
july - june
july - october
july - september
august - july
august - october
august - september
april - july
april - may
april - march
may - july
may - april
may - june
may - may
april - june
april - april
april - may
april - may
march - june
march - april
march - march
march - april
february - may
february - april
february - march
february - february
january - may
january - march
january - february
january - february
august - may
august - august
august - october
august - september
september - may
september - august
september - october
september - september
february - may
february - march
february - february
february - march
january - january
january - january
january - april
january - march
december - november
february - march
february - march
february - march
march - march
march - april
march - april
april - april
april - may
april - may
may - may
may - june
may - june
june - june
june - june
june - july
july - july
july - july
july - august
august - august
august - september
august - september
september - september
september - october
september - october
october - october
october - october
october - november
november - november
november - november
november - december
march - december
july - march
july - december
july - march
may - july
may - march
january - july
january - may
january - march
august - may
august - december
august - july
november - july
november - december
november - august
december - july
december - november
december - december
january - august
january - may
january - march
january - january
february - july
february - march
february - january
october - july
october - december
october - november
october - august
july - july
july - november
july - october
july - august
january - july
january - march
january - january
january - february
october - july
october - november
october - august
october - october
december - july
december - november
december - december
august - july
august - november
august - october
august - august
june - august
june - march
june - july
june - may
june - july
june - march
june - june
june - july
february - november
april - february
april - november
april - february
march - april
march - february
april - april
april - november
october - april
october - november
october - april
march - april
march - march
march - april
april - april
april - october
april - april
february - april
february - march
february - march
february - february
july - april
july - october
july - april
may - april
may - october
may - july
may - april
september - april
september - july
september - november
september - october
september - april
september - september
september - november
september - october
september - april
september - september
september - november
september - october
june - may
june - september
june - september
june - july
august - may
august - september
august - july
august - september
november - june
november - september
november - october
november - november
may - june
may - april
may - april
may - may
february - january
february - january
february - february
february - june
february - may
february - march
december - november
february - march
march - march
march - may
march - may
april - may
april - may
april - may
may - may
may - june
may - june
june - june
june - june
june - july
july - july
july - july
july - august
august - august
august - august
august - october
september - october
september - october
september - october
october - october
october - october
october - november
november - november
november - december
november - december
november - february
may - november
may - november
may - february
july - may
july - november
january - july
january - may
january - february
march - may
march - february
july - may
july - november
july - july
december - may
december - july
december - november
june - july
june - march
june - may
december - june
december - november
december - december
september - july
september - december
september - november
september - july
february - july
february - march
february - february
january - july
january - march
january - february
january - january
april - june
april - february
april - may
april - march
august - june
august - november
august - july
august - september
october - june
october - september
october - december
october - november
july - july
july - october
july - august
july - july
june - july
june - march
june - may
june - june
may - december
february - may
october - february
october - may
october - december
may - october
may - may
november - may
november - december
november - october
january - october
january - may
january - february
august - may
august - november
august - october
april - august
april - may
april - february
august - may
august - november
august - october
august - august
june - august
june - april
june - may
september - june
september - october
september - august
april - august
april - may
april - february
april - april
march - june
march - april
march - february
march - april
october - june
october - october
october - december
october - november
march - june
march - april
march - february
march - march
september - june
september - october
september - august
september - september
november - june
november - october
november - november
november - december
january - january
january - january
january - february
january - february
december - december
december - november
february - february
february - february
february - march
march - march
march - april
march - april
april - april
april - may
april - may
may - may
may - june
may - june
june - june
june - june
june - july
august - july
august - july
august - july
august - august
august - september
august - september
september - september
september - october
september - october
october - october
october - november
october - november
november - november
november - december
november - december
november - october
september - november
september - november
september - october
october - october
october - november
march - october
march - october
march - september
april - october
april - september
april - march
december - october
december - november
may - october
may - april
may - september
february - october
february - may
february - april
february - march
december - september
december - november
december - december
february - october
february - april
february - march
february - february
june - september
june - march
june - may
october - september
october - november
october - october
july - september
july - april
july - june
august - september
august - april
august - june
august - july
may - august
may - april
may - june
may - may
august - august
august - october
august - october
august - september
july - august
july - may
july - june
july - july
march - january
november - march
june - november
june - march
june - november
july - june
july - november
september - june
september - november
september - july
february - july
february - march
february - january
march - june
march - february
march - march
june - june
june - september
june - july
january - june
january - march
january - february
january - january
august - june
august - september
august - july
april - june
april - february
april - march
december - june
december - august
december - november
may - june
may - march
may - april
september - june
september - september
september - december
september - november
november - june
november - september
november - november
november - december
april - june
april - march
april - may
april - april
january - june
january - march
january - february
january - january
january - february
december - december
december - november
november - december
november - november
november - november
september - november
september - october
september - october
september - october
september - september
september - september
august - september
august - august
july - august
july - august
july - july
june - july
june - july
june - june
june - june
may - june
may - may
april - may
april - may
april - april
april - april
march - april
march - march
march - march
february - march
february - february
january - february
january - february
september - february
may - september
may - september
may - february
december - may
december - september
july - september
july - may
june - july
june - may
october - july
october - december
october - september
august - july
august - october
august - september
october - august
october - october
october - december
december - august
december - october
december - december
september - september
september - december
september - october
september - october
july - september
july - june
july - august
july - july
october - september
october - october
october - december
october - december
may - september
may - july
may - may
may - june
january - september
january - june
january - may
january - february
august - august
august - october
august - september
august - september
november - august
november - october
november - december
november - october
june - august
june - june
june - july
june - july
march - september
december - march
december - september
april - september
april - march
november - september
november - december
november - september
november - december
november - november
april - november
april - april
april - september
january - september
january - april
january - march
august - september
august - april
august - april
july - august
july - april
july - april
march - august
march - april
march - march
january - july
january - march
january - march
january - january
april - july
april - march
april - april
june - april
june - november
june - august
june - july
march - june
march - march
march - april
march - april
may - april
may - september
may - july
may - june
february - may
february - march
february - march
february - january
february - april
february - march
february - february
february - march
january - january
january - february
december - december
december - november
january - february
february - february
february - may
february - may
march - may
march - may
march - may
april - may
april - may
april - may
may - may
may - may
may - june
june - june
june - june
june - july
july - july
july - july
july - august
august - august
august - august
august - september
september - september
september - september
september - october
november - october
november - october
november - october
november - november
november - december
november - december
june - january
may - june
may - june
may - january
april - may
april - january
november - may
november - june
july - may
july - november
july - june
february - june
february - april
february - january
august - may
august - july
august - november
march - june
march - april
march - february
september - may
september - august
september - november
january - june
january - march
january - february
january - january
october - may
october - august
october - november
october - september
september - june
september - september
september - november
september - october
april - june
april - march
april - may
april - april
october - june
october - september
october - november
october - october
august - june
august - september
august - august
august - september
january - july
january - april
january - february
january - january
october - june
october - september
october - october
october - november
december - june
november - december
november - december
november - june
august - november
august - june
may - november
may - august
may - june
may - august
may - june
may - may
july - august
july - may
july - june
december - july
december - november
december - december
november - august
november - december
november - november
april - august
april - june
april - may
april - may
march - august
march - may
march - may
march - april
february - july
february - may
february - april
february - march
february - july
february - may
february - march
february - february
june - june
june - november
june - august
june - july
december - june
december - november
december - december
september - june
september - november
september - august
september - november
july - july
july - november
july - september
july - august
march - july
march - may
march - march
march - april
february - january
february - january
february - february
february - may
february - april
february - march
november - december
november - december
november - november
november - july
november - september
november - november
september - october
september - october
september - october
september - september
august - september
august - september
august - august
july - august
july - august
july - july
july - july
june - july
june - june
june - june
may - june
may - may
may - may
april - may
april - april
march - april
march - april
march - march
march - march
february - march
april - december
november - april
november - december
november - april
november - november
november - december
august - november
august - november
august - april
april - november
april - august
april - april
june - november
june - april
june - august
august - august
august - november
august - november
september - august
september - november
september - november
october - august
october - november
october - november
october - september
may - september
may - june
may - april
december - august
december - november
december - december
march - september
march - june
march - april
march - april
september - august
september - november
september - october
september - september
february - september
february - may
february - april
february - march
october - august
october - november
october - september
october - october
january - september
january - may
january - april
january - march
january - february
july - august
july - april
july - june
july - august
february - december
february - february
february - december
february - february
july - february
july - december
january - july
january - february
january - february
june - february
june - december
june - july
may - june
may - february
may - february
january - may
january - february
january - january
july - may
july - july
july - december
june - may
june - july
june - july
june - june
march - june
march - february
march - may
march - february
september - may
september - july
september - december
september - july
may - june
may - february
may - may
april - may
april - february
april - may
april - march
november - may
november - july
november - december
november - september
october - may
october - july
october - november
october - september
august - june
august - september
august - july
august - july
march - june
march - march
march - may
march - april
january - january
january - february
december - december
december - november
january - february
february - february
february - march
february - march
march - march
march - april
march - april
april - april
april - april
april - may
may - may
may - june
may - june
june - june
june - july
june - july
july - july
july - august
july - august
august - august
august - august
august - september
september - september
september - september
september - october
october - october
october - october
october - november
november - november
november - november
november - december
may - april
october - may
february - october
february - may
february - april
august - may
august - october
november - may
november - october
december - august
december - november
june - august
june - april
june - may
march - august
march - may
march - april
march - february
march - june
march - april
march - march
january - june
january - march
january - march
january - february
december - may
december - october
december - december
june - june
june - november
june - october
june - august
july - june
july - november
july - august
july - june
may - june
may - march
may - may
may - june
march - june
march - march
march - may
march - april
april - june
april - march
april - may
april - april
april - may
april - march
april - april
april - may
february - august
january - february
august - january
august - february
august - august
july - august
july - february
december - july
december - august
may - august
may - february
may - july
september - july
september - august
september - december
september - august
september - september
september - december
january - august
january - may
january - february
january - january
october - august
october - september
october - december
november - august
november - september
november - december
november - october
july - august
july - may
july - august
july - july
june - august
june - may
june - july
june - july
february - august
february - may
february - january
february - february
november - july
november - september
november - november
november - december
october - august
october - october
october - november
october - november
september - august
september - october
september - september
september - october
january - january
january - february
december - december
december - november
january - february
february - february
february - march
february - march
may - march
may - march
may - march
may - april
may - april
may - april
may - may
may - may
may - june
june - june
june - june
june - july
july - july
july - august
july - august
august - august
august - october
august - october
september - october
september - october
september - october
october - october
october - november
october - november
november - november
november - december
november - december
december - april
july - december
july - december
july - april
august - july
august - december
july - august
july - july
june - july
june - july
june - april
september - july
september - december
september - august
july - july
july - september
july - august
february - july
february - july
february - june
february - april
june - july
june - june
june - july
june - july
june - june
june - july
june - june
december - july
december - august
december - december
august - july
august - september
august - august
october - july
october - september
october - december
october - december
may - july
may - june
may - april
may - june
december - july
december - september
december - december
december - december
february - july
february - june
february - may
february - april
february - february
march - july
march - june
march - april
march - february
september - march
january - september
january - september
january - march
january - march
january - january
february - march
february - january
april - february
april - september
april - march
november - march
november - september
may - march
may - september
may - april
november - april
november - september
november - november
september - april
september - november
september - september
march - may
march - february
march - april
march - march
april - april
april - september
april - september
april - may
may - april
may - september
may - september
may - may
august - april
august - september
august - may
august - september
october - may
october - september
october - november
october - november
october - may
october - september
october - november
october - october
january - may
january - march
january - february
january - january
november - may
november - october
november - november
november - november
january - february
december - november
january - february
january - february
february - february
february - february
february - march
march - march
march - april
march - april
april - april
april - may
april - may
may - may
may - june
may - june
august - june
august - june
august - june
august - july
august - july
august - july
august - august
august - august
august - september
september - september
september - october
september - october
october - october
october - december
october - december
november - december
november - december
november - december
july - july
april - july
april - july
april - july
january - july
january - april
april - july
april - april
january - april
january - april
january - january
june - april
june - july
june - july
december - april
december - july
december - july
august - june
august - july
august - december
february - june
february - april
february - january
may - june
may - february
may - april
june - may
june - july
june - july
june - june
december - june
december - july
december - december
november - june
november - august
november - december
november - december
may - june
may - april
may - may
may - june
may - june
may - april
may - may
may - may
march - june
march - april
march - february
march - april
march - may
march - april
march - february
march - march
october - january
december - october
september - december
september - october
september - january
august - october
august - september
august - january
october - september
october - december
october - october
september - october
september - august
september - september
july - september
july - august
july - january
november - september
november - october
november - december
august - september
august - august
august - september
april - september
april - august
april - july
april - january
september - september
september - october
september - october
september - september
june - september
june - august
june - april
june - july
february - september
february - july
february - april
february - january
october - september
october - october
october - december
october - november
march - september
march - june
march - february
march - april
november - september
november - october
november - november
november - december
february - september
february - june
february - march
february - february
january - january
january - january
january - march
january - february
december - december
december - november
february - february
february - march
february - march
march - march
march - march
march - april
april - april
april - april
april - may
june - may
june - may
june - may
june - june
june - june
june - july
july - july
july - july
july - august
august - august
august - november
august - november
september - november
september - november
september - november
october - november
october - november
october - november
november - november
november - december
november - december
march - april
november - march
november - april
june - april
june - november
march - june
march - april
march - march
april - april
april - november
april - june
may - april
may - november
may - june
february - april
february - march
february - march
february - april
february - march
february - march
february - february
november - april
november - june
november - november
august - april
august - november
august - june
march - april
march - march
march - april
march - march
may - april
may - august
may - june
may - may
april - april
april - august
april - may
april - may
december - april
december - august
december - november
october - april
october - august
october - november
october - november
january - may
january - march
january - march
january - february
january - february
september - april
september - october
september - june
september - august
february - july
october - february
october - july
december - july
december - october
september - october
september - july
january - september
january - july
january - february
may - september
may - february
may - july
december - july
december - october
december - december
june - september
june - may
june - july
august - july
august - december
august - october
august - september
july - august
july - may
july - july
october - july
october - october
october - december
october - december
january - august
january - june
january - february
january - january
september - july
september - october
september - september
september - october
november - august
november - october
november - december
november - december
august - august
august - october
august - september
august - september
june - august
june - june
june - july
june - july
july - august
july - june
july - july
july - july
january - january
january - february
december - december
december - december
december - october
december - november
november - november
october - november
october - november
october - october
october - october
september - october
september - september
september - september
august - september
august - august
august - august
july - august
july - june
july - june
july - june
june - june
june - june
may - june
may - may
february - may
february - may
february - april
february - april
february - april
february - march
february - march
february - march
february - february
february - january
january - february
february - november
august - february
august - november
august - february
november - august
november - november
march - november
march - august
march - february
september - august
september - november
september - november
april - september
april - march
april - august
march - august
march - march
march - april
july - august
july - march
july - april
april - july
april - march
april - april
january - july
january - march
january - march
january - february
august - april
august - september
august - august
january - july
january - march
january - february
january - january
june - april
june - september
june - august
june - july
september - june
september - september
september - november
september - november
october - june
october - september
october - november
october - september
october - july
october - september
october - november
october - october
may - july
may - march
may - april
may - june
march - october
november - march
november - october
january - october
january - march
april - october
april - march
june - april
june - november
june - october
december - june
december - november
july - june
july - november
july - october
july - july
july - november
july - october
may - july
may - april
may - june
february - july
february - april
february - march
february - january
august - june
august - october
august - july
june - july
june - april
june - june
december - june
december - october
december - december
may - july
may - april
may - june
may - may
september - june
september - october
september - july
september - august
december - july
december - october
december - december
december - december
february - july
february - may
february - march
february - february
january - january
january - january
january - march
january - february
november - december
november - december
november - november
november - july
november - september
november - october
october - november
october - october
september - october
september - october
september - september
august - september
august - september
august - august
july - august
july - august
july - july
july - july
june - july
june - june
june - june
may - june
may - may
may - may
april - may
april - april
march - april
march - april
march - march
february - march
february - march
february - february
february - february
may - april
june - may
september - june
november - september
june - november
june - june
june - november
june - september
march - june
march - may
march - april
february - june
february - april
february - march
june - june
june - september
june - june
july - june
july - september
july - june
january - june
january - april
january - march
january - february
january - june
january - march
january - february
january - january
december - june
december - july
december - november
october - june
october - september
october - december
october - november
february - june
february - march
february - january
february - february
september - june
september - september
september - november
september - october
september - june
september - september
september - november
september - october
may - june
may - march
may - may
may - june
august - july
july - august
july - august
july - july
december - july
december - august
august - august
august - december
january - august
january - july
january - july
november - august
november - december
november - august
april - august
april - july
april - january
march - august
march - july
march - april
march - january
march - july
march - april
march - march
december - july
december - november
december - december
february - july
february - march
february - march
february - january
august - july
august - november
august - august
october - july
october - november
october - august
october - august
may - august
may - march
may - july
may - april
november - july
november - october
november - december
november - november
april - august
april - april
april - july
april - may
october - july
october - november
october - august
october - october
january - january
january - january
january - february
january - february
december - december
december - december
december - november
december - november
february - february
february - february
february - march
march - march
march - april
march - april
april - april
april - may
april - may
may - may
may - may
may - june
july - june
july - june
july - june
july - july
july - september
july - september
august - september
august - september
august - september
october - september
october - september
october - september
october - october
october - november
october - november
november - november
january - july
december - january
december - july
november - july
november - december
march - november
march - july
march - january
april - july
april - march
april - july
april - march
april - april
august - april
august - november
august - july
february - july
february - april
february - march
february - january
november - april
november - november
november - december
march - july
march - march
march - april
march - april
january - april
january - march
january - february
january - january
june - april
june - november
june - august
june - july
december - april
december - november
december - december
january - june
january - march
january - january
january - february
october - april
october - november
october - july
october - august
september - june
september - november
september - august
september - october
may - june
may - march
may - april
may - april
november - june
october - november
october - november
october - june
february - october
february - june
september - october
september - june
march - september
march - june
march - february
august - september
august - march
august - june
july - august
july - march
july - june
october - august
october - october
october - november
july - august
july - june
july - july
february - august
february - june
february - march
february - february
december - july
december - october
december - november
august - august
august - october
august - october
august - september
may - august
may - june
may - february
may - march
may - august
may - may
may - july
may - june
september - july
september - october
september - august
september - september
june - august
june - may
june - july
june - june
april - july
april - may
april - march
april - may
february - january
february - january
february - february
february - april
february - march
february - march
december - december
december - november
february - march
march - march
march - march
march - april
april - april
april - april
april - may
may - may
may - june
may - june
june - june
june - july
june - july
july - july
july - august
july - august
august - august
august - september
august - september
september - september
september - october
september - october
october - october
october - november
october - november
november - november
november - november
november - december
november - august
december - november
february - december
february - november
february - august
december - november
december - december
may - november
may - august
may - february
october - november
october - may
october - august
august - october
august - may
august - august
april - october
april - august
april - may
april - february
october - august
october - december
october - november
october - october
july - october
july - may
july - august
july - august
september - august
september - november
september - october
september - october
may - september
may - july
may - april
may - may
november - august
november - november
november - december
november - december
september - september
september - november
september - october
september - october
january - september
january - may
january - april
january - february
april - september
april - may
april - april
april - may
july - august
july - may
july - july
july - august
march - june
march - march
march - june
march - march
november - march
november - june
february - june
february - march
february - march
may - march
may - november
may - june
january - may
january - march
january - february
july - march
july - june
july - november
march - may
march - march
march - march
june - march
june - july
june - june
february - may
february - march
february - february
january - march
january - february
january - february
january - january
december - march
december - june
december - november
september - march
september - july
september - december
september - november
april - may
april - february
april - march
april - march
august - april
august - july
august - november
august - september
october - may
october - august
october - november
october - september
june - may
june - september
june - july
june - june
january - january
january - february
december - december
december - november
january - february
february - february
february - april
february - april
march - april
march - april
march - april
april - april
april - april
april - may
may - may
may - may
may - july
june - july
june - july
june - july
july - july
july - july
july - august
august - august
august - august
august - september
september - september
september - september
september - october
october - october
october - october
october - november
november - november
november - november
november - december
april - june
july - april
july - june
november - june
november - july
october - july
october - november
july - july
july - november
july - october
february - july
february - june
february - april
september - july
september - october
september - july
august - july
august - october
august - september
october - july
october - october
october - november
april - august
april - june
april - april
february - july
february - april
february - april
february - february
january - july
january - april
january - february
january - february
january - july
january - april
january - february
january - january
august - july
august - october
august - august
august - september
march - july
march - february
march - april
march - april
july - july
july - september
july - august
july - july
november - july
november - september
november - october
november - november
march - august
september - march
september - august
june - august
june - march
january - august
january - june
january - march
may - june
may - march
september - june
september - september
november - june
november - september
november - september
october - august
october - september
october - november
june - august
june - may
june - june
april - august
april - may
april - march
december - june
december - september
december - november
december - august
december - october
december - december
february - august
february - may
february - march
february - january
may - august
may - april
may - june
may - may
may - june
may - april
may - may
may - june
december - june
december - october
december - december
december - december
march - june
march - may
march - march
march - april
january - january
january - january
january - february
january - february
november - december
november - december
november - november
november - august
november - september
november - october
october - november
october - october
september - october
september - october
september - september
september - september
august - september
august - august
june - august
june - august
june - july
june - july
june - july
june - june
june - june
may - june
may - april
may - april
may - april
april - april
march - april
march - april
march - march
march - march
february - march
february - february
november - november
june - november
june - november
june - november
july - november
july - june
january - november
january - july
january - june
march - july
march - june
march - january
august - july
august - november
august - november
january - july
january - march
january - january
september - july
september - november
september - august
november - july
november - november
november - november
december - august
december - november
december - november
february - august
february - march
february - january
october - august
october - november
october - november
october - september
june - august
june - march
june - july
june - june
may - august
may - march
may - june
may - june
february - july
february - march
february - january
february - february
january - july
january - march
january - february
january - january
october - june
october - november
october - september
october - october
april - march
july - april
december - july
may - december
may - july
may - april
june - may
june - december
june - july
september - june
september - december
september - july
april - june
april - april
april - may
august - june
august - september
august - july
july - june
july - september
july - august
july - july
february - july
february - april
february - april
february - march
march - june
march - april
march - march
may - june
may - april
may - may
august - may
august - august
august - december
august - september
december - june
december - august
december - december
september - june
september - august
september - december
september - september
april - july
april - april
april - may
april - may
october - june
october - september
october - december
october - september
february - january
february - january
february - february
february - june
february - march
february - february
december - december
december - december
december - september
december - october
march - march
march - may
march - may
april - may
april - may
april - may
may - may
may - june
may - june
june - june
june - june
june - july
july - july
july - august
july - august
august - august
august - september
august - september
september - september
september - october
september - october
october - october
october - october
october - november
september - april
march - september
march - september
march - april
august - april
august - september
june - august
june - april
june - june
june - september
june - august
february - june
february - april
february - march
november - june
november - august
november - september
december - june
december - september
december - november
may - june
may - april
may - june
september - june
september - november
september - september
march - june
march - april
march - march
january - june
january - april
january - march
january - february
august - june
august - september
august - august
august - september
february - june
february - march
february - february
february - march
november - june
november - september
november - november
november - december
july - june
july - september
july - august
july - august
december - june
december - september
december - november
december - december
july - may
march - july
march - july
march - may
december - may
december - july
june - july
june - may
october - june
october - december
october - july
september - july
september - december
september - october
april - july
april - may
april - march
february - july
february - may
february - april
february - march
november - june
november - october
november - december
august - july
august - november
august - october
august - september
october - july
october - october
october - december
october - november
january - august
january - may
january - march
january - february
october - july
october - october
october - december
october - november
january - august
january - april
january - february
january - january
may - july
may - march
may - may
may - june
april - july
april - april
april - may
april - may
july - june
july - october
july - september
july - august
july - july
january - january
january - february
december - december
december - november
january - february
february - february
february - february
february - march
march - march
march - march
march - april
april - april
april - may
april - may
may - may
may - june
may - june
june - june
june - june
june - july
july - july
july - august
july - august
august - august
august - august
august - september
september - september
september - september
september - november
october - november
october - november
october - november
november - november
november - november
november - december
september - february
april - september
april - september
april - february
august - april
august - september
december - august
december - september
december - august
december - december
june - september
june - april
june - august
july - august
july - april
july - june
november - august
november - december
november - september
january - august
january - june
january - april
january - february
august - august
august - december
august - november
august - september
march - august
march - april
march - february
december - august
december - november
december - december
october - august
october - december
october - september
october - november
may - august
may - april
may - july
may - june
june - august
june - april
june - june
june - july
july - august
july - may
july - june
july - july
february - july
february - may
february - march
february - february
february - september
august - february
august - september
august - february
march - august
march - february
september - august
september - september
october - august
october - september
july - september
july - march
july - august
march - august
march - march
march - july
may - august
may - march
may - july
april - july
april - march
april - may
may - july
may - march
may - may
november - may
november - september
november - october
june - july
june - april
june - may
april - june
april - april
april - may
april - may
january - june
january - april
january - march
january - february
january - may
january - march
january - february
january - january
october - may
october - september
october - october
october - november
november - may
november - september
november - october
november - november
january - january
january - february
december - november
january - february
february - february
february - february
february - march
march - march
march - april
march - april
april - april
april - may
april - may
may - may
may - june
may - june
june - june
june - june
june - july
july - july
july - july
july - august
august - august
august - august
august - september
september - september
september - october
september - october
october - october
october - november
october - november
november - november
november - december
november - december
october - september
november - october
march - november
march - october
march - september
july - october
july - september
july - march
may - september
may - july
may - march
october - september
october - november
october - october
december - september
december - october
december - november
may - october
may - july
may - may
may - september
may - may
may - july
october - september
october - november
october - october
july - september
july - may
july - july
august - september
august - may
august - july
march - august
march - may
march - may
march - march
september - august
september - october
september - october
september - september
april - august
april - may
april - march
april - may
march - august
march - may
march - april
march - march
february - july
february - may
february - march
february - march
february - march
december - august
november - december
november - december
november - august
january - november
january - august
september - november
september - august
april - september
april - august
april - january
january - september
january - april
january - january
february - august
february - january
february - april
february - august
february - february
february - april
july - april
july - november
july - september
july - august
december - july
december - november
december - december
june - july
june - february
june - april
august - july
august - november
august - september
august - august
june - july
june - february
june - june
april - july
april - february
april - june
april - april
january - june
january - february
january - january
january - february
june - june
june - september
june - august
june - july
november - june
november - september
november - december
november - november
january - february
december - december
december - december
december - november
december - november
november - november
november - november
september - november
september - october
september - october
september - october
september - september
august - september
august - september
august - august
august - august
july - august
july - july
june - july
june - july
june - may
june - may
june - may
april - may
april - may
april - may
april - april
april - april
february - april
february - march
february - march
february - march
february - february
february - february
january - february
january - june
july - january
july - june
december - june
december - july
september - july
september - december
november - july
november - december
november - september
august - september
august - june
august - july
december - august
december - november
december - december
april - september
april - july
april - june
april - january
july - august
july - june
july - july
may - august
may - june
may - april
august - july
august - november
august - september
august - august
june - august
june - june
june - july
june - july
july - july
july - november
july - august
july - august
november - july
november - november
november - december
november - december
september - july
september - november
september - august
september - september
february - august
february - june
february - may
february - april
february - january
february - july
february - june
february - april
february - february
may - september
march - may
april - march
april - may
april - march
march - may
march - april
march - march
november - april
november - september
march - may
march - march
march - april
january - april
january - march
january - march
april - april
april - september
april - may
february - april
february - march
february - march
february - january
august - april
august - september
august - may
october - april
october - august
october - november
october - september
january - april
january - march
january - february
january - january
october - april
october - september
october - november
october - october
may - april
may - october
may - august
may - may
october - april
october - september
october - october
october - november
june - may
june - october
june - august
june - may
december - may
december - october
december - october
december - november
january - january
january - february
december - december
december - november
january - february
february - february
february - february
february - april
march - april
march - april
march - april
april - april
april - may
april - may
may - may
may - june
may - june
june - june
june - june
june - july
august - july
august - july
august - july
august - august
august - august
august - september
september - september
september - september
september - november
october - november
october - november
october - november
november - november
november - november
november - december
november - june
march - november
march - november
march - june
july - june
july - november
august - july
august - november
january - july
january - june
january - march
march - july
march - march
march - june
april - june
april - march
april - march
january - june
january - march
january - march
january - january
february - april
february - march
february - january
november - april
november - august
november - november
june - april
june - august
june - july
june - june
september - june
september - august
september - november
september - november
may - june
may - march
may - april
march - june
march - march
march - april
march - march
october - may
october - august
october - november
october - september
august - june
august - september
august - july
august - august
november - june
november - september
november - november
november - november
august - october
september - august
september - october
september - august
may - september
may - august
december - september
december - october
december - september
december - december
july - october
july - august
july - may
april - september
april - july
april - may
may - september
may - july
may - may
february - august
february - may
february - may
february - april
april - august
april - may
april - april
december - july
december - october
december - december
january - august
january - may
january - april
january - february
february - july
february - april
february - february
february - april
june - july
june - april
june - may
june - may
july - june
july - october
july - august
july - july
october - july
october - october
october - december
october - december
september - july
september - october
september - september
september - october
january - january
january - january
january - march
january - february
november - december
november - december
november - october
november - december
october - november
october - november
october - october
october - october
september - october
september - september
september - september
august - september
august - august
july - august
july - august
july - july
july - july
june - july
june - june
may - june
may - june
may - may
may - may
april - may
april - april
april - april
february - april
february - march
february - march
february - march
february - february
february - february
july - august
november - july
november - august
september - august
september - november
november - september
november - november
january - september
january - august
january - july
january - september
january - july
january - january
may - august
may - january
may - july
june - august
june - may
june - july
june - july
june - may
june - june
february - july
february - may
february - january
december - june
december - september
december - november
october - july
october - november
october - september
november - july
november - november
november - december
november - november
april - august
april - may
april - january
april - february
march - july
march - april
march - january
march - february
april - july
april - april
april - june
april - may
july - june
july - november
july - september
july - august
july - july
october - october
march - october
march - october
march - october
january - october
january - march
may - october
may - march
february - may
february - march
february - january
may - may
may - october
may - october
september - may
september - october
september - may
december - may
december - october
december - october
august - may
august - october
august - october
august - september
july - august
july - march
july - may
august - july
august - october
august - september
august - august
june - august
june - may
june - july
june - may
september - july
september - october
september - august
september - september
april - august
april - may
april - february
april - march
march - july
march - april
march - february
march - march
december - july
december - september
december - october
december - december
february - july
february - april
february - march
february - february
january - january
january - january
january - march
january - february
december - december
december - december
december - october
december - october
february - february
february - march
february - march
march - march
march - april
march - april
april - april
april - april
april - may
may - may
may - june
may - june
june - june
june - june
june - july
july - july
july - july
july - august
august - august
august - september
august - september
september - september
september - october
september - october
october - october
october - november
october - november
may - august
april - may
november - april
november - may
november - august
july - august
july - may
december - july
december - november
september - august
september - december
september - november
may - august
may - may
may - july
july - august
july - may
july - july
april - july
april - may
april - may
april - april
january - july
january - may
january - april
january - april
september - july
september - september
september - december
september - november
september - july
september - september
september - december
september - november
january - july
january - may
january - april
january - january
february - july
february - april
february - january
february - april
november - july
november - september
november - november
november - december
august - july
august - september
august - september
august - august
february - july
february - april
february - february
february - april
april - november
march - april
february - march
march - february
march - april
march - march
august - march
august - november
august - april
june - april
june - november
june - august
december - april
december - august
december - november
january - june
january - march
january - march
january - february
december - april
december - november
december - december
october - june
october - december
october - november
october - august
june - june
june - november
june - october
june - august
october - june
october - november
october - october
may - june
may - march
may - june
may - april
march - june
march - march
march - may
march - april
october - june
october - october
october - december
october - november
july - june
july - october
july - october
july - august
june - june
june - october
june - october
june - august
june - july
january - january
january - january
january - february
january - february
december - december
december - december
december - october
december - november
february - february
february - february
february - april
march - april
march - april
march - april
april - april
april - april
april - may
may - may
may - may
may - july
june - july
june - july
june - july
july - july
july - july
july - august
august - august
august - august
august - september
october - september
october - september
october - september
october - november
october - november
october - november
november - november
november - november
november - october
october - november
october - november
october - october
april - october
april - october
september - october
september - october
september - april
september - october
september - september
april - october
april - september
april - april
december - september
december - october
december - november
october - october
october - november
october - october
july - october
july - september
july - april
november - october
november - november
november - december
august - october
august - july
august - september
august - september
july - october
july - august
july - april
july - july
march - september
march - july
march - april
march - april
december - september
december - november
december - december
may - september
may - july
may - april
may - april
april - september
april - july
april - april
april - may
august - september
august - may
august - july
august - august
june - february
march - june
march - june
march - february
january - march
january - february
august - march
august - june
february - march
february - february
may - march
may - august
may - june
november - march
november - june
november - august
may - may
may - august
may - june
january - may
january - february
january - february
january - january
march - may
march - february
march - march
january - march
january - february
january - january
december - march
december - june
december - november
july - march
july - august
july - may
july - june
september - may
september - august
september - december
september - november
february - may
february - february
february - march
february - february
june - may
june - august
june - june
june - july
june - may
june - august
june - june
june - july
january - march
december - december
december - november
november - december
november - november
september - november
september - november
september - october
september - october
september - october
september - september
august - september
august - september
august - august
july - august
july - august
july - july
june - july
june - july
june - may
june - may
june - may
may - may
may - may
march - may
march - april
march - april
march - april
march - march
march - march
february - march
january - january
january - january
november - january
july - november
july - january
july - november
april - january
april - november
april - july
august - april
august - november
august - july
october - april
october - august
october - november
october - july
october - october
october - november
september - july
september - october
september - october
september - august
august - august
august - october
august - october
august - september
july - august
july - january
july - july
march - august
march - april
march - january
march - january
november - july
november - october
november - november
april - august
april - march
april - july
april - april
august - july
august - october
august - august
august - september
september - august
september - october
september - august
september - september
june - august
june - april
june - july
june - april
february - july
may - february
may - july
may - february
september - may
september - july
march - july
march - may
march - february
june - may
june - september
june - july
may - june
may - march
may - may
november - may
november - july
november - september
march - june
march - may
march - march
february - may
february - march
february - march
february - february
february - may
february - march
february - february
december - may
december - july
december - november
december - may
december - september
december - december
october - may
october - november
october - july
october - september
may - june
may - march
may - may
may - may
december - may
december - october
december - december
december - december
april - june
april - march
april - may
april - may
june - may
june - november
june - september
june - july
june - june
february - january
february - january
february - march
february - january
november - december
november - december
november - november
november - june
november - september
november - october
october - november
october - october
september - october
september - october
september - september
july - september
july - september
july - august
july - august
july - august
july - july
june - july
june - july
june - june
june - june
may - june
may - april
may - april
may - april
april - april
march - april
march - april
march - march
march - march
february - march
june - may
december - june
july - december
july - june
july - december
august - july
august - december
october - july
october - december
october - august
march - august
march - june
march - may
may - july
may - may
may - june
february - july
february - may
february - may
february - march
december - june
december - october
december - december
july - july
july - december
july - october
july - august
october - july
october - october
october - december
october - december
february - july
february - may
february - march
february - february
november - july
november - october
november - december
november - december
september - july
september - november
september - october
september - august
march - july
march - may
march - february
march - march
february - july
february - may
february - march
february - february
december - july
december - october
december - december
december - december
november - january
april - november
april - november
april - january
september - april
september - november
may - september
may - april
april - may
april - april
august - may
august - november
august - september
october - may
october - september
october - november
march - august
march - april
march - april
march - january
april - may
april - april
april - april
september - may
september - october
september - september
june - may
june - september
june - september
june - august
june - june
june - september
june - september
june - august
january - june
january - april
january - march
january - january
july - june
july - september
july - august
july - june
august - june
august - september
august - july
august - august
november - june
november - september
november - october
november - november
january - june
january - april
january - march
january - january
january - february
december - november
january - february
january - february
march - february
march - february
march - february
march - march
march - march
march - may
april - may
april - may
april - may
may - may
may - may
may - june
june - june
june - july
june - july
july - july
july - july
july - august
august - august
august - september
august - september
september - september
september - october
september - october
october - october
october - october
october - november
november - november
november - december
november - december
october - january
april - october
april - october
april - january
march - april
march - january
april - april
april - october
september - april
september - october
september - april
june - april
june - october
june - september
october - april
october - september
october - october
july - june
july - october
july - september
december - june
december - october
december - october
july - july
july - october
july - october
july - september
november - july
november - october
november - december
november - october
august - july
august - october
august - october
august - september
february - july
february - april
february - march
february - january
september - july
september - october
september - september
september - october
may - july
may - april
may - june
may - april
february - july
february - april
february - march
february - february
january - july
january - april
january - february
january - february
january - january
april - november
december - april
december - november
september - november
september - april
january - november
january - september
january - april
march - september
march - april
march - january
august - september
august - march
august - april
may - august
may - march
may - april
july - august
july - april
july - may
june - july
june - april
june - may
may - july
may - april
may - june
may - may
december - june
december - september
december - december
february - july
february - may
february - march
february - january
march - june
march - april
march - february
march - march
november - june
november - november
november - december
november - december
october - june
october - november
october - august
october - september
august - july
august - november
august - september
august - august
june - july
june - april
june - may
june - june
january - january
january - january
january - february
january - february
december - december
december - december
december - november
december - november
february - february
february - february
february - march
march - march
march - april
march - april
april - april
april - april
april - may
may - may
may - june
may - june
june - june
june - july
june - july
july - july
july - july
july - august
august - august
august - september
august - september
september - september
september - september
september - october
october - october
october - october
october - november
november - november
october - july
july - october
july - october
july - july
august - july
august - october
february - august
february - july
february - july
december - july
december - october
october - august
october - december
october - october
may - august
may - july
may - february
april - august
april - july
april - may
april - february
september - july
september - october
september - october
september - august
august - august
august - october
august - october
august - september
november - august
november - october
november - december
november - october
february - august
february - july
february - april
february - february
march - august
march - may
march - february
march - april
april - august
april - april
april - july
april - may
june - july
june - april
june - may
june - july
september - july
september - october
september - august
september - september
january - july
january - april
january - march
january - february
january - february
may - july
november - may
november - july
march - july
march - may
february - july
february - may
february - march
may - may
may - november
may - july
january - may
january - march
january - february
august - may
august - july
august - november
march - may
march - march
march - may
november - may
november - august
november - november
december - may
december - november
december - november
june - may
june - november
june - august
june - july
april - june
april - march
april - may
april - may
june - may
june - november
june - july
june - june
january - june
january - march
january - february
january - january
december - may
december - august
december - november
december - december
october - june
october - november
october - july
october - august
september - june
september - november
september - august
september - october
january - january
january - february
december - december
december - december
december - november
december - november
november - november
november - november
october - november
october - october
september - october
september - october
september - september
august - september
august - september
august - august
july - august
july - august
july - july
june - july
june - july
june - june
june - june
may - june
may - may
may - may
april - may
april - april
march - april
march - april
march - march
march - march
february - march
february - february
january - february
january - february
august - april
july - august
july - august
july - april
february - july
february - april
june - july
june - april
march - june
march - april
march - february
may - june
may - march
may - april
february - may
february - march
february - february
august - may
august - july
august - august
march - may
march - march
march - april
january - may
january - march
january - february
january - february
february - april
february - february
february - march
february - march
june - april
june - july
june - june
september - april
september - july
september - august
july - may
july - august
july - june
july - july
may - may
may - july
may - june
may - june
january - may
january - march
january - february
january - february
january - january
may - may
may - july
may - june
may - june
may - may
october - september
june - october
june - october
june - september
october - september
october - october
april - october
april - september
april - june
november - september
november - october
march - october
march - june
march - april
july - september
july - april
july - june
november - september
november - october
november - november
october - september
october - november
october - october
april - october
april - june
april - april
september - september
september - october
september - october
september - october
december - september
december - october
december - november
december - september
december - november
december - december
august - october
august - june
august - september
august - july
january - september
january - june
january - april
january - march
november - september
november - november
november - december
november - november
december - september
december - november
december - december
december - december
january - january
january - january
january - february
january - february
september - december
september - december
september - november
september - october
september - april
september - august
september - september
september - september
august - august
july - august
july - august
july - july
june - july
june - july
june - june
april - june
april - june
april - may
april - may
april - may
april - april
april - april
march - april
march - march
january - february
june - january
june - february
january - february
january - january
september - february
september - june
september - february
september - september
march - june
march - january
march - february
october - march
october - september
october - september
august - june
august - september
august - september
october - june
october - september
october - october
december - august
december - october
december - october
july - august
july - february
july - june
april - august
april - march
april - july
april - june
december - july
december - october
december - december
june - august
june - march
june - june
june - july
may - july
may - march
may - june
may - april
november - july
november - october
november - december
november - october
may - july
may - april
may - june
may - may
february - february
july - february
july - july
september - july
december - september
march - december
march - july
march - february
march - july
october - july
october - september
october - december
november - july
november - october
november - december
june - july
june - march
june - july
november - july
november - november
november - december
august - july
august - november
august - october
august - september
may - august
may - june
may - february
may - march
april - july
april - may
april - february
april - march
april - july
april - april
april - june
april - may
january - july
january - april
january - february
january - february
august - july
august - october
august - august
august - september
march - july
march - april
march - february
march - march
january - january
january - january
january - march
january - february
december - december
december - november
february - february
february - march
february - march
march - march
march - april
march - april
april - april
april - may
april - may
may - may
may - may
may - june
june - june
june - june
june - july
july - july
july - august
july - august
august - august
august - september
august - september
september - september
september - september
september - october
october - october
october - october
october - november
november - november
november - december
november - december
september - march
april - september
april - september
april - march
june - april
june - september
september - june
september - september
december - june
december - september
august - september
august - april
august - june
december - august
december - september
december - december
october - september
october - december
october - september
june - september
june - june
june - august
february - september
february - june
february - april
february - march
april - august
april - april
april - june
april - june
march - august
march - april
march - march
march - april
may - june
may - april
may - june
may - april
june - june
june - october
june - september
june - august
july - june
july - september
july - august
july - june
november - june
november - september
november - december
november - october
march - june
march - april
march - march
march - april
december - july
april - december
april - december
april - july
august - july
august - december
november - august
november - december
august - august
august - december
august - november
february - august
february - july
february - april
may - august
may - april
may - july
october - august
october - november
october - august
january - august
january - may
january - april
january - february
february - august
february - april
february - february
september - july
september - october
september - august
july - august
july - april
july - july
november - july
november - october
november - december
november - november
january - august
january - april
january - february
january - january
january - july
january - february
january - january
january - february
may - july
may - february
may - may
may - july
october - july
october - october
october - november
october - november
january - february
december - december
december - november
november - december
november - november
november - november
october - november
october - october
october - october
september - october
september - september
august - september
august - september
august - august
august - august
july - august
july - july
july - july
may - july
may - june
may - june
may - june
may - may
may - may
april - may
april - april
february - april
february - april
february - march
february - march
february - march
february - february
february - february
january - february
february - may
june - february
june - may
april - may
april - february
january - may
january - april
january - february
june - april
june - june
march - may
march - february
march - april
december - april
december - june
december - june
february - may
february - march
february - february
may - april
may - june
may - june
may - may
september - may
september - june
september - december
august - may
august - june
august - december
august - september
july - may
july - august
july - june
november - may
november - august
november - december
november - september
february - june
february - march
february - february
february - february
october - may
october - august
october - november
october - september
march - june
march - march
march - may
march - april
october - may
october - september
october - november
october - october
june - september
january - june
march - january
march - june
march - january
april - june
april - march
december - april
december - september
july - june
july - december
july - september
july - june
july - september
july - july
december - july
december - september
december - december
august - july
august - december
august - september
august - july
may - july
may - april
may - july
may - june
january - july
january - april
january - march
january - january
november - july
november - september
november - december
november - december
november - july
november - november
november - december
november - december
october - july
october - november
october - september
october - november
september - july
september - november
september - september
september - october
april - august
april - may
april - march
april - april
august - july
august - november
august - september
august - september
august - august
january - january
january - february
december - december
december - december
december - november
december - november
november - november
november - november
october - november
october - october
september - october
september - october
september - september
september - september
august - september
august - august
august - august
july - august
july - july
july - july
june - july
june - june
may - june
may - june
may - may
april - may
april - may
april - april
april - april
march - april
march - march
january - march
january - march
january - february
january - february
january - february
february - december
april - february
april - december
april - february
april - april
april - december
march - april
march - april
march - february
september - april
september - december
september - april
september - april
september - december
september - september
march - april
march - march
march - april
november - april
november - september
november - december
october - april
october - november
october - september
december - september
december - november
december - december
february - september
february - march
february - march
february - february
july - september
july - march
july - april
november - july
november - november
november - december
november - december
march - september
march - march
march - april
march - april
september - july
september - november
september - september
september - october
july - september
july - march
july - april
july - july
january - july
january - march
january - march
january - february
january - february
december - february
january - december
january - december
january - february
june - february
june - december
may - june
may - february
october - may
october - december
october - june
january - june
january - february
january - january
august - may
august - october
august - june
may - june
may - february
may - may
may - may
may - october
may - august
may - june
august - may
august - october
august - august
august - may
august - august
august - december
august - october
june - june
june - august
june - august
june - august
april - june
april - may
april - january
april - february
october - june
october - august
october - december
october - october
november - june
november - august
november - october
november - december
june - june
june - october
june - august
june - august
july - june
july - october
july - august
july - august
july - june
january - january
january - february
december - december
december - november
january - february
february - february
february - february
february - march
april - march
april - march
april - march
april - april
april - april
april - july
may - july
may - july
may - july
june - july
june - july
june - july
july - july
july - july
july - september
july - september
september - august
september - august
september - october
september - august
october - september
october - september
october - october
october - november
october - november
november - november
november - november
november - december
october - september
february - october
february - october
february - september
june - september
june - february
march - september
march - june
march - february
january - june
january - march
january - february
march - june
march - february
march - march
july - march
july - september
july - june
april - june
april - march
april - march
april - april
april - september
april - july
april - june
august - april
august - september
august - july
august - april
august - august
august - october
august - september
june - june
june - august
june - august
june - july
november - june
november - august
november - october
january - june
january - march
january - february
january - january
december - june
december - august
december - october
december - november
december - june
december - september
december - november
december - december
april - june
april - march
april - april
april - june
may - february
december - may
may - december
may - may
may - december
october - may
october - december
march - may
march - may
march - february
july - may
july - december
july - october
october - may
october - october
october - december
september - july
september - october
september - october
november - july
november - october
november - december
june - september
june - may
june - july
june - may
november - july
november - october
november - december
november - november
january - september
january - may
january - march
january - february
september - july
september - november
september - october
september - september
february - september
february - may
february - february
february - march
july - july
july - october
july - september
july - september
may - july
may - may
may - june
may - may
august - july
august - october
august - september
august - september
august - july
january - january
january - january
january - march
january - february
december - december
december - november
february - february
february - march
february - march
march - march
march - march
march - april
may - april
may - april
may - april
may - june
may - june
may - june
june - june
june - june
june - july
july - july
july - august
july - august
august - august
august - august
august - september
september - september
september - october
september - october
october - october
october - november
october - november
november - november
november - december
november - december
october - august
june - october
june - october
june - august
august - august
august - october
february - august
february - august
february - june
may - august
may - june
may - february
november - august
november - october
november - august
november - october
november - november
january - august
january - june
january - may
january - february
march - august
march - may
march - february
february - august
february - march
february - february
september - june
september - october
september - august
september - august
september - october
september - september
may - august
may - march
may - june
may - may
june - august
june - march
june - may
june - june
august - june
august - september
august - august
august - september
october - august
october - september
october - november
october - october
june - august
june - may
june - june
june - june
october - july
november - october
april - november
april - october
april - july
january - october
january - july
january - april
january - july
january - april
january - january
december - july
december - november
december - july
december - november
december - december
may - october
may - april
may - july
december - july
december - december
december - december
march - october
march - april
march - january
february - july
february - march
february - january
march - july
march - march
march - may
march - april
april - may
april - march
april - april
september - may
september - december
september - october
september - july
april - may
april - march
april - april
april - april
july - may
july - november
july - september
july - july
july - may
july - november
july - september
july - july
january - january
january - february
november - december
november - december
november - november
november - july
november - september
november - october
october - november
october - october
september - october
september - october
september - september
july - september
july - september
july - august
july - august
july - august
july - june
july - june
july - june
may - june
may - june
may - june
may - may
april - may
april - may
april - march
april - march
april - march
march - march
march - march
february - march
february - february
january - february
january - february
october - december
december - october
december - december
may - december
may - october
march - december
march - october
march - may
november - october
november - december
november - december
july - november
july - may
july - october
august - october
august - may
august - july
april - october
april - july
april - may
april - march
august - august
august - december
august - november
august - october
january - august
january - may
january - april
january - march
december - august
december - november
december - december
march - august
march - may
march - march
march - april
july - august
july - april
july - july
february - august
february - april
february - march
february - january
october - july
october - november
october - august
october - october
september - august
september - november
september - october
september - august
january - august
january - april
january - march
january - february
january - january
november - june
february - november
february - november
february - june
june - june
june - november
september - june
september - november
january - june
january - june
january - february
september - june
september - november
september - september
june - june
june - september
june - september
july - june
july - september
july - september
april - june
april - june
april - february
august - june
august - september
august - september
august - july
october - june
october - september
october - november
october - september
february - july
february - june
february - february
february - april
may - june
may - april
may - june
may - june
november - june
november - september
november - november
may - june
may - april
may - june
may - may
march - june
march - may
march - february
march - april
april - june
april - april
april - may
april - may
january - january
january - january
january - march
january - february
december - november
february - february
february - march
february - march
march - march
march - march
march - april
april - april
april - may
april - may
may - may
may - july
may - july
june - july
june - july
june - july
july - july
july - july
july - august
august - august
august - august
august - september
september - september
september - october
september - october
october - october
october - october
october - november
november - november
november - december
november - december
december - june
february - december
february - december
february - june
september - june
september - december
august - september
august - june
may - august
may - june
may - february
february - august
february - may
february - february
may - june
may - february
may - may
december - june
december - september
december - december
march - june
march - may
march - february
november - june
november - december
november - september
july - june
july - november
july - september
july - august
may - july
may - may
may - june
may - may
june - june
june - november
june - august
june - july
october - june
october - november
october - august
october - september
january - june
january - may
january - february
january - february
february - june
february - may
february - february
february - march
june - june
june - october
june - august
june - july
june - june
march - november
july - march
july - november
july - march
january - july
january - march
april - july
april - march
september - april
september - november
september - july
august - july
august - november
august - september
october - july
october - september
october - november
december - august
december - october
december - november
january - august
january - april
january - march
january - january
august - august
august - november
august - october
august - september
november - august
november - october
november - december
november - november
october - august
october - november
october - october
april - august
april - april
april - august
april - july
march - august
march - april
march - january
march - march
september - august
september - october
september - september
september - october
april - august
april - april
april - july
april - april
july - august
july - april
july - april
july - july
january - january
january - february
december - december
december - november
january - february
march - february
march - february
march - february
march - march
march - may
march - may
april - may
april - may
april - may
july - may
july - may
july - may
july - june
july - june
july - june
july - july
july - august
august - july
august - august
august - september
august - september
september - september
september - october
september - october
october - october
october - november
october - november
november - november
november - december
november - december
july - august
may - july
october - may
october - july
october - august
august - august
august - october
october - august
october - october
september - august
september - october
september - october
may - august
may - july
may - may
november - august
november - october
november - october
august - august
august - october
august - october
august - september
may - august
may - july
may - may
january - august
january - may
january - may
january - may
december - august
december - october
december - november
april - august
april - may
april - may
april - january
november - august
november - october
november - december
november - november
september - august
september - october
september - september
september - october
march - august
march - may
march - may
march - april
march - january
july - august
july - may
july - july
july - august
july - june
january - july
january - july
january - june
february - june
february - january
november - june
november - july
october - june
october - november
october - july
january - july
january - february
january - january
february - june
february - january
february - february
september - june
september - october
september - july
june - june
june - october
june - september
june - july
december - june
december - october
december - november
december - june
december - october
december - december
april - july
april - february
april - june
april - june
march - june
march - february
march - june
march - april
june - june
june - november
june - september
june - july
april - june
april - february
april - april
april - june
march - june
march - march
march - april
march - april
february - june
february - march
february - february
february - february
january - january
january - march
december - december
december - december
december - october
december - november
november - november
october - november
october - november
october - october
september - october
september - october
september - september
july - september
july - september
july - august
july - august
july - august
july - july
june - july
june - july
june - may
june - may
june - may
april - may
april - may
april - may
april - april
april - april
march - april
march - march
march - march
february - march
august - september
may - august
august - may
august - august
august - september
march - august
march - august
march - may
january - august
january - may
january - march
november - august
november - september
january - august
january - march
january - january
december - august
december - september
december - november
june - august
june - march
june - may
february - august
february - march
february - january
march - june
march - february
march - may
march - march
june - june
june - september
june - august
june - august
october - june
october - september
october - december
october - november
april - june
april - march
april - may
april - march
october - june
october - september
october - november
october - october
april - june
april - march
april - may
april - april
november - june
november - october
november - november
november - december
december - october
september - december
september - december
september - october
august - october
august - september
may - october
may - september
may - august
february - september
february - august
february - may
april - september
april - may
april - february
may - august
may - april
may - may
june - august
june - may
june - may
january - june
january - may
january - april
january - february
december - june
december - october
december - december
july - june
july - october
july - september
july - august
march - july
march - may
march - february
march - april
february - june
february - april
february - february
february - march
september - june
september - october
september - august
september - september
november - june
november - september
november - december
november - october
july - july
july - october
july - september
july - august
july - july
july - october
july - september
july - august
july - july
january - january
january - january
january - march
january - february
december - december
december - december
december - october
december - november
february - february
february - march
february - march
march - march
march - march
march - april
april - april
april - april
april - may
may - may
may - june
may - june
june - june
june - june
june - august
july - august
july - august
july - august
august - august
august - august
august - september
september - september
september - october
september - october
october - october
october - october
october - november
november - november
november - november
december - may
january - december
january - december
january - may
february - may
february - january
september - may
september - december
may - may
may - december
may - september
november - may
november - december
november - september
october - may
october - november
october - september
april - september
april - may
april - february
march - may
march - april
march - february
january - may
january - march
january - february
january - january
may - may
may - october
may - september
may - may
july - may
july - october
july - september
july - may
december - may
december - october
december - december
june - may
june - november
june - september
june - july
march - may
march - march
march - may
march - april
october - may
october - october
october - december
october - november
november - may
november - october
november - december
november - november
june - april
february - june
february - june
february - april
september - april
september - june
december - june
december - september
november - june
november - december
november - september
june - september
june - april
june - june
march - june
march - april
march - february
july - june
july - november
july - september
october - june
october - november
october - september
september - july
september - november
september - october
september - september
august - july
august - october
august - september
august - september
january - august
january - june
january - march
january - february
february - july
february - april
february - february
february - march
april - july
april - march
april - june
april - april
july - june
july - september
july - august
july - july
august - july
august - september
august - august
august - september
august - july
august - september
august - august
august - september
january - january
january - january
january - march
january - february
december - december
december - november
february - february
february - march
february - march
march - march
march - march
march - april
april - april
april - may
april - may
june - may
june - may
june - may
june - june
june - july
june - july
july - july
july - september
july - september
august - september
august - september
august - september
september - september
september - october
september - october
october - october
october - october
october - november
november - november
november - november
november - december
july - january
november - july
may - november
may - july
may - january
september - july
september - november
may - july
may - may
july - july
july - november
july - september
august - july
august - september
august - july
july - july
july - september
july - august
february - july
february - may
february - may
february - january
february - july
february - may
february - february
march - july
march - february
march - may
march - may
april - july
april - march
april - may
april - may
january - may
january - march
january - february
january - january
april - may
april - february
april - april
april - may
march - may
march - february
march - april
march - march
november - may
november - july
november - september
november - november
august - may
august - august
august - november
august - september
april - june
september - april
september - june
october - june
october - september
october - september
october - october
june - september
june - june
september - september
september - october
september - october
december - september
december - october
december - october
february - september
february - june
february - june
february - april
december - september
december - october
december - december
may - september
may - june
may - april
december - september
december - october
december - december
november - september
november - december
november - october
march - september
march - june
march - april
march - february
october - september
october - december
october - october
october - november
june - september
june - may
june - june
june - september
january - september
january - june
january - april
january - march
january - february
august - september
august - may
august - june
august - june
january - january
january - january
january - february
january - february
november - december
november - december
november - november
november - september
november - october
november - october
october - november
october - september
october - september
october - september
september - september
september - september
august - september
august - august
june - august
june - august
june - july
june - july
june - july
june - may
june - may
june - may
may - may
april - may
april - may
april - april
march - april
march - april
march - march
february - march
february - march
february - february
september - november
december - september
december - november
october - november
october - september
december - november
december - december
april - november
april - october
april - september
march - november
march - september
march - april
january - october
january - april
january - march
july - october
july - april
july - september
august - september
august - april
august - july
august - september
august - april
august - august
september - august
september - november
september - october
september - september
may - september
may - july
may - march
may - april
january - august
january - may
january - march
january - january
october - august
october - november
october - september
october - october
march - august
march - april
march - january
march - march
may - august
may - april
may - july
may - may
july - august
july - april
july - may
july - july
january - september
may - january
may - september
may - january
february - may
february - january
march - may
march - february
june - march
june - september
june - may
april - may
april - february
april - march
june - april
june - june
june - september
july - may
july - june
july - september
november - may
november - july
november - september
december - june
december - september
december - november
october - june
october - september
october - december
october - november
august - june
august - october
august - september
august - july
june - june
june - october
june - august
june - july
april - june
april - april
april - june
april - may
february - june
february - april
february - february
february - march
february - june
february - april
february - february
february - march
november - june
november - september
november - november
november - december
january - january
january - january
january - march
january - march
december - december
december - november
february - march
february - march
february - march
march - march
march - march
march - april
april - april
april - may
april - may
may - may
may - may
may - july
june - july
june - july
june - july
july - july
july - july
july - august
august - august
august - august
august - september
september - september
september - september
september - october
october - october
october - october
october - november
november - november
november - december
november - december
february - december
april - february
april - december
april - february
july - april
july - december
november - july
november - december
may - july
may - april
august - july
august - december
august - november
december - july
december - november
december - december
october - august
october - december
october - november
may - august
may - may
may - july
july - august
july - may
july - july
june - july
june - may
june - july
june - may
january - july
january - may
january - april
january - february
april - july
april - may
april - february
april - april
february - july
february - april
february - february
february - april
april - june
april - april
april - may
april - april
september - june
september - october
september - july
september - august
october - june
october - october
october - december
october - november
august - may
september - august
january - september
january - august
january - may
september - august
september - september
november - august
november - september
august - september
august - may
august - august
december - august
december - september
december - november
june - september
june - august
june - may
january - august
january - june
january - may
january - january
march - august
march - may
march - january
october - august
october - september
october - december
october - november
february - august
february - may
february - january
february - march
june - august
june - march
june - june
november - august
november - october
november - december
november - november
march - august
march - march
march - june
march - may
july - august
july - march
july - june
july - june
march - july
march - march
march - june
march - may
january - january
january - february
december - december
december - november
january - february
february - february
february - february
february - april
march - april
march - april
march - april
may - april
may - april
may - april
may - may
may - may
may - june
june - june
june - july
june - july
july - july
july - july
july - august
august - august
august - september
august - september
september - september
september - october
september - october
october - october
october - october
october - november
november - november
november - december
november - december
december - june
november - december
november - december
november - june
november - november
november - december
november - november
november - december
july - november
july - november
july - june
february - november
february - july
february - june
march - november
march - june
march - february
august - november
august - june
august - july
february - august
february - june
february - march
february - february
december - august
december - november
december - december
september - august
september - november
september - november
september - november
may - september
may - june
may - february
may - march
january - august
january - may
january - february
january - february
june - august
june - march
june - june
june - july
march - july
march - march
march - june
march - may
october - july
october - november
october - september
october - november
march - july
march - march
march - june
march - may
january - june
september - january
september - june
april - june
april - january
september - june
september - september
october - june
october - september
april - september
april - april
april - june
april - june
april - april
april - april
july - june
july - september
july - september
october - june
october - september
october - october
may - july
may - april
may - june
may - april
august - june
august - september
august - september
august - july
december - july
december - september
december - october
may - july
may - april
may - june
may - may
august - july
august - october
august - september
august - august
january - july
january - april
january - april
january - january
february - july
february - april
february - april
february - january
july - june
july - september
july - august
july - august
july - july
january - january
january - february
december - december
december - october
january - february
february - february
february - february
february - march
april - march
april - march
april - march
april - may
april - may
april - may
may - may
may - june
may - june
june - june
june - june
june - july
july - july
july - august
july - august
august - august
august - september
august - september
september - september
september - october
september - october
october - october
october - november
october - november
april - august
november - april
november - august
march - august
march - april
october - august
october - november
december - august
december - november
april - october
april - april
april - august
july - august
july - april
july - april
october - august
october - november
october - october
march - august
march - april
march - april
march - march
june - august
june - april
june - july
june - april
december - july
december - october
december - december
february - august
february - april
february - march
february - march
august - july
august - november
august - october
august - august
september - august
september - november
september - october
september - august
april - august
april - april
april - june
april - april
may - august
may - april
may - june
may - april
january - july
january - april
january - march
january - march
january - february
july - march
may - july
may - july
may - march
february - may
february - march
december - may
december - july
june - may
june - december
june - july
august - june
august - december
august - july
september - june
september - august
september - december
july - july
july - september
july - august
january - july
january - may
january - march
january - february
february - july
february - march
february - february
october - june
october - august
october - december
october - september
january - july
january - march
january - february
january - january
may - june
may - february
may - may
september - june
september - september
september - december
september - october
june - june
june - september
june - july
june - july
november - june
november - september
november - october
november - december
november - june
november - september
november - november
november - december
january - january
january - february
december - december
december - november
january - february
february - february
february - march
february - march
march - march
march - march
march - april
may - april
may - april
may - april
may - may
may - june
may - june
june - june
june - july
june - july
july - july
july - august
july - august
august - august
august - august
august - september
september - september
september - october
september - october
october - october
october - october
october - november
november - november
november - december
november - december
october - april
march - october
march - october
march - april
june - april
june - october
october - june
october - october
december - june
december - october
may - october
may - april
may - june
february - june
february - april
february - march
september - june
september - october
september - october
september - june
september - october
september - october
september - september
august - september
august - april
august - june
december - august
december - october
december - december
october - september
october - october
october - december
october - december
september - september
september - october
september - october
september - september
january - september
january - may
january - march
january - february
january - september
january - april
january - february
january - january
february - september
february - april
february - february
february - march
april - august
april - march
april - may
april - april
april - july
august - april
august - july
january - july
january - april
february - july
february - april
february - january
march - april
march - february
june - april
june - august
june - july
august - april
august - july
august - august
november - june
november - august
november - august
november - june
november - august
november - november
march - july
march - march
march - june
march - april
july - june
july - august
july - august
july - july
december - july
december - august
december - november
june - july
june - march
june - june
may - july
may - march
may - june
may - april
november - june
november - august
november - november
november - december
july - july
july - november
july - august
july - july
may - july
may - april
may - june
may - may
january - january
january - january
january - february
january - february
december - december
december - november
february - february
february - february
february - march
march - march
march - april
march - april
april - april
april - april
april - may
may - may
may - june
may - june
june - june
june - august
june - august
july - august
july - august
july - august
august - august
august - september
august - september
november - september
november - september
november - september
november - october
november - october
november - october
november - december
november - december
november - december
march - november
april - march
april - november
april - march
november - april
november - november
december - november
december - november
june - november
june - april
march - november
march - april
march - march
august - june
august - november
august - november
january - august
january - april
january - march
january - march
october - june
october - november
october - november
october - august
december - august
december - november
december - december
may - august
may - march
may - june
may - april
september - august
september - november
september - november
september - october
june - august
june - april
june - june
may - august
may - april
may - june
may - may
february - june
february - april
february - march
february - january
may - june
may - april
may - may
may - june
december - june
december - november
december - december
december - december
february - october
october - february
october - october
november - october
november - october
january - october
january - october
january - february
april - october
april - february
january - october
january - february
january - january
april - april
april - october
april - october
august - april
august - october
august - october
march - april
march - february
march - april
september - april
september - october
september - october
september - august
september - april
september - october
september - september
june - august
june - march
june - april
july - june
july - october
july - september
july - august
august - july
august - october
august - september
august - august
july - july
july - september
july - august
july - august
july - july
july - september
july - august
july - august
february - july
february - april
february - february
february - march
january - january
january - february
december - november
january - february
february - february
february - march
february - march
march - march
march - march
march - april
april - april
april - may
april - may
june - may
june - may
june - may
june - june
june - june
june - august
july - august
july - august
july - august
august - august
august - september
august - september
september - september
september - october
september - october
october - october
october - november
october - november
november - november
november - november
november - december
july - january
september - july
june - september
june - july
june - january
january - july
january - june
january - january
december - june
december - september
march - july
march - january
march - june
november - june
november - september
november - december
july - july
july - november
july - september
december - july
december - november
december - december
april - july
april - march
april - july
april - june
september - july
september - november
september - september
may - july
may - april
may - july
may - june
december - july
december - november
december - december
march - july
march - april
march - january
march - march
february - july
february - march
february - january
february - march
july - july
july - november
july - september
july - july
may - july
may - march
may - may
may - june
june - august
march - june
april - march
april - june
april - march
october - june
october - august
august - june
august - october
august - august
september - august
september - october
september - august
february - august
february - april
february - march
june - august
june - april
june - june
february - june
february - april
february - march
february - february
january - june
january - march
january - february
january - february
august - june
august - august
august - october
august - september
october - june
october - august
october - october
november - june
november - september
november - october
november - august
november - october
november - november
october - august
october - october
october - november
october - october
april - august
april - april
april - june
april - june
may - august
may - april
may - june
may - april
january - january
january - january
january - march
january - february
december - november
february - february
february - march
february - march
march - march
march - march
march - april
april - april
april - may
april - may
may - may
may - may
may - june
june - june
june - july
june - july
august - july
august - july
august - july
august - september
august - september
august - september
september - september
september - september
september - november
october - november
october - november
october - november
november - november
november - december
november - december
august - april
august - august
april - august
april - august
april - april
september - august
september - august
december - august
december - september
november - august
november - december
november - september
november - august
november - november
november - december
february - september
february - august
february - april
february - april
august - august
august - november
august - november
august - september
june - august
june - april
june - august
june - august
october - august
october - november
october - september
september - august
september - november
september - october
september - september
may - august
may - june
may - april
may - april
december - august
december - november
december - december
march - august
march - may
march - april
march - february
january - august
january - may
january - april
january - march
january - february
october - august
october - november
october - september
october - october
october - february
june - october
june - october
june - february
july - june
july - october
january - july
january - june
january - february
july - june
july - october
july - july
september - july
september - october
september - july
may - july
may - february
may - june
may - july
may - may
may - june
april - june
april - may
april - february
march - june
march - april
march - february
november - may
november - july
november - october
december - june
december - september
december - november
july - june
july - october
july - july
july - september
june - july
june - april
june - may
june - june
february - june
february - april
february - february
february - march
january - june
january - april
january - february
january - february
january - january
march - june
march - march
march - may
march - april
january - january
january - february
december - december
december - november
january - february
february - february
february - march
february - march
march - march
march - april
march - april
april - april
april - april
april - may
may - may
may - june
may - june
june - june
june - august
june - august
july - august
july - august
july - august
september - august
september - august
september - august
september - september
september - september
september - october
october - october
october - october
october - november
november - november
november - november
november - december
march - october
july - march
july - october
july - march
november - july
november - october
march - october
march - july
march - march
may - july
may - march
september - july
september - november
september - october
april - july
april - march
april - may
july - july
july - october
july - september
december - july
december - october
december - november
august - july
august - november
august - october
august - september
january - july
january - april
january - march
january - march
november - july
november - october
november - december
november - november
october - july
october - november
october - september
october - october
october - august
october - november
october - october
october - october
may - august
may - april
may - july
may - may
september - august
september - october
september - october
september - september
june - august
june - may
june - july
june - may
september - june
march - september
march - september
march - june
april - june
april - march
august - june
august - september
june - june
june - september
june - august
may - june
may - april
may - june
february - june
february - april
february - march
february - june
february - april
february - march
february - february
january - may
january - march
january - february
january - february
august - may
august - august
august - september
november - may
november - august
november - september
december - june
december - august
december - november
december - june
december - september
december - december
july - june
july - november
july - august
july - august
february - june
february - march
february - february
february - february
april - june
april - march
april - may
april - april
january - june
january - march
january - february
january - february
january - january
january - january
january - march
december - december
december - december
december - september
december - november
november - november
september - november
september - november
september - october
september - october
september - october
september - september
august - september
august - september
august - august
august - august
july - august
july - july
june - july
june - july
june - june
june - june
may - june
may - may
april - may
april - may
april - april
april - april
march - april
march - march
february - march
february - march
november - july
december - november
january - december
january - november
january - july
march - november
march - july
march - january
may - july
may - march
august - july
august - december
august - november
august - july
august - november
august - august
september - august
september - november
september - august
february - august
february - may
february - march
february - january
september - august
september - november
september - september
june - august
june - march
june - july
june - may
may - august
may - may
may - july
may - june
july - july
july - september
july - august
july - august
december - july
december - september
december - december
october - july
october - september
october - december
october - november
november - august
november - october
november - december
november - november
march - august
march - may
march - march
march - may
december - march
january - december
january - december
january - march
april - march
april - december
may - april
may - december
november - april
november - december
november - may
september - may
september - december
september - november
july - may
july - november
july - september
february - july
february - april
february - march
february - january
june - may
june - november
june - september
june - july
april - june
april - march
april - may
april - april
october - may
october - september
october - december
october - november
february - june
february - april
february - february
february - march
october - may
october - october
october - december
october - november
august - june
august - october
august - september
august - july
june - june
june - october
june - august
june - july
april - june
april - april
april - may
april - april
january - june
january - april
january - february
january - february
january - january
january - january
january - february
december - december
december - november
january - february
february - february
february - march
february - march
march - march
march - march
march - may
april - may
april - may
april - may
may - may
may - may
may - june
june - june
june - july
june - july
july - july
july - july
july - august
august - august
august - august
august - september
september - september
september - september
september - october
october - october
october - november
october - november
november - november
november - november
november - december
october - april
december - october
october - december
october - october
october - december
april - october
april - october
april - april
march - october
march - april
march - april
december - october
december - december
february - october
february - april
february - march
february - october
february - april
february - march
february - february
june - april
june - december
june - october
june - october
august - june
august - december
august - october
august - october
september - june
september - october
september - october
september - august
march - august
march - april
march - february
march - march
november - june
november - october
november - december
november - december
july - august
july - march
july - april
july - june
may - july
may - march
may - april
may - june
september - july
september - october
september - september
september - october
september - july
september - october
september - september
september - october
february - november
may - february
may - november
may - february
june - may
june - november
october - june
october - november
june - june
june - november
june - october
august - june
august - november
august - october
july - june
july - october
july - august
november - july
november - october
november - november
january - july
january - june
january - may
january - february
january - july
january - may
january - february
january - january
december - june
december - october
december - november
july - july
july - november
july - october
july - august
may - july
may - may
may - june
may - june
january - july
january - may
january - january
january - february
august - june
august - october
august - july
august - august
april - july
april - may
april - january
april - february
march - june
march - april
march - january
march - february
january - february
december - december
december - november
november - december
november - november
november - november
october - november
october - october
august - october
august - october
august - september
august - september
august - september
august - august
august - august
july - august
july - july
july - july
june - july
june - june
june - june
may - june
may - may
may - may
april - may
april - april
march - april
march - april
march - march
february - march
february - march
february - february
january - february
january - february
september - october
july - september
march - july
june - march
june - september
june - july
june - march
august - july
august - october
august - september
may - august
may - june
may - march
march - july
march - may
march - march
december - july
december - september
december - october
may - july
may - may
may - june
february - july
february - may
february - march
february - march
january - june
january - march
january - march
january - february
december - june
december - september
december - december
march - june
march - march
march - may
march - may
july - june
july - october
july - august
july - july
november - june
november - september
november - december
november - october
february - july
february - march
february - march
february - february
january - june
january - march
january - february
january - february
january - january
june - january
september - june
april - september
april - june
april - january
december - june
december - september
may - june
may - april
february - june
february - april
february - january
june - may
june - september
june - june
july - june
july - september
july - june
november - june
november - september
november - december
august - june
august - november
august - september
august - july
november - june
november - september
november - december
november - november
april - july
april - may
april - february
april - april
april - june
april - april
april - june
april - may
august - june
august - november
august - august
august - september
october - june
october - september
october - november
october - november
september - july
september - october
september - august
september - september
october - july
october - october
october - november
october - november
january - january
january - january
january - february
january - february
december - december
december - november
february - february
february - february
february - march
april - march
april - march
april - march
april - may
april - may
april - may
may - may
may - may
may - june
june - june
june - july
june - july
july - july
july - july
july - august
august - august
august - september
august - september
september - september
september - october
september - october
october - october
october - november
october - november
november - november
november - december
november - december
september - december
may - september
august - may
august - september
august - may
may - september
may - august
may - may
july - august
july - may
november - august
november - december
november - september
august - august
august - november
august - september
june - august
june - july
june - may
april - august
april - june
april - may
april - may
november - august
november - november
november - december
september - august
september - november
september - september
october - august
october - november
october - september
july - august
july - june
july - august
july - july
august - august
august - november
august - september
august - september
march - august
march - june
march - may
march - april
april - august
april - june
april - may
april - april
january - august
january - may
january - april
january - april
january - march
september - february
december - september
march - december
march - september
march - february
november - september
november - december
october - september
october - december
october - november
march - october
march - march
march - september
june - september
june - march
june - march
april - september
april - march
april - june
february - june
february - march
february - march
february - february
october - june
october - november
october - october
july - june
july - october
july - october
july - september
december - july
december - october
december - december
may - july
may - march
may - june
may - april
february - july
february - march
february - february
february - march
january - june
january - march
january - february
january - february
january - june
january - march
january - february
january - february
january - january
june - may
june - october
june - september
june - july
june - june
january - january
january - march
december - december
december - december
december - october
december - november
november - november
october - november
october - november
october - october
october - october
september - october
september - september
july - september
july - september
july - august
july - august
july - august
july - july
june - july
june - july
june - june
june - june
may - june
may - may
april - may
april - may
april - april
march - april
march - april
march - march
march - march
february - march
october - september
may - october
may - october
may - september
january - september
january - may
july - september
july - may
december - july
december - october
june - september
june - may
june - july
june - july
june - may
june - june
july - july
july - october
july - september
april - july
april - june
april - may
april - january
march - july
march - may
march - april
march - january
august - june
august - september
august - july
january - july
january - may
january - march
january - january
june - june
june - september
june - july
june - july
august - june
august - september
august - july
august - august
september - june
september - august
september - october
september - september
november - july
november - september
november - october
november - december
july - july
july - september
july - august
july - august
july - july
february - october
december - february
december - october
april - october
april - february
may - october
may - april
january - may
january - april
january - february
march - may
march - february
march - april
october - april
october - october
october - december
february - may
february - march
february - february
august - april
august - october
august - october
august - may
november - may
november - october
november - december
september - may
september - october
september - october
september - august
february - august
february - march
february - february
february - february
may - may
may - october
may - september
may - august
march - may
march - february
march - april
march - march
december - may
december - october
december - november
december - december
november - may
november - october
november - december
november - november
april - may
april - march
april - april
april - may
january - january
january - january
january - april
january - march
december - december
december - december
december - november
december - november
february - march
february - march
february - march
march - march
march - april
march - april
april - april
april - may
april - may
may - may
may - june
may - june
august - june
august - june
august - june
august - july
august - july
august - july
august - august
august - august
august - september
september - september
september - september
september - october
october - october
october - november
october - november
november - november
june - december
february - june
august - february
august - june
august - december
october - august
october - december
april - august
april - june
april - february
april - august
april - april
april - june
february - june
february - april
february - february
march - june
march - april
march - february
september - april
september - october
september - august
august - june
august - october
august - september
august - august
july - june
july - september
july - august
july - august
november - july
november - september
november - december
november - october
november - july
november - october
november - december
november - november
july - august
july - april
july - june
july - july
may - july
may - april
may - june
may - april
october - july
october - october
october - november
october - november
august - july
august - october
august - september
august - august
december - february
july - december
july - december
july - february
january - july
january - february
may - july
may - february
november - may
november - december
november - july
january - july
january - february
january - january
june - may
june - november
june - july
october - june
october - november
october - july
december - june
december - november
december - december
march - july
march - february
march - june
march - may
april - june
april - february
april - may
april - march
may - june
may - march
may - may
june - may
june - november
june - july
june - june
september - june
september - november
september - july
september - october
september - june
september - october
september - july
september - september
march - june
march - april
march - february
march - march
january - june
january - march
january - february
january - january
january - february
december - december
december - december
december - october
december - november
november - november
october - november
october - november
october - october
september - october
september - october
september - september
september - september
july - september
july - august
july - august
july - august
july - july
june - july
june - july
june - june
june - june
may - june
may - may
may - may
april - may
april - april
march - april
march - april
march - march
march - march
february - march
february - february
january - february
january - february
may - may
february - may
february - may
february - may
may - may
may - may
october - may
october - may
august - may
august - october
august - may
october - may
october - october
july - may
july - october
july - august
december - july
december - october
december - october
june - july
june - may
june - may
january - july
january - may
january - may
january - february
january - june
january - may
january - february
january - january
december - june
december - october
december - december
march - june
march - may
march - january
march - february
june - june
june - october
june - august
june - july
september - june
september - october
september - july
september - august
july - june
july - october
july - august
july - july
april - june
april - may
april - february
april - march
september - september
december - september
july - december
july - september
july - september
february - september
february - september
february - july
june - september
june - july
june - february
march - september
march - june
march - february
march - july
march - march
march - june
october - july
october - september
october - december
august - july
august - october
august - september
august - september
february - august
february - march
february - march
february - february
november - july
november - september
november - december
november - october
november - august
november - october
november - december
november - november
january - august
january - march
january - february
january - february
november - august
november - november
november - december
november - november
august - august
august - november
august - september
august - september
april - august
april - march
april - july
april - june
april - august
april - march
april - june
april - april
january - january
january - january
january - march
january - february
december - december
december - november
february - february
february - march
february - march
march - march
march - april
march - april
april - april
april - may
april - may
june - may
june - may
june - may
june - june
june - june
june - july
july - july
july - july
july - august
august - august
august - september
august - september
september - september
september - october
september - october
october - october
october - october
october - december
november - december
november - december
november - december
july - december
june - july
october - june
october - july
october - december
march - october
march - july
march - june
july - july
july - december
july - october
january - july
january - june
january - march
september - july
september - october
september - july
september - july
september - october
september - september
may - july
may - june
may - march
february - july
february - may
february - march
february - january
june - july
june - march
june - june
february - july
february - may
february - february
february - march
august - june
august - september
august - july
august - september
july - july
july - september
july - august
july - july
april - july
april - march
april - june
april - may
june - july
june - april
june - june
june - june
august - june
august - september
august - july
august - august
august - december
february - august
october - february
october - august
october - december
may - october
may - august
may - february
january - august
january - may
january - february
april - august
april - february
april - may
november - may
november - october
november - december
december - august
december - november
december - december
march - august
march - april
march - february
november - august
november - december
november - november
october - august
october - november
october - november
october - october
april - october
april - april
april - august
april - may
may - august
may - april
may - may
march - august
march - april
march - february
march - march
january - may
january - march
january - february
january - january
september - may
september - november
september - october
september - august
november - may
november - november
november - december
november - november
january - january
january - february
december - december
december - december
december - november
december - november
november - october
november - october
november - october
october - october
october - october
september - october
september - september
august - september
august - september
august - august
may - august
may - august
may - july
may - july
may - july
may - june
may - june
may - june
may - may
may - may
may - april
april - april
april - april
march - april
march - march
march - march
february - march
february - february
january - february
january - february
october - january
january - october
january - october
january - january
march - january
march - october
july - march
july - october
may - march
may - october
may - july
september - may
september - october
september - july
november - may
november - september
november - october
january - july
january - march
january - january
may - may
may - october
may - september
may - july
september - may
september - october
september - september
july - may
july - september
july - september
july - july
february - july
february - march
february - january
february - january
october - may
october - september
october - november
october - october
august - july
august - october
august - september
august - july
august - july
august - september
august - august
august - september
april - july
april - march
april - may
april - may
april - july
april - march
april - may
april - april
march - september
july - march
july - september
july - march
november - july
november - september
may - september
may - july
may - march
august - july
august - november
august - september
november - august
november - november
april - august
april - may
april - march
june - august
june - may
june - july
october - july
october - november
october - september
february - august
february - may
february - april
february - march
december - july
december - october
december - november
march - august
march - may
march - march
march - april
february - july
february - april
february - march
february - february
june - july
june - march
june - may
june - june
june - june
june - october
june - august
june - july
december - june
december - october
december - november
december - december
december - june
december - november
december - december
december - december
february - january
february - january
february - february
february - may
february - april
february - march
november - december
november - december
november - november
november - august
november - october
november - november
october - october
september - october
september - october
september - september
august - september
august - september
august - august
july - august
july - august
july - july
june - july
june - july
june - may
june - may
june - may
may - may
april - may
april - may
april - april
march - april
march - april
march - march
march - march
february - march
february - july
september - february
september - july
september - july
september - september
june - september
june - july
june - february
october - july
october - september
august - september
august - june
august - july
june - august
june - june
june - july
february - august
february - june
february - june
february - february
november - july
november - september
november - october
april - august
april - june
april - february
december - july
december - september
december - november
november - august
november - october
november - december
november - november
may - august
may - june
may - february
may - april
october - august
october - november
october - september
october - october
january - august
january - may
january - february
january - february
may - august
may - may
may - june
may - june
december - july
december - october
december - november
december - december
april - april
june - april
august - june
november - august
september - november
september - june
september - november
september - august
march - august
march - april
march - april
february - june
february - april
february - march
august - june
august - september
august - august
january - june
january - april
january - march
january - february
october - june
october - september
october - november
january - june
january - march
january - february
january - january
december - june
december - september
december - november
march - june
march - march
march - april
march - april
may - june
may - march
may - april
may - april
march - may
march - march
march - april
march - march
july - may
july - september
july - august
july - june
july - may
july - september
july - august
july - july
january - january
january - february
december - december
december - november
january - february
february - february
february - february
february - april
march - april
march - april
march - april
april - april
april - may
april - may
may - may
may - may
may - june
june - june
june - june
june - july
july - july
july - august
july - august
august - august
august - september
august - september
september - september
september - september
september - october
october - october
october - october
october - november
november - november
november - november
november - december
march - august
november - march
november - august
march - august
march - march
june - august
june - march
january - june
january - march
january - march
may - june
may - march
may - march
october - may
october - august
october - november
november - june
november - october
november - november
july - june
july - november
july - october
july - august
december - july
december - november
december - november
january - july
january - march
january - march
january - january
december - july
december - november
december - december
january - july
january - march
january - january
january - march
july - july
july - november
july - october
july - august
february - july
february - march
february - january
february - january
may - july
may - march
may - may
may - june
december - june
december - november
december - december
december - december
october - february
april - october
april - october
april - february
april - april
april - october
october - april
october - october
february - april
february - april
february - february
may - april
may - october
may - october
august - april
august - october
august - may
september - may
september - october
september - august
september - may
september - october
september - september
june - august
june - april
june - may
november - june
november - september
november - october
september - august
september - october
september - september
august - august
august - october
august - september
august - september
july - august
july - april
july - june
july - august
june - august
june - april
june - june
june - july
march - august
march - may
march - april
march - february
april - july
april - april
april - june
april - may
february - january
february - january
february - february
february - may
february - march
february - march
december - november
february - march
march - march
march - march
march - may
april - may
april - may
april - may
may - may
may - may
may - june
june - june
june - july
june - july
july - july
july - july
july - august
august - august
august - october
august - october
september - october
september - october
september - october
october - october
october - november
october - november
november - november
november - november
november - december
june - april
november - june
april - november
april - june
april - april
march - june
march - april
march - april
february - april
february - april
february - march
january - april
january - march
january - february
december - april
december - june
december - november
april - april
april - november
april - june
august - april
august - november
august - june
october - april
october - november
october - august
october - april
october - october
october - december
october - november
july - june
july - october
july - october
july - august
december - june
december - october
december - december
july - july
july - november
july - october
july - august
december - july
december - october
december - december
december - december
may - july
may - april
may - june
may - april
november - july
november - november
november - december
november - december
october - february
november - october
june - november
june - october
june - february
july - october
july - june
march - july
march - june
march - february
september - july
september - november
september - october
june - july
june - march
june - june
january - july
january - june
january - march
january - february
february - june
february - march
february - february
september - june
september - october
september - september
may - june
may - february
may - june
may - march
january - june
january - march
january - february
january - january
august - june
august - september
august - july
august - september
may - june
may - february
may - may
may - june
march - june
march - february
march - may
march - march
september - june
september - september
september - october
september - september
august - june
august - september
august - august
august - september
january - january
january - february
december - november
january - february
february - february
february - march
february - march
march - march
march - april
march - april
may - april
may - april
may - april
may - may
may - june
may - june
june - june
june - july
june - july
july - july
july - july
july - august
august - august
august - october
august - october
september - october
september - october
september - october
october - october
october - october
october - november
november - november
november - november
november - december
june - may
april - june
april - june
april - may
november - may
november - june
july - june
july - november
october - june
october - november
october - july
september - july
september - november
september - october
august - july
august - october
august - september
october - august
october - october
october - november
may - august
may - june
may - may
december - august
december - october
december - november
june - august
june - may
june - july
june - june
april - august
april - june
april - may
april - april
september - july
september - october
september - september
september - october
december - august
december - october
december - december
october - august
october - october
october - december
october - november
july - september
july - june
july - july
july - august
september - august
september - october
september - october
september - september
august - march
march - august
march - august
march - march
january - march
january - march
july - march
july - august
november - march
november - august
april - july
april - march
april - march
january - april
january - march
january - january
june - april
june - august
june - july
february - april
february - march
february - january
november - april
november - august
november - november
january - april
january - february
january - january
december - april
december - august
december - november
february - april
february - february
february - march
february - march
march - april
march - february
march - march
march - march
may - march
may - august
may - june
may - april
february - april
february - february
february - march
february - march
august - march
august - august
august - november
august - november
january - april
december - december
december - november
november - december
november - november
november - november
august - november
august - october
august - october
august - october
august - september
august - september
august - september
august - august
august - august
august - july
july - july
june - july
june - july
june - june
may - june
may - june
may - may
april - may
april - may
april - april
march - april
march - april
december - july
november - december
november - december
november - july
august - november
august - july
july - november
july - august
july - july
march - august
march - july
march - july
january - august
january - july
january - march
june - july
june - march
june - july
january - july
january - june
january - march
january - january
june - july
june - march
june - june
february - july
february - march
february - january
september - june
september - august
september - december
september - november
november - july
november - september
november - december
november - november
january - july
january - march
january - january
january - february
may - july
may - february
may - june
may - march
october - june
october - september
october - november
october - november
february - july
february - march
february - january
february - february
april - june
april - february
april - may
april - march
september - december
october - september
october - december
october - september
march - october
march - september
september - october
september - september
may - september
may - september
may - march
august - september
august - may
august - september
march - september
march - may
march - march
august - september
august - may
august - august
may - august
may - may
may - august
april - august
april - may
april - march
april - august
april - april
april - may
april - may
october - august
october - september
october - december
october - october
february - august
february - april
february - march
february - march
november - august
november - october
november - december
november - october
june - august
june - april
june - may
june - may
july - august
july - april
july - may
july - june
december - july
december - october
december - november
december - december
february - january
february - january
february - february
february - may
february - march
february - february
december - december
december - december
december - october
december - november
march - march
march - april
march - april
april - april
april - may
april - may
may - may
may - june
may - june
june - june
june - june
june - july
july - july
july - july
july - august
august - august
august - september
august - september
september - september
september - october
september - october
october - october
october - november
october - november
november - november
november - november
april - may
january - april
may - january
may - april
may - may
june - may
june - may
august - may
august - june
november - may
november - august
october - may
october - august
october - november
august - june
august - october
august - august
november - june
november - october
november - november
february - august
february - may
february - april
february - january
october - june
october - october
october - november
october - november
february - august
february - may
february - february
february - april
may - june
may - april
may - may
june - june
june - october
june - august
june - august
november - june
november - october
november - november
november - november
july - june
july - october
july - august
july - august
september - june
september - october
september - august
september - october
february - july
august - february
august - july
december - july
december - august
september - august
september - december
march - august
march - july
march - february
june - august
june - march
june - july
september - july
september - september
september - december
january - august
january - june
january - march
january - february
january - july
january - march
january - february
january - january
december - july
december - september
december - december
december - july
december - september
december - december
october - august
october - december
october - september
march - august
march - march
march - july
march - june
april - august
april - march
april - june
april - march
july - july
july - october
july - september
july - august
april - july
april - march
april - june
april - april
march - july
march - march
march - april
march - april
january - january
january - february
november - december
november - december
november - october
november - december
october - november
october - november
october - october
september - october
september - october
september - september
september - september
august - september
august - august
july - august
july - august
july - july
july - july
june - july
june - june
april - june
april - june
april - may
april - may
april - may
april - april
april - april
march - april
march - february
march - february
march - february
february - february
january - february
january - february
may - october
june - may
june - october
june - may
september - june
september - october
march - september
march - june
march - may
march - june
march - may
march - march
march - june
march - march
march - may
august - may
august - september
august - june
april - june
april - march
april - may
june - may
june - september
june - august
june - june
february - june
february - march
february - march
february - march
september - may
september - august
september - october
september - september
april - june
april - march
april - may
april - april
october - may
october - september
october - october
november - june
november - september
november - october
july - june
july - september
july - august
july - june
december - june
december - september
december - october
december - november
july - june
july - october
july - september
july - august
july - july
january - october
january - january
january - october
january - january
january - january
january - october
december - january
december - october
may - january
may - december
may - october
may - may
may - december
may - october
june - may
june - october
june - may
september - may
september - october
september - june
august - may
august - october
august - september
august - june
july - june
july - october
july - september
july - august
november - june
november - september
november - december
november - october
august - july
august - october
august - september
august - august
december - july
december - october
december - december
february - august
february - may
february - january
february - january
april - july
april - february
april - may
april - may
november - july
november - october
november - december
november - november
february - july
february - april
february - january
february - february
january - february
december - december
december - december
december - november
december - november
november - november
november - november
october - november
october - october
september - october
september - october
september - september
august - september
august - september
august - august
august - august
july - august
july - july
june - july
june - july
june - june
may - june
may - june
may - may
may - may
april - may
april - april
february - april
february - april
february - march
february - march
february - march
february - february
february - february
january - february
february - august
january - february
september - january
september - february
september - august
november - august
november - september
june - august
june - february
december - august
december - november
december - august
december - november
december - december
august - september
august - june
august - august
august - august
august - december
august - november
august - september
september - august
september - december
september - november
september - september
march - august
march - june
march - february
july - august
july - june
july - august
july - august
october - august
october - november
october - september
october - september
january - august
january - june
january - february
january - january
april - august
april - march
april - july
april - june
july - august
july - april
july - july
july - august
january - august
january - april
january - february
january - january
may - july
june - may
june - july
june - may
february - june
february - may
november - june
november - july
september - june
september - november
september - july
december - july
december - november
october - july
october - november
october - september
february - september
february - june
february - may
february - february
may - july
may - may
may - june
october - july
october - november
october - october
march - july
march - may
march - february
march - july
march - may
march - february
march - march
may - june
may - march
may - may
april - june
april - march
april - may
april - may
june - may
june - october
june - july
june - june
april - june
april - april
april - may
april - may
november - may
november - october
november - november
november - december
february - january
february - january
february - february
february - july
february - april
february - march
december - december
december - november
february - march
march - march
march - april
march - april
april - april
april - june
april - june
may - june
may - june
may - june
june - june
june - july
june - july
july - july
july - july
july - august
september - august
september - august
september - august
september - september
september - september
september - october
october - october
october - november
october - november
november - november
november - december
november - december
january - july
september - january
september - july
march - july
march - january
april - july
april - march
august - april
august - september
august - july
may - july
may - march
may - april
august - may
august - august
august - september
may - july
may - april
may - may
august - may
august - august
august - september
december - july
december - august
december - september
june - july
june - april
june - may
january - july
january - may
january - march
january - january
february - june
february - april
february - january
february - march
september - june
september - august
september - december
september - september
october - june
october - august
october - september
october - december
april - july
april - april
april - may
april - may
december - june
december - september
december - october
december - december
november - january
november - november
june - november
june - november
june - january
february - november
february - june
february - january
may - june
may - february
february - june
february - february
february - may
november - may
november - november
november - november
october - june
october - november
october - november
july - june
july - november
july - november
july - october
march - july
march - february
march - june
march - may
june - june
june - november
june - october
june - july
march - june
march - march
march - june
march - may
september - june
september - november
september - july
september - october
april - june
april - march
april - may
april - march
october - june
october - october
october - november
october - november
july - june
july - october
july - september
july - july
december - june
december - october
december - november
december - november
january - january
january - january
january - march
january - february
december - december
december - november
february - february
february - march
february - march
march - march
march - april
march - april
april - april
april - april
april - may
may - may
may - may
may - june
june - june
june - july
june - july
july - july
july - august
july - august
september - august
september - august
september - august
september - september
september - september
september - october
october - october
october - december
october - december
november - december
november - december
november - december
january - september
august - january
august - september
august - january
september - august
september - september
april - september
april - august
april - january
september - august
september - september
august - september
august - april
august - august
may - august
may - april
may - august
june - august
june - may
june - august
december - august
december - september
december - september
november - august
november - september
november - december
may - august
may - may
may - august
may - june
february - august
february - may
february - april
february - january
june - august
june - may
june - june
february - august
february - may
february - february
february - april
may - june
may - april
may - may
may - june
august - june
august - september
august - august
august - september
october - june
october - september
october - november
october - september
april - april
october - april
june - october
june - april
june - october
february - june
february - april
february - april
july - april
july - october
july - june
march - june
march - april
march - february
january - april
january - march
january - february
march - april
march - march
march - april
december - april
december - july
december - october
january - april
january - march
january - february
january - january
july - april
july - july
july - december
july - october
july - april
july - july
july - december
july - october
march - april
march - march
march - april
march - march
november - april
november - july
november - december
november - october
october - april
october - july
october - november
october - october
december - june
december - october
december - november
december - december
november - june
november - october
november - december
november - november
january - january
january - february
december - december
december - december
december - november
december - november
november - november
november - november
october - november
october - october
october - october
july - october
july - september
july - september
july - september
july - august
july - august
july - august
july - june
june - july
june - july
june - april
june - june
april - june
april - may
april - may
april - may
april - april
april - april
march - april
march - february
march - february
march - february
february - february
january - february
january - february
december - may
july - december
july - december
july - may
february - july
february - may
august - july
august - december
november - july
november - december
november - august
january - august
january - may
january - february
july - july
july - november
july - august
september - july
september - november
september - august
april - july
april - may
april - february
may - july
may - april
may - july
may - may
april - july
april - april
april - may
april - may
august - july
august - september
august - august
june - july
june - april
june - may
april - july
april - april
april - may
april - may
march - june
march - april
march - february
march - april
september - june
september - august
september - november
september - september
january - june
january - april
january - march
january - february
january - january
december - november
february - december
february - december
february - november
october - november
october - february
may - november
may - october
may - february
march - october
march - may
march - february
november - october
november - december
november - november
june - october
june - march
june - may
september - october
september - may
september - june
june - september
june - may
june - june
july - september
july - may
july - june
august - july
august - november
august - october
august - september
october - august
october - november
october - october
january - august
january - june
january - march
january - february
december - august
december - november
december - december
october - august
october - november
october - october
october - october
february - september
february - june
february - march
february - february
march - august
march - may
march - february
march - march
january - january
january - january
january - march
january - february
december - december
december - december
december - november
december - november
february - february
february - march
february - march
march - march
march - april
march - april
may - april
may - april
may - april
may - may
may - may
may - june
june - june
june - july
june - july
july - july
july - july
july - august
august - august
august - august
august - september
september - september
september - september
september - november
october - november
october - november
october - november
november - november
october - february
september - october
september - october
september - february
march - september
march - february
november - september
november - october
july - september
july - march
may - september
may - march
may - july
february - july
february - march
february - february
august - july
august - october
august - september
september - july
september - october
september - september
january - august
january - march
january - february
january - february
october - july
october - september
october - november
october - october
august - august
august - october
august - september
august - september
november - august
november - october
november - november
january - august
january - march
january - february
january - january
march - august
march - february
march - may
march - march
may - august
may - march
may - may
may - july
june - july
june - march
june - may
june - may
december - june
april - december
april - december
april - june
january - june
january - april
october - june
october - december
august - june
august - december
august - october
july - august
july - april
july - june
may - july
may - april
may - june
april - july
april - may
april - april
march - june
march - april
march - april
march - january
september - june
september - october
september - august
december - june
december - september
december - december
february - july
february - april
february - march
february - january
july - june
july - october
july - august
july - july
june - july
june - april
june - may
june - june
april - june
april - april
april - may
april - april
december - june
december - september
december - december
december - december
november - june
november - october
november - december
november - december
january - january
january - january
january - february
january - february
november - december
november - december
november - november
november - july
november - september
november - october
october - november
october - october
september - october
september - october
september - september
august - september
august - september
august - august
july - august
july - august
july - july
july - july
june - july
june - june
june - june
may - june
may - may
april - may
april - may
april - march
april - march
april - march
march - march
february - march
february - march
february - february
january - april
august - january
august - april
june - april
june - august
july - june
july - august
december - june
december - august
february - july
february - april
february - january
november - june
november - august
november - december
november - july
november - november
november - december
october - july
october - november
october - november
october - august
april - august
april - april
april - july
april - june
march - july
march - april
march - february
july - july
july - november
july - october
july - august
march - july
march - april
march - february
march - march
december - july
december - november
december - december
may - july
may - march
may - april
may - june
may - july
may - april
may - may
may - june
august - june
august - november
august - august
august - october
november - october
june - november
june - november
june - october
february - october
february - june
february - october
february - june
february - february
september - june
september - november
september - october
june - september
june - february
june - june
march - june
march - february
march - june
may - june
may - march
may - june
april - june
april - march
april - may
january - june
january - march
january - february
january - february
july - may
july - september
july - june
january - june
january - march
january - february
january - january
september - may
september - september
september - november
september - october
august - june
august - september
august - july
august - september
september - june
september - september
september - october
september - september
october - june
october - september
october - october
october - november
december - june
december - september
december - october
december - november
january - january
january - february
december - december
december - november
january - february
february - february
february - march
february - march
march - march
march - march
march - april
april - april
april - april
april - may
may - may
may - may
may - june
june - june
june - july
june - july
july - july
july - july
july - august
august - august
august - august
august - october
september - october
september - october
september - october
october - october
october - november
october - november
november - november
november - november
november - december
august - september
december - august
december - september
september - september
september - december
october - september
october - december
october - september
october - december
october - october
february - october
february - september
february - august
december - september
december - october
december - december
may - october
may - september
may - august
may - february
september - september
september - december
september - october
september - october
february - september
february - august
february - may
february - february
august - september
august - may
august - september
august - august
july - september
july - august
july - february
july - may
november - september
november - october
november - december
november - december
january - september
january - july
january - february
january - february
august - september
august - may
august - august
august - august
february - september
february - july
february - february
february - may
june - august
june - may
june - august
june - july
march - july
march - march
march - july
march - march
june - march
june - july
april - june
april - march
march - april
march - march
april - april
april - july
april - june
july - april
july - june
july - july
may - april
may - july
may - june
october - april
october - july
october - july
november - may
november - july
november - october
january - may
january - march
january - march
january - march
june - may
june - july
june - july
june - june
january - may
january - march
january - march
january - january
december - may
december - july
december - november
may - may
may - july
may - june
may - june
april - may
april - march
april - april
april - may
november - may
november - july
november - november
november - december
january - january
january - february
december - december
december - november
january - february
march - february
march - february
march - february
march - may
march - may
march - may
april - may
april - may
april - may
may - may
may - june
may - june
june - june
june - july
june - july
july - july
july - august
july - august
october - august
october - august
october - august
october - september
october - september
october - september
october - october
october - october
october - november
november - november
november - december
november - december
september - march
april - september
april - september
april - march
march - april
march - march
may - april
may - september
may - april
may - september
may - may
may - may
may - september
may - may
november - may
november - may
november - september
october - may
october - september
october - november
october - may
october - october
october - november
april - may
april - april
april - may
april - may
january - may
january - april
january - march
january - march
august - may
august - october
august - september
august - may
march - may
march - april
march - march
march - march
december - may
december - october
december - november
june - may
june - october
june - august
june - may
april - may
april - april
april - may
april - april
february - may
february - april
february - march
february - march
february - january
july - february
august - july
august - august
february - august
february - august
february - july
february - february
january - july
january - february
january - february
september - july
september - august
december - july
december - august
december - september
june - august
june - february
june - july
july - july
july - september
july - august
july - august
july - july
july - september
july - august
july - august
june - july
june - february
june - july
june - june
november - july
november - august
november - december
november - september
december - july
december - september
december - december
november - july
november - november
november - december
november - december
january - july
january - june
january - february
january - january
september - july
september - november
september - august
september - september
october - july
october - november
october - september
october - september
january - january
january - february
december - december
december - december
december - november
december - november
november - november
november - november
october - november
october - october
september - october
september - october
september - september
september - september
august - september
august - august
august - august
july - august
july - june
july - june
july - june
june - june
june - june
february - june
february - may
february - may
february - may
february - april
february - april
february - april
february - march
february - march
february - february
february - march
february - february
february - january
march - march
february - march
february - march
february - march
july - march
july - march
may - march
may - july
march - march
march - july
march - may
september - march
september - july
october - march
october - july
october - september
november - may
november - september
november - october
may - may
may - october
may - september
may - july
september - may
september - october
september - september
october - may
october - september
october - november
october - october
june - july
june - march
june - may
december - june
december - october
december - november
december - july
december - october
december - december
april - july
april - march
april - may
april - may
january - july
january - april
january - march
january - march
january - february
july - june
july - october
july - september
july - september
july - july
june - august
february - june
august - february
august - june
august - august
august - august
august - august
december - august
december - august
may - august
may - june
may - february
september - august
september - august
september - december
february - august
february - june
february - may
february - february
october - august
october - september
october - december
november - august
november - october
november - december
june - august
june - may
june - august
june - june
january - august
january - june
january - february
january - february
july - august
july - may
july - june
november - august
november - october
november - december
november - november
january - august
january - may
january - february
january - january
april - august
april - may
april - february
april - february
april - july
april - april
april - june
april - may
january - january
january - february
december - december
december - november
january - february
february - february
february - march
february - march
april - march
april - march
april - march
april - april
april - may
april - may
may - may
may - may
may - june
june - june
june - july
june - july
july - july
july - july
july - september
august - september
august - september
august - september
september - september
september - september
september - october
october - october
october - october
october - november
november - november
november - december
november - december
june - june
august - june
february - august
february - june
february - june
march - june
march - june
march - february
october - june
october - august
december - june
december - october
june - june
june - october
june - august
november - june
november - october
november - december
april - june
april - june
april - march
february - june
february - april
february - march
february - february
september - june
september - october
september - august
march - june
march - april
march - february
march - march
february - june
february - march
february - february
february - march
july - june
july - october
july - august
july - june
january - june
january - march
january - february
january - february
july - june
july - september
july - july
july - august
may - june
may - march
may - april
may - june
october - april
may - october
may - october
may - april
november - may
november - october
january - october
january - may
january - april
august - may
august - november
august - october
august - august
august - november
august - october
january - august
january - april
january - january
october - august
october - october
october - november
september - august
september - october
september - october
september - august
november - august
november - october
november - november
march - august
march - april
march - january
december - august
december - october
december - november
april - august
april - april
april - august
april - may
july - august
july - april
july - may
july - august
december - august
december - october
december - november
december - december
may - august
may - april
may - july
may - may
september - august
september - november
september - october
september - september
january - january
january - february
december - december
december - december
december - november
december - november
november - november
november - november
october - november
october - october
october - october
september - october
september - september
september - september
august - september
august - august
august - august
july - august
july - july
may - july
may - july
may - june
may - june
may - june
may - may
may - may
april - may
april - april
april - april
march - april
march - march
january - march
january - march
january - february
january - february
january - february
november - june
july - november
july - november
july - june
september - july
september - november
february - september
february - july
february - june
august - july
august - november
august - september
december - august
december - november
march - august
march - june
march - february
july - august
july - june
july - july
september - july
september - november
september - september
march - august
march - june
march - march
october - july
october - september
october - december
october - november
june - august
june - june
june - july
june - july
january - july
january - june
january - march
january - february
january - july
january - march
january - february
january - january
january - july
january - march
january - january
january - february
august - july
august - september
august - august
august - september
may - july
may - march
may - june
may - march
november - may
november - november
march - november
march - november
march - may
december - november
december - november
april - november
april - may
april - march
may - november
may - april
may - may
october - may
october - november
october - november
june - october
june - may
june - may
october - june
october - november
october - november
october - october
august - october
august - may
august - june
july - august
july - may
july - june
april - august
april - may
april - april
april - may
september - july
september - november
september - october
september - august
february - august
february - may
february - april
february - march
april - july
april - april
april - may
april - may
december - july
december - october
december - november
december - december
february - july
february - april
february - april
february - march
february - february
february - january
february - january
february - february
february - june
february - march
february - march
december - december
december - december
december - november
december - november
february - march
march - march
march - march
march - may
april - may
april - may
april - may
may - may
may - june
may - june
june - june
june - june
june - july
july - july
july - july
july - august
august - august
august - august
august - september
september - september
september - september
september - october
october - october
october - november
october - november
november - november
december - september
may - december
may - december
may - september
december - september
december - december
july - december
july - september
july - may
november - september
november - december
november - december
july - november
july - july
july - september
august - september
august - july
august - july
october - september
october - december
october - november
february - september
february - july
february - july
february - may
april - september
april - july
april - may
april - february
november - august
november - november
november - december
november - december
march - september
march - july
march - april
march - february
november - august
november - november
november - december
november - december
july - september
july - may
july - july
july - august
august - august
august - november
august - october
august - september
june - august
june - july
june - april
june - may
april - august
april - june
april - april
april - may
october - may
march - october
march - october
march - may
april - may
april - march
may - may
may - october
february - may
february - april
february - march
october - may
october - october
september - may
september - october
september - may
march - may
march - april
march - march
january - may
january - march
january - march
january - february
september - may
september - october
september - september
december - may
december - september
december - october
august - may
august - october
august - september
august - september
february - may
february - march
february - february
february - march
june - may
june - october
june - september
june - august
january - may
january - march
january - february
january - january
january - may
january - march
january - february
january - january
june - may
june - september
june - august
june - june
january - february
december - december
december - october
october - december
october - november
october - november
october - november
october - october
october - october
september - october
september - september
september - september
august - september
august - august
june - august
june - august
june - july
june - july
june - july
june - june
june - june
may - june
may - may
may - may
april - may
april - april
march - april
march - april
march - march
march - march
february - march
february - february
february - february
january - february
JUNE - MAY
DECEMBER - JUNE
JANUARY - DECEMBER
JANUARY - JUNE
JANUARY - MAY
JULY - JUNE
JULY - DECEMBER
OCTOBER - JUNE
OCTOBER - DECEMBER
OCTOBER - JULY
FEBRUARY - JULY
FEBRUARY - MAY
FEBRUARY - JANUARY
APRIL - JUNE
APRIL - FEBRUARY
APRIL - MAY
AUGUST - JUNE
AUGUST - OCTOBER
AUGUST - JULY
SEPTEMBER - JUNE
SEPTEMBER - OCTOBER
SEPTEMBER - AUGUST
NOVEMBER - JULY
NOVEMBER - OCTOBER
NOVEMBER - DECEMBER
MARCH - JULY
MARCH - APRIL
MARCH - FEBRUARY
SEPTEMBER - APRIL
JUNE - SEPTEMBER
JUNE - SEPTEMBER
JUNE - APRIL
NOVEMBER - JUNE
NOVEMBER - SEPTEMBER
JULY - SEPTEMBER
JULY - JUNE
JANUARY - JULY
JANUARY - JUNE
JANUARY - APRIL
OCTOBER - JULY
OCTOBER - NOVEMBER
OCTOBER - SEPTEMBER
MARCH - JULY
MARCH - APRIL
MARCH - JANUARY
AUGUST - JULY
AUGUST - OCTOBER
AUGUST - SEPTEMBER
MAY - JULY
MAY - APRIL
MAY - JUNE
FEBRUARY - JULY
FEBRUARY - APRIL
FEBRUARY - MARCH
FEBRUARY - JANUARY
DECEMBER - JUNE
DECEMBER - SEPTEMBER
DECEMBER - NOVEMBER
APRIL - OCTOBER
MAY - APRIL
MAY - OCTOBER
MAY - APRIL
FEBRUARY - MAY
FEBRUARY - APRIL
JUNE - MAY
JUNE - OCTOBER
JULY - MAY
JULY - OCTOBER
JULY - JUNE
DECEMBER - JUNE
DECEMBER - OCTOBER
MARCH - JUNE
MARCH - APRIL
MARCH - FEBRUARY
SEPTEMBER - JUNE
SEPTEMBER - OCTOBER
SEPTEMBER - JULY
AUGUST - JUNE
AUGUST - OCTOBER
AUGUST - SEPTEMBER
AUGUST - JULY
JANUARY - JULY
JANUARY - APRIL
JANUARY - MARCH
JANUARY - FEBRUARY
NOVEMBER - JUNE
NOVEMBER - SEPTEMBER
NOVEMBER - DECEMBER
NOVEMBER - OCTOBER
SEPTEMBER - AUGUST
MAY - SEPTEMBER
MAY - SEPTEMBER
MAY - AUGUST
JANUARY - AUGUST
JANUARY - MAY
OCTOBER - AUGUST
OCTOBER - SEPTEMBER
APRIL - AUGUST
APRIL - MAY
APRIL - JANUARY
DECEMBER - AUGUST
DECEMBER - OCTOBER
NOVEMBER - AUGUST
NOVEMBER - OCTOBER
NOVEMBER - DECEMBER
FEBRUARY - SEPTEMBER
FEBRUARY - MAY
FEBRUARY - APRIL
FEBRUARY - JANUARY
JULY - AUGUST
JULY - APRIL
JULY - MAY
JUNE - AUGUST
JUNE - APRIL
JUNE - JULY
JUNE - MAY
MARCH - JULY
MARCH - APRIL
MARCH - FEBRUARY
MARCH - SEPTEMBER
JANUARY - MARCH
APRIL - JANUARY
APRIL - MARCH
APRIL - SEPTEMBER
FEBRUARY - APRIL
FEBRUARY - MARCH
FEBRUARY - JANUARY
MAY - MARCH
MAY - SEPTEMBER
MAY - APRIL
JUNE - APRIL
JUNE - SEPTEMBER
JUNE - MAY
AUGUST - APRIL
AUGUST - JUNE
AUGUST - SEPTEMBER
DECEMBER - MAY
DECEMBER - AUGUST
DECEMBER - SEPTEMBER
OCTOBER - MAY
OCTOBER - SEPTEMBER
OCTOBER - DECEMBER
JULY - JUNE
JULY - OCTOBER
JULY - SEPTEMBER
JULY - AUGUST
NOVEMBER - JUNE
NOVEMBER - SEPTEMBER
NOVEMBER - DECEMBER
NOVEMBER - OCTOBER
AUGUST - DECEMBER
MAY - AUGUST
SEPTEMBER - MAY
SEPTEMBER - AUGUST
SEPTEMBER - DECEMBER
OCTOBER - SEPTEMBER
OCTOBER - DECEMBER
FEBRUARY - SEPTEMBER
FEBRUARY - AUGUST
FEBRUARY - MAY
MARCH - SEPTEMBER
MARCH - MAY
MARCH - FEBRUARY
JULY - AUGUST
JULY - MARCH
JULY - MAY
JANUARY - AUGUST
JANUARY - MAY
JANUARY - MARCH
JANUARY - FEBRUARY
NOVEMBER - JULY
NOVEMBER - OCTOBER
NOVEMBER - DECEMBER
APRIL - AUGUST
APRIL - MARCH
APRIL - JULY
APRIL - MAY
JUNE - JULY
JUNE - MARCH
JUNE - MAY
AUGUST - MAY
OCTOBER - AUGUST
DECEMBER - OCTOBER
JULY - DECEMBER
JULY - OCTOBER
JULY - AUGUST
JULY - MAY
MARCH - AUGUST
MARCH - JULY
MARCH - MAY
FEBRUARY - AUGUST
FEBRUARY - MAY
FEBRUARY - MARCH
NOVEMBER - JULY
NOVEMBER - OCTOBER
NOVEMBER - DECEMBER
SEPTEMBER - AUGUST
SEPTEMBER - NOVEMBER
SEPTEMBER - OCTOBER
JANUARY - AUGUST
JANUARY - MAY
JANUARY - MARCH
JANUARY - FEBRUARY
JUNE - AUGUST
JUNE - MARCH
JUNE - JULY
JUNE - MAY
APRIL - JULY
APRIL - MARCH
APRIL - JUNE
APRIL - MAY
JANUARY - JULY
APRIL - JANUARY
APRIL - JULY
APRIL - JANUARY
NOVEMBER - APRIL
NOVEMBER - JULY
MARCH - JULY
MARCH - APRIL
MARCH - JANUARY
DECEMBER - APRIL
DECEMBER - NOVEMBER
OCTOBER - JULY
OCTOBER - DECEMBER
OCTOBER - NOVEMBER
FEBRUARY - JULY
FEBRUARY - MARCH
FEBRUARY - JANUARY
AUGUST - JULY
AUGUST - NOVEMBER
AUGUST - OCTOBER
SEPTEMBER - JULY
SEPTEMBER - NOVEMBER
SEPTEMBER - OCTOBER
SEPTEMBER - AUGUST
MAY - AUGUST
MAY - MARCH
MAY - JULY
MAY - APRIL
JUNE - JULY
JUNE - MARCH
JUNE - MAY
AUGUST - MARCH
JANUARY - AUGUST
JANUARY - AUGUST
JANUARY - MARCH
DECEMBER - MARCH
DECEMBER - AUGUST
NOVEMBER - AUGUST
NOVEMBER - DECEMBER
JUNE - AUGUST
JUNE - MARCH
FEBRUARY - AUGUST
FEBRUARY - MARCH
FEBRUARY - JANUARY
APRIL - JUNE
APRIL - FEBRUARY
APRIL - MARCH
MAY - JUNE
MAY - MARCH
MAY - APRIL
JULY - MAY
JULY - NOVEMBER
JULY - AUGUST
JULY - JUNE
SEPTEMBER - JUNE
SEPTEMBER - NOVEMBER
SEPTEMBER - AUGUST
OCTOBER - JUNE
OCTOBER - SEPTEMBER
OCTOBER - DECEMBER
OCTOBER - NOVEMBER
DECEMBER - NOVEMBER
FEBRUARY - DECEMBER
FEBRUARY - DECEMBER
FEBRUARY - NOVEMBER
OCTOBER - NOVEMBER
OCTOBER - FEBRUARY
SEPTEMBER - NOVEMBER
SEPTEMBER - OCTOBER
SEPTEMBER - FEBRUARY
MAY - OCTOBER
MAY - SEPTEMBER
MAY - FEBRUARY
APRIL - OCTOBER
APRIL - MAY
APRIL - FEBRUARY
MARCH - SEPTEMBER
MARCH - APRIL
MARCH - FEBRUARY
JULY - SEPTEMBER
JULY - APRIL
JULY - MAY
JUNE - JULY
JUNE - APRIL
JUNE - MAY
AUGUST - JULY
AUGUST - NOVEMBER
AUGUST - OCTOBER
AUGUST - SEPTEMBER
JANUARY - JULY
JANUARY - APRIL
JANUARY - MARCH
JANUARY - FEBRUARY
AUGUST - OCTOBER
SEPTEMBER - AUGUST
SEPTEMBER - OCTOBER
SEPTEMBER - AUGUST
JULY - SEPTEMBER
JULY - AUGUST
DECEMBER - SEPTEMBER
DECEMBER - OCTOBER
JANUARY - SEPTEMBER
JANUARY - AUGUST
JANUARY - JULY
MAY - SEPTEMBER
MAY - JULY
MAY - JANUARY
FEBRUARY - AUGUST
FEBRUARY - MAY
FEBRUARY - JANUARY
APRIL - AUGUST
APRIL - MAY
APRIL - FEBRUARY
NOVEMBER - JULY
NOVEMBER - OCTOBER
NOVEMBER - DECEMBER
JUNE - AUGUST
JUNE - APRIL
JUNE - JULY
JUNE - MAY
MARCH - JULY
MARCH - APRIL
MARCH - FEBRUARY
FEBRUARY - NOVEMBER
JUNE - FEBRUARY
JUNE - NOVEMBER
JUNE - FEBRUARY
JANUARY - JUNE
JANUARY - FEBRUARY
OCTOBER - JUNE
OCTOBER - NOVEMBER
SEPTEMBER - JUNE
SEPTEMBER - NOVEMBER
SEPTEMBER - OCTOBER
APRIL - SEPTEMBER
APRIL - FEBRUARY
APRIL - JUNE
DECEMBER - JUNE
DECEMBER - OCTOBER
DECEMBER - NOVEMBER
AUGUST - SEPTEMBER
AUGUST - APRIL
AUGUST - JUNE
MARCH - AUGUST
MARCH - APRIL
MARCH - FEBRUARY
MAY - AUGUST
MAY - MARCH
MAY - JUNE
MAY - APRIL
JULY - JUNE
JULY - OCTOBER
JULY - SEPTEMBER
JULY - AUGUST
NOVEMBER - JULY
JANUARY - NOVEMBER
JANUARY - NOVEMBER
JANUARY - JULY
SEPTEMBER - JULY
SEPTEMBER - NOVEMBER
JUNE - SEPTEMBER
JUNE - JULY
JUNE - JANUARY
AUGUST - JULY
AUGUST - NOVEMBER
AUGUST - SEPTEMBER
FEBRUARY - AUGUST
FEBRUARY - JUNE
FEBRUARY - JANUARY
MARCH - JULY
MARCH - FEBRUARY
MARCH - JUNE
OCTOBER - JULY
OCTOBER - SEPTEMBER
OCTOBER - NOVEMBER
MAY - JULY
MAY - MARCH
MAY - JUNE
DECEMBER - JULY
DECEMBER - OCTOBER
DECEMBER - NOVEMBER
APRIL - JULY
APRIL - MARCH
APRIL - JUNE
APRIL - MAY
NOVEMBER - JUNE
APRIL - NOVEMBER
APRIL - NOVEMBER
APRIL - JUNE
AUGUST - JUNE
AUGUST - NOVEMBER
SEPTEMBER - AUGUST
SEPTEMBER - NOVEMBER
OCTOBER - AUGUST
OCTOBER - NOVEMBER
OCTOBER - SEPTEMBER
MARCH - SEPTEMBER
MARCH - JUNE
MARCH - APRIL
MAY - AUGUST
MAY - APRIL
MAY - JUNE
JANUARY - AUGUST
JANUARY - MAY
JANUARY - APRIL
JANUARY - MARCH
JULY - JUNE
JULY - OCTOBER
JULY - SEPTEMBER
JULY - AUGUST
DECEMBER - JULY
DECEMBER - OCTOBER
DECEMBER - NOVEMBER
FEBRUARY - JULY
FEBRUARY - APRIL
FEBRUARY - MARCH
FEBRUARY - JANUARY
MAY - JUNE
AUGUST - MAY
AUGUST - JUNE
JULY - JUNE
JULY - AUGUST
NOVEMBER - JULY
NOVEMBER - AUGUST
FEBRUARY - JULY
FEBRUARY - JUNE
FEBRUARY - MAY
MARCH - JULY
MARCH - MAY
MARCH - FEBRUARY
SEPTEMBER - JUNE
SEPTEMBER - AUGUST
SEPTEMBER - NOVEMBER
APRIL - JULY
APRIL - MAY
APRIL - MARCH
DECEMBER - JUNE
DECEMBER - SEPTEMBER
DECEMBER - NOVEMBER
JANUARY - JULY
JANUARY - APRIL
JANUARY - MARCH
JANUARY - FEBRUARY
OCTOBER - JUNE
OCTOBER - SEPTEMBER
OCTOBER - DECEMBER
OCTOBER - NOVEMBER
SEPTEMBER - JANUARY
MARCH - SEPTEMBER
MARCH - SEPTEMBER
MARCH - JANUARY
FEBRUARY - MARCH
FEBRUARY - JANUARY
OCTOBER - MARCH
OCTOBER - SEPTEMBER
JULY - MARCH
JULY - OCTOBER
JULY - SEPTEMBER
NOVEMBER - JULY
NOVEMBER - OCTOBER
APRIL - JULY
APRIL - FEBRUARY
APRIL - MARCH
AUGUST - JULY
AUGUST - OCTOBER
AUGUST - SEPTEMBER
JUNE - JULY
JUNE - MARCH
JUNE - APRIL
DECEMBER - JULY
DECEMBER - OCTOBER
DECEMBER - NOVEMBER
MAY - JULY
MAY - MARCH
MAY - JUNE
MAY - APRIL
MARCH - FEBRUARY
NOVEMBER - MARCH
JUNE - NOVEMBER
JUNE - MARCH
JUNE - NOVEMBER
APRIL - JUNE
APRIL - MARCH
OCTOBER - APRIL
OCTOBER - NOVEMBER
OCTOBER - JUNE
DECEMBER - JUNE
DECEMBER - NOVEMBER
JULY - JUNE
JULY - NOVEMBER
JULY - OCTOBER
MAY - JULY
MAY - APRIL
MAY - JUNE
SEPTEMBER - JUNE
SEPTEMBER - NOVEMBER
SEPTEMBER - OCTOBER
SEPTEMBER - JULY
JANUARY - JULY
JANUARY - APRIL
JANUARY - MARCH
JANUARY - FEBRUARY
AUGUST - JUNE
AUGUST - OCTOBER
AUGUST - SEPTEMBER
AUGUST - JULY
OCTOBER - JULY
DECEMBER - OCTOBER
MARCH - DECEMBER
MARCH - OCTOBER
MARCH - JULY
SEPTEMBER - OCTOBER
SEPTEMBER - JULY
NOVEMBER - SEPTEMBER
NOVEMBER - DECEMBER
NOVEMBER - OCTOBER
FEBRUARY - OCTOBER
FEBRUARY - JULY
FEBRUARY - MARCH
AUGUST - SEPTEMBER
AUGUST - MARCH
AUGUST - JULY
MAY - SEPTEMBER
MAY - JULY
MAY - MARCH
JANUARY - AUGUST
JANUARY - MAY
JANUARY - MARCH
JANUARY - FEBRUARY
APRIL - AUGUST
APRIL - MARCH
APRIL - JULY
APRIL - MAY
JUNE - JULY
JUNE - MARCH
JUNE - MAY
OCTOBER - JANUARY
SEPTEMBER - OCTOBER
SEPTEMBER - OCTOBER
SEPTEMBER - JANUARY
MAY - SEPTEMBER
MAY - JANUARY
JULY - SEPTEMBER
JULY - MAY
DECEMBER - JULY
DECEMBER - OCTOBER
JUNE - SEPTEMBER
JUNE - MAY
JUNE - JULY
AUGUST - JULY
AUGUST - OCTOBER
AUGUST - SEPTEMBER
NOVEMBER - AUGUST
NOVEMBER - OCTOBER
NOVEMBER - DECEMBER
FEBRUARY - AUGUST
FEBRUARY - JUNE
FEBRUARY - MAY
FEBRUARY - JANUARY
APRIL - AUGUST
APRIL - MAY
APRIL - FEBRUARY
MARCH - JULY
MARCH - APRIL
MARCH - FEBRUARY
JULY - APRIL
MARCH - JULY
MARCH - JULY
MARCH - APRIL
JUNE - APRIL
JUNE - JULY
OCTOBER - JUNE
OCTOBER - JULY
JANUARY - JUNE
JANUARY - APRIL
JANUARY - MARCH
MAY - JUNE
MAY - MARCH
MAY - APRIL
NOVEMBER - MAY
NOVEMBER - JULY
NOVEMBER - OCTOBER
DECEMBER - JUNE
DECEMBER - OCTOBER
DECEMBER - NOVEMBER
SEPTEMBER - JUNE
SEPTEMBER - NOVEMBER
SEPTEMBER - OCTOBER
SEPTEMBER - JULY
AUGUST - JULY
AUGUST - NOVEMBER
AUGUST - OCTOBER
AUGUST - SEPTEMBER
FEBRUARY - JULY
FEBRUARY - APRIL
FEBRUARY - MARCH
FEBRUARY - JANUARY
OCTOBER - NOVEMBER
APRIL - OCTOBER
AUGUST - APRIL
AUGUST - OCTOBER
AUGUST - APRIL
JUNE - OCTOBER
JUNE - AUGUST
JUNE - APRIL
DECEMBER - AUGUST
DECEMBER - NOVEMBER
MARCH - OCTOBER
MARCH - JUNE
MARCH - APRIL
MAY - AUGUST
MAY - APRIL
MAY - JUNE
SEPTEMBER - AUGUST
SEPTEMBER - NOVEMBER
SEPTEMBER - OCTOBER
FEBRUARY - AUGUST
FEBRUARY - MAY
FEBRUARY - APRIL
FEBRUARY - MARCH
JULY - AUGUST
JULY - APRIL
JULY - JUNE
JANUARY - JULY
JANUARY - APRIL
JANUARY - MARCH
JANUARY - FEBRUARY
JULY - SEPTEMBER
MAY - JULY
MARCH - MAY
OCTOBER - MARCH
OCTOBER - JULY
OCTOBER - SEPTEMBER
FEBRUARY - JULY
FEBRUARY - MAY
FEBRUARY - MARCH
AUGUST - JULY
AUGUST - OCTOBER
AUGUST - SEPTEMBER
NOVEMBER - JULY
NOVEMBER - SEPTEMBER
NOVEMBER - OCTOBER
APRIL - AUGUST
APRIL - MAY
APRIL - MARCH
JUNE - JULY
JUNE - APRIL
JUNE - MAY
DECEMBER - JULY
DECEMBER - OCTOBER
DECEMBER - NOVEMBER
JANUARY - JULY
JANUARY - APRIL
JANUARY - MARCH
JANUARY - FEBRUARY
FEBRUARY - MAY
JANUARY - FEBRUARY
APRIL - JANUARY
APRIL - FEBRUARY
APRIL - MAY
MARCH - APRIL
MARCH - FEBRUARY
DECEMBER - MARCH
DECEMBER - MAY
JULY - APRIL
JULY - DECEMBER
JULY - MAY
SEPTEMBER - APRIL
SEPTEMBER - JULY
SEPTEMBER - DECEMBER
NOVEMBER - MAY
NOVEMBER - SEPTEMBER
NOVEMBER - DECEMBER
JUNE - MAY
JUNE - NOVEMBER
JUNE - SEPTEMBER
JUNE - JULY
OCTOBER - JUNE
OCTOBER - NOVEMBER
OCTOBER - SEPTEMBER
AUGUST - JUNE
AUGUST - OCTOBER
AUGUST - SEPTEMBER
AUGUST - JULY
MARCH - JUNE
APRIL - MARCH
APRIL - JUNE
APRIL - MARCH
FEBRUARY - APRIL
FEBRUARY - MARCH
DECEMBER - APRIL
DECEMBER - JUNE
OCTOBER - APRIL
OCTOBER - DECEMBER
OCTOBER - JUNE
SEPTEMBER - JUNE
SEPTEMBER - DECEMBER
SEPTEMBER - OCTOBER
AUGUST - JUNE
AUGUST - OCTOBER
AUGUST - SEPTEMBER
JULY - AUGUST
JULY - APRIL
JULY - JUNE
MAY - JULY
MAY - APRIL
MAY - JUNE
JANUARY - JULY
JANUARY - APRIL
JANUARY - MARCH
JANUARY - FEBRUARY
NOVEMBER - JUNE
NOVEMBER - SEPTEMBER
NOVEMBER - DECEMBER
NOVEMBER - OCTOBER
OCTOBER - FEBRUARY
JUNE - OCTOBER
JUNE - OCTOBER
JUNE - FEBRUARY
SEPTEMBER - JUNE
SEPTEMBER - OCTOBER
DECEMBER - SEPTEMBER
DECEMBER - OCTOBER
JULY - SEPTEMBER
JULY - JUNE
NOVEMBER - SEPTEMBER
NOVEMBER - DECEMBER
NOVEMBER - OCTOBER
APRIL - SEPTEMBER
APRIL - JUNE
APRIL - FEBRUARY
JANUARY - SEPTEMBER
JANUARY - JUNE
JANUARY - APRIL
JANUARY - FEBRUARY
AUGUST - JULY
AUGUST - NOVEMBER
AUGUST - OCTOBER
AUGUST - SEPTEMBER
MARCH - AUGUST
MARCH - APRIL
MARCH - FEBRUARY
MAY - JULY
MAY - MARCH
MAY - JUNE
MAY - APRIL
AUGUST - MAY
NOVEMBER - AUGUST
DECEMBER - NOVEMBER
SEPTEMBER - DECEMBER
SEPTEMBER - NOVEMBER
SEPTEMBER - AUGUST
APRIL - SEPTEMBER
APRIL - AUGUST
APRIL - MAY
OCTOBER - SEPTEMBER
OCTOBER - DECEMBER
OCTOBER - NOVEMBER
FEBRUARY - SEPTEMBER
FEBRUARY - MAY
FEBRUARY - APRIL
MARCH - SEPTEMBER
MARCH - MAY
MARCH - APRIL
MARCH - FEBRUARY
JUNE - AUGUST
JUNE - APRIL
JUNE - MAY
JANUARY - AUGUST
JANUARY - APRIL
JANUARY - MARCH
JANUARY - FEBRUARY
JULY - JUNE
JULY - OCTOBER
JULY - SEPTEMBER
JULY - AUGUST
NOVEMBER - FEBRUARY
SEPTEMBER - NOVEMBER
SEPTEMBER - NOVEMBER
SEPTEMBER - FEBRUARY
DECEMBER - SEPTEMBER
DECEMBER - NOVEMBER
JULY - NOVEMBER
JULY - SEPTEMBER
JULY - FEBRUARY
APRIL - SEPTEMBER
APRIL - JULY
APRIL - FEBRUARY
MAY - SEPTEMBER
MAY - APRIL
MAY - JULY
MARCH - JULY
MARCH - APRIL
MARCH - FEBRUARY
AUGUST - JULY
AUGUST - NOVEMBER
AUGUST - SEPTEMBER
JUNE - JULY
JUNE - APRIL
JUNE - MAY
JANUARY - JULY
JANUARY - APRIL
JANUARY - MARCH
JANUARY - FEBRUARY
OCTOBER - JUNE
OCTOBER - SEPTEMBER
OCTOBER - DECEMBER
OCTOBER - NOVEMBER
APRIL - DECEMBER
JANUARY - APRIL
NOVEMBER - JANUARY
NOVEMBER - APRIL
NOVEMBER - DECEMBER
FEBRUARY - NOVEMBER
FEBRUARY - APRIL
FEBRUARY - JANUARY
JUNE - APRIL
JUNE - DECEMBER
JUNE - NOVEMBER
OCTOBER - JUNE
OCTOBER - DECEMBER
OCTOBER - NOVEMBER
MAY - JUNE
MAY - FEBRUARY
MAY - APRIL
JULY - JUNE
JULY - NOVEMBER
JULY - OCTOBER
AUGUST - JUNE
AUGUST - NOVEMBER
AUGUST - OCTOBER
AUGUST - JULY
SEPTEMBER - JULY
SEPTEMBER - NOVEMBER
SEPTEMBER - OCTOBER
SEPTEMBER - AUGUST
MARCH - JULY
MARCH - APRIL
MARCH - FEBRUARY
DECEMBER - SEPTEMBER
JULY - DECEMBER
JULY - DECEMBER
JULY - SEPTEMBER
MAY - SEPTEMBER
MAY - JULY
APRIL - SEPTEMBER
APRIL - JULY
APRIL - MAY
OCTOBER - JULY
OCTOBER - DECEMBER
OCTOBER - SEPTEMBER
JANUARY - SEPTEMBER
JANUARY - MAY
JANUARY - APRIL
FEBRUARY - JULY
FEBRUARY - APRIL
FEBRUARY - JANUARY
JUNE - JULY
JUNE - APRIL
JUNE - MAY
MARCH - JUNE
MARCH - APRIL
MARCH - FEBRUARY
NOVEMBER - JUNE
NOVEMBER - OCTOBER
NOVEMBER - DECEMBER
AUGUST - JUNE
AUGUST - OCTOBER
AUGUST - SEPTEMBER
AUGUST - JULY
JULY - SEPTEMBER
JUNE - JULY
MARCH - JUNE
AUGUST - MARCH
AUGUST - JULY
AUGUST - SEPTEMBER
APRIL - JULY
APRIL - JUNE
APRIL - MARCH
JANUARY - JULY
JANUARY - APRIL
JANUARY - MARCH
FEBRUARY - JUNE
FEBRUARY - MARCH
FEBRUARY - JANUARY
NOVEMBER - JUNE
NOVEMBER - AUGUST
NOVEMBER - SEPTEMBER
DECEMBER - JUNE
DECEMBER - SEPTEMBER
DECEMBER - NOVEMBER
MAY - JULY
MAY - MARCH
MAY - JUNE
MAY - APRIL
OCTOBER - JUNE
OCTOBER - SEPTEMBER
OCTOBER - DECEMBER
OCTOBER - NOVEMBER
NOVEMBER - MARCH
FEBRUARY - NOVEMBER
FEBRUARY - NOVEMBER
FEBRUARY - MARCH
DECEMBER - MARCH
DECEMBER - NOVEMBER
JANUARY - NOVEMBER
JANUARY - MARCH
JANUARY - FEBRUARY
JUNE - MARCH
JUNE - DECEMBER
JUNE - NOVEMBER
MAY - JUNE
MAY - FEBRUARY
MAY - MARCH
AUGUST - MAY
AUGUST - NOVEMBER
AUGUST - JUNE
APRIL - JUNE
APRIL - MARCH
APRIL - MAY
JULY - MAY
JULY - NOVEMBER
JULY - AUGUST
JULY - JUNE
SEPTEMBER - JUNE
SEPTEMBER - NOVEMBER
SEPTEMBER - AUGUST
OCTOBER - JUNE
OCTOBER - SEPTEMBER
OCTOBER - DECEMBER
OCTOBER - NOVEMBER
MAY - MARCH
AUGUST - MAY
NOVEMBER - AUGUST
OCTOBER - NOVEMBER
OCTOBER - AUGUST
OCTOBER - NOVEMBER
APRIL - AUGUST
APRIL - MAY
APRIL - MARCH
DECEMBER - AUGUST
DECEMBER - NOVEMBER
FEBRUARY - AUGUST
FEBRUARY - APRIL
FEBRUARY - MARCH
JUNE - AUGUST
JUNE - APRIL
JUNE - MAY
JULY - JUNE
JULY - NOVEMBER
JULY - OCTOBER
JULY - AUGUST
JANUARY - JULY
JANUARY - APRIL
JANUARY - MARCH
JANUARY - FEBRUARY
SEPTEMBER - JUNE
SEPTEMBER - OCTOBER
SEPTEMBER - AUGUST
FEBRUARY - JUNE
SEPTEMBER - FEBRUARY
SEPTEMBER - JUNE
JANUARY - JUNE
JANUARY - FEBRUARY
APRIL - JUNE
APRIL - FEBRUARY
MAY - APRIL
MAY - SEPTEMBER
MAY - JUNE
AUGUST - MAY
AUGUST - SEPTEMBER
AUGUST - JUNE
NOVEMBER - MAY
NOVEMBER - AUGUST
NOVEMBER - SEPTEMBER
OCTOBER - JUNE
OCTOBER - SEPTEMBER
OCTOBER - NOVEMBER
DECEMBER - JUNE
DECEMBER - OCTOBER
DECEMBER - NOVEMBER
JULY - AUGUST
JULY - APRIL
JULY - JUNE
MARCH - JULY
MARCH - APRIL
MARCH - FEBRUARY
APRIL - JUNE
SEPTEMBER - APRIL
SEPTEMBER - JUNE
OCTOBER - JUNE
OCTOBER - SEPTEMBER
JULY - SEPTEMBER
JULY - JUNE
JANUARY - JULY
JANUARY - JUNE
JANUARY - APRIL
FEBRUARY - JULY
FEBRUARY - APRIL
FEBRUARY - JANUARY
AUGUST - JUNE
AUGUST - SEPTEMBER
AUGUST - JULY
DECEMBER - JULY
DECEMBER - SEPTEMBER
DECEMBER - OCTOBER
MARCH - JULY
MARCH - APRIL
MARCH - FEBRUARY
MAY - JULY
MAY - MARCH
MAY - JUNE
MAY - APRIL
NOVEMBER - JUNE
NOVEMBER - SEPTEMBER
NOVEMBER - DECEMBER
NOVEMBER - OCTOBER
AUGUST - OCTOBER
MAY - AUGUST
APRIL - MAY
JULY - APRIL
JULY - AUGUST
JULY - MAY
DECEMBER - JULY
DECEMBER - OCTOBER
FEBRUARY - AUGUST
FEBRUARY - MAY
FEBRUARY - APRIL
NOVEMBER - JULY
NOVEMBER - OCTOBER
NOVEMBER - DECEMBER
JUNE - AUGUST
JUNE - MAY
JUNE - JULY
JANUARY - JULY
JANUARY - MAY
JANUARY - APRIL
JANUARY - FEBRUARY
MARCH - JULY
MARCH - APRIL
MARCH - FEBRUARY
SEPTEMBER - JUNE
SEPTEMBER - OCTOBER
SEPTEMBER - AUGUST
MARCH - MAY
DECEMBER - MARCH
DECEMBER - MAY
JUNE - MAY
JUNE - DECEMBER
AUGUST - JUNE
AUGUST - DECEMBER
SEPTEMBER - JUNE
SEPTEMBER - DECEMBER
SEPTEMBER - AUGUST
JULY - AUGUST
JULY - MAY
JULY - JUNE
NOVEMBER - JULY
NOVEMBER - SEPTEMBER
NOVEMBER - DECEMBER
JANUARY - AUGUST
JANUARY - JUNE
JANUARY - MAY
JANUARY - MARCH
FEBRUARY - JULY
FEBRUARY - MAY
FEBRUARY - MARCH
FEBRUARY - JANUARY
APRIL - JULY
APRIL - MARCH
APRIL - JUNE
APRIL - MAY
OCTOBER - JUNE
OCTOBER - SEPTEMBER
OCTOBER - DECEMBER
OCTOBER - NOVEMBER
AUGUST - MARCH
OCTOBER - AUGUST
JUNE - OCTOBER
JUNE - AUGUST
JUNE - MARCH
JANUARY - AUGUST
JANUARY - JUNE
JANUARY - MARCH
DECEMBER - JUNE
DECEMBER - OCTOBER
SEPTEMBER - AUGUST
SEPTEMBER - DECEMBER
SEPTEMBER - OCTOBER
APRIL - AUGUST
APRIL - MARCH
APRIL - JUNE
JULY - AUGUST
JULY - APRIL
JULY - JUNE
FEBRUARY - JULY
FEBRUARY - APRIL
FEBRUARY - MARCH
FEBRUARY - JANUARY
MAY - JULY
MAY - MARCH
MAY - JUNE
MAY - APRIL
NOVEMBER - JUNE
NOVEMBER - SEPTEMBER
NOVEMBER - DECEMBER
NOVEMBER - OCTOBER
JANUARY - FEBRUARY
DECEMBER - JANUARY
DECEMBER - FEBRUARY
AUGUST - FEBRUARY
AUGUST - DECEMBER
MAY - AUGUST
MAY - FEBRUARY
OCTOBER - MAY
OCTOBER - DECEMBER
OCTOBER - AUGUST
JULY - AUGUST
JULY - FEBRUARY
JULY - MAY
NOVEMBER - JULY
NOVEMBER - OCTOBER
NOVEMBER - DECEMBER
SEPTEMBER - AUGUST
SEPTEMBER - NOVEMBER
SEPTEMBER - OCTOBER
MARCH - AUGUST
MARCH - MAY
MARCH - FEBRUARY
JUNE - AUGUST
JUNE - MARCH
JUNE - JULY
JUNE - MAY
APRIL - JULY
APRIL - MARCH
APRIL - JUNE
APRIL - MAY
OCTOBER - DECEMBER
JANUARY - OCTOBER
NOVEMBER - JANUARY
NOVEMBER - OCTOBER
NOVEMBER - DECEMBER
JULY - NOVEMBER
JULY - OCTOBER
JULY - JANUARY
SEPTEMBER - OCTOBER
SEPTEMBER - JULY
APRIL - OCTOBER
APRIL - JULY
APRIL - JANUARY
MAY - SEPTEMBER
MAY - APRIL
MAY - JULY
JUNE - SEPTEMBER
JUNE - MAY
JUNE - JULY
MARCH - JULY
MARCH - MAY
MARCH - APRIL
MARCH - JANUARY
AUGUST - JULY
AUGUST - NOVEMBER
AUGUST - OCTOBER
AUGUST - SEPTEMBER
FEBRUARY - JULY
FEBRUARY - APRIL
FEBRUARY - MARCH
FEBRUARY - JANUARY
AUGUST - JANUARY
FEBRUARY - AUGUST
FEBRUARY - AUGUST
FEBRUARY - JANUARY
NOVEMBER - FEBRUARY
NOVEMBER - AUGUST
MARCH - AUGUST
MARCH - FEBRUARY
SEPTEMBER - MARCH
SEPTEMBER - NOVEMBER
SEPTEMBER - AUGUST
JULY - AUGUST
JULY - FEBRUARY
JULY - MARCH
APRIL - JULY
APRIL - FEBRUARY
APRIL - MARCH
DECEMBER - JULY
DECEMBER - SEPTEMBER
DECEMBER - NOVEMBER
OCTOBER - JULY
OCTOBER - NOVEMBER
OCTOBER - SEPTEMBER
JUNE - AUGUST
JUNE - MARCH
JUNE - JULY
JUNE - APRIL
MAY - JULY
MAY - MARCH
MAY - JUNE
MAY - APRIL
JUNE - AUGUST
DECEMBER - JUNE
DECEMBER - AUGUST
MARCH - AUGUST
MARCH - JUNE
FEBRUARY - AUGUST
FEBRUARY - JUNE
FEBRUARY - MARCH
MAY - JUNE
MAY - MARCH
NOVEMBER - JUNE
NOVEMBER - DECEMBER
NOVEMBER - AUGUST
OCTOBER - JUNE
OCTOBER - NOVEMBER
OCTOBER - AUGUST
JULY - AUGUST
JULY - MAY
JULY - JUNE
JANUARY - JULY
JANUARY - MAY
JANUARY - MARCH
JANUARY - FEBRUARY
APRIL - JULY
APRIL - MARCH
APRIL - JUNE
APRIL - MAY
SEPTEMBER - JUNE
SEPTEMBER - OCTOBER
SEPTEMBER - AUGUST
OCTOBER - FEBRUARY
JULY - OCTOBER
JULY - OCTOBER
JULY - FEBRUARY
JUNE - JULY
JUNE - FEBRUARY
MAY - JULY
MAY - JUNE
MAY - FEBRUARY
JANUARY - JUNE
JANUARY - MAY
JANUARY - FEBRUARY
NOVEMBER - JUNE
NOVEMBER - OCTOBER
MARCH - JUNE
MARCH - FEBRUARY
MARCH - MAY
DECEMBER - JUNE
DECEMBER - OCTOBER
DECEMBER - NOVEMBER
SEPTEMBER - JUNE
SEPTEMBER - NOVEMBER
SEPTEMBER - OCTOBER
SEPTEMBER - JULY
APRIL - JULY
APRIL - MARCH
APRIL - JUNE
APRIL - MAY
AUGUST - JUNE
AUGUST - OCTOBER
AUGUST - SEPTEMBER
AUGUST - JULY
FEBRUARY - MARCH
JULY - FEBRUARY
JULY - MARCH
AUGUST - MARCH
AUGUST - JULY
SEPTEMBER - JULY
SEPTEMBER - AUGUST
JUNE - JULY
JUNE - MARCH
APRIL - JULY
APRIL - MARCH
APRIL - JUNE
JANUARY - JUNE
JANUARY - MARCH
JANUARY - FEBRUARY
NOVEMBER - JUNE
NOVEMBER - AUGUST
NOVEMBER - SEPTEMBER
DECEMBER - JUNE
DECEMBER - SEPTEMBER
DECEMBER - NOVEMBER
OCTOBER - JULY
OCTOBER - NOVEMBER
OCTOBER - SEPTEMBER
MAY - JULY
MAY - MARCH
MAY - JUNE
MAY - APRIL
MARCH - OCTOBER
JULY - MARCH
JULY - OCTOBER
JULY - MARCH
JUNE - JULY
JUNE - MARCH
AUGUST - JULY
AUGUST - OCTOBER
SEPTEMBER - JULY
SEPTEMBER - OCTOBER
SEPTEMBER - AUGUST
MAY - AUGUST
MAY - JUNE
MAY - MARCH
FEBRUARY - JULY
FEBRUARY - MAY
FEBRUARY - MARCH
JANUARY - JULY
JANUARY - MAY
JANUARY - MARCH
JANUARY - FEBRUARY
DECEMBER - JUNE
DECEMBER - SEPTEMBER
DECEMBER - OCTOBER
APRIL - JULY
APRIL - MARCH
APRIL - JUNE
APRIL - MAY
NOVEMBER - JUNE
NOVEMBER - SEPTEMBER
NOVEMBER - DECEMBER
NOVEMBER - OCTOBER
APRIL - JUNE
MARCH - APRIL
NOVEMBER - MARCH
NOVEMBER - APRIL
NOVEMBER - JUNE
MAY - JUNE
MAY - APRIL
JANUARY - MAY
JANUARY - APRIL
JANUARY - MARCH
FEBRUARY - MAY
FEBRUARY - MARCH
FEBRUARY - JANUARY
AUGUST - APRIL
AUGUST - JUNE
AUGUST - NOVEMBER
SEPTEMBER - MAY
SEPTEMBER - AUGUST
SEPTEMBER - NOVEMBER
OCTOBER - MAY
OCTOBER - SEPTEMBER
OCTOBER - NOVEMBER
JULY - JUNE
JULY - OCTOBER
JULY - SEPTEMBER
JULY - AUGUST
DECEMBER - JUNE
DECEMBER - SEPTEMBER
DECEMBER - NOVEMBER
SEPTEMBER - JUNE
JULY - SEPTEMBER
JULY - SEPTEMBER
JULY - JUNE
FEBRUARY - JULY
FEBRUARY - JUNE
MARCH - JULY
MARCH - JUNE
MARCH - FEBRUARY
OCTOBER - JUNE
OCTOBER - SEPTEMBER
AUGUST - JULY
AUGUST - OCTOBER
AUGUST - SEPTEMBER
DECEMBER - JULY
DECEMBER - SEPTEMBER
DECEMBER - OCTOBER
APRIL - AUGUST
APRIL - JUNE
APRIL - MARCH
MAY - JULY
MAY - APRIL
MAY - JUNE
NOVEMBER - JULY
NOVEMBER - OCTOBER
NOVEMBER - DECEMBER
JANUARY - JULY
JANUARY - APRIL
JANUARY - MARCH
JANUARY - FEBRUARY
NOVEMBER - DECEMBER
SEPTEMBER - NOVEMBER
FEBRUARY - SEPTEMBER
OCTOBER - FEBRUARY
OCTOBER - NOVEMBER
OCTOBER - SEPTEMBER
AUGUST - OCTOBER
AUGUST - SEPTEMBER
AUGUST - FEBRUARY
JANUARY - OCTOBER
JANUARY - AUGUST
JANUARY - FEBRUARY
JULY - SEPTEMBER
JULY - FEBRUARY
JULY - AUGUST
APRIL - SEPTEMBER
APRIL - JULY
APRIL - FEBRUARY
MAY - AUGUST
MAY - APRIL
MAY - JULY
MARCH - AUGUST
MARCH - APRIL
MARCH - FEBRUARY
JUNE - JULY
JUNE - MARCH
JUNE - MAY
MARCH - FEBRUARY
DECEMBER - MARCH
SEPTEMBER - DECEMBER
SEPTEMBER - MARCH
SEPTEMBER - DECEMBER
JULY - SEPTEMBER
JULY - MARCH
JUNE - JULY
JUNE - MARCH
OCTOBER - JULY
OCTOBER - DECEMBER
OCTOBER - SEPTEMBER
APRIL - JULY
APRIL - MARCH
APRIL - JUNE
JANUARY - JULY
JANUARY - APRIL
JANUARY - MARCH
JANUARY - FEBRUARY
MAY - JUNE
MAY - MARCH
MAY - APRIL
AUGUST - JUNE
AUGUST - OCTOBER
AUGUST - SEPTEMBER
AUGUST - JULY
NOVEMBER - JUNE
NOVEMBER - SEPTEMBER
NOVEMBER - DECEMBER
NOVEMBER - OCTOBER
AUGUST - DECEMBER
JUNE - AUGUST
MAY - JUNE
FEBRUARY - MAY
NOVEMBER - FEBRUARY
NOVEMBER - JUNE
NOVEMBER - DECEMBER
NOVEMBER - AUGUST
APRIL - AUGUST
APRIL - MAY
APRIL - FEBRUARY
OCTOBER - JUNE
OCTOBER - NOVEMBER
OCTOBER - AUGUST
JANUARY - AUGUST
JANUARY - MAY
JANUARY - APRIL
JANUARY - FEBRUARY
SEPTEMBER - JUNE
SEPTEMBER - NOVEMBER
SEPTEMBER - OCTOBER
SEPTEMBER - AUGUST
JULY - AUGUST
JULY - APRIL
JULY - JUNE
MARCH - JULY
MARCH - APRIL
MARCH - FEBRUARY
APRIL - OCTOBER
MAY - APRIL
MAY - OCTOBER
MAY - APRIL
AUGUST - MAY
AUGUST - OCTOBER
JANUARY - AUGUST
JANUARY - MAY
JANUARY - APRIL
MARCH - MAY
MARCH - APRIL
MARCH - JANUARY
JULY - MAY
JULY - OCTOBER
JULY - AUGUST
FEBRUARY - MAY
FEBRUARY - MARCH
FEBRUARY - JANUARY
JUNE - MAY
JUNE - AUGUST
JUNE - JULY
DECEMBER - MAY
DECEMBER - AUGUST
DECEMBER - OCTOBER
SEPTEMBER - JUNE
SEPTEMBER - OCTOBER
SEPTEMBER - AUGUST
NOVEMBER - JUNE
NOVEMBER - SEPTEMBER
NOVEMBER - DECEMBER
NOVEMBER - OCTOBER
APRIL - MARCH
JANUARY - APRIL
JANUARY - APRIL
JANUARY - MARCH
FEBRUARY - MARCH
FEBRUARY - JANUARY
SEPTEMBER - MARCH
SEPTEMBER - APRIL
JUNE - MARCH
JUNE - SEPTEMBER
JUNE - APRIL
DECEMBER - APRIL
DECEMBER - SEPTEMBER
NOVEMBER - APRIL
NOVEMBER - SEPTEMBER
NOVEMBER - DECEMBER
JULY - JUNE
JULY - NOVEMBER
JULY - SEPTEMBER
OCTOBER - JUNE
OCTOBER - NOVEMBER
OCTOBER - SEPTEMBER
MAY - JULY
MAY - MARCH
MAY - JUNE
MAY - APRIL
AUGUST - JUNE
AUGUST - OCTOBER
AUGUST - SEPTEMBER
AUGUST - JULY
JANUARY - DECEMBER
JULY - JANUARY
JULY - DECEMBER
JULY - JANUARY
MARCH - JULY
MARCH - JANUARY
APRIL - JULY
APRIL - MARCH
FEBRUARY - APRIL
FEBRUARY - MARCH
FEBRUARY - JANUARY
JUNE - APRIL
JUNE - DECEMBER
JUNE - JULY
SEPTEMBER - APRIL
SEPTEMBER - JULY
SEPTEMBER - DECEMBER
OCTOBER - JUNE
OCTOBER - SEPTEMBER
OCTOBER - DECEMBER
MAY - JUNE
MAY - MARCH
MAY - APRIL
AUGUST - JUNE
AUGUST - OCTOBER
AUGUST - SEPTEMBER
AUGUST - JULY
NOVEMBER - JUNE
NOVEMBER - SEPTEMBER
NOVEMBER - DECEMBER
NOVEMBER - OCTOBER
APRIL - DECEMBER
OCTOBER - APRIL
OCTOBER - DECEMBER
OCTOBER - APRIL
JULY - OCTOBER
JULY - APRIL
NOVEMBER - OCTOBER
NOVEMBER - DECEMBER
FEBRUARY - OCTOBER
FEBRUARY - JULY
FEBRUARY - APRIL
MAY - OCTOBER
MAY - APRIL
MAY - JULY
MARCH - JULY
MARCH - APRIL
MARCH - FEBRUARY
AUGUST - JULY
AUGUST - NOVEMBER
AUGUST - OCTOBER
JUNE - JULY
JUNE - APRIL
JUNE - MAY
SEPTEMBER - JULY
SEPTEMBER - NOVEMBER
SEPTEMBER - OCTOBER
SEPTEMBER - AUGUST
JANUARY - JULY
JANUARY - APRIL
JANUARY - MARCH
JANUARY - FEBRUARY
NOVEMBER - JUNE
AUGUST - NOVEMBER
AUGUST - NOVEMBER
AUGUST - JUNE
FEBRUARY - AUGUST
FEBRUARY - JUNE
SEPTEMBER - AUGUST
SEPTEMBER - NOVEMBER
MARCH - AUGUST
MARCH - JUNE
MARCH - FEBRUARY
JANUARY - AUGUST
JANUARY - MARCH
JANUARY - FEBRUARY
OCTOBER - JUNE
OCTOBER - SEPTEMBER
OCTOBER - NOVEMBER
JULY - AUGUST
JULY - MARCH
JULY - JUNE
APRIL - JULY
APRIL - MARCH
APRIL - JUNE
DECEMBER - JULY
DECEMBER - OCTOBER
DECEMBER - NOVEMBER
MAY - JULY
MAY - MARCH
MAY - JUNE
MAY - APRIL
APRIL - AUGUST
NOVEMBER - APRIL
NOVEMBER - AUGUST
OCTOBER - AUGUST
OCTOBER - NOVEMBER
DECEMBER - OCTOBER
DECEMBER - NOVEMBER
MARCH - OCTOBER
MARCH - AUGUST
MARCH - APRIL
SEPTEMBER - OCTOBER
SEPTEMBER - APRIL
SEPTEMBER - AUGUST
MAY - SEPTEMBER
MAY - APRIL
MAY - AUGUST
FEBRUARY - SEPTEMBER
FEBRUARY - MAY
FEBRUARY - APRIL
FEBRUARY - MARCH
JULY - AUGUST
JULY - APRIL
JULY - MAY
JUNE - AUGUST
JUNE - APRIL
JUNE - JULY
JUNE - MAY
JANUARY - JULY
JANUARY - APRIL
JANUARY - MARCH
JANUARY - FEBRUARY
JULY - JUNE
NOVEMBER - JULY
DECEMBER - NOVEMBER
AUGUST - DECEMBER
AUGUST - NOVEMBER
AUGUST - JULY
APRIL - AUGUST
APRIL - JULY
APRIL - JUNE
MARCH - AUGUST
MARCH - JUNE
MARCH - APRIL
OCTOBER - JULY
OCTOBER - NOVEMBER
OCTOBER - AUGUST
SEPTEMBER - AUGUST
SEPTEMBER - NOVEMBER
SEPTEMBER - OCTOBER
MAY - AUGUST
MAY - JUNE
MAY - APRIL
JANUARY - AUGUST
JANUARY - MAY
JANUARY - APRIL
JANUARY - MARCH
FEBRUARY - JULY
FEBRUARY - APRIL
FEBRUARY - MARCH
FEBRUARY - JANUARY
FEBRUARY - MAY
OCTOBER - FEBRUARY
OCTOBER - MAY
JUNE - MAY
JUNE - OCTOBER
NOVEMBER - JUNE
NOVEMBER - OCTOBER
APRIL - JUNE
APRIL - MAY
APRIL - FEBRUARY
AUGUST - JUNE
AUGUST - NOVEMBER
AUGUST - OCTOBER
DECEMBER - JUNE
DECEMBER - OCTOBER
DECEMBER - NOVEMBER
SEPTEMBER - AUGUST
SEPTEMBER - NOVEMBER
SEPTEMBER - OCTOBER
JULY - AUGUST
JULY - MAY
JULY - JUNE
JANUARY - AUGUST
JANUARY - MAY
JANUARY - APRIL
JANUARY - FEBRUARY
MARCH - JULY
MARCH - APRIL
MARCH - FEBRUARY
NOVEMBER - MARCH
AUGUST - NOVEMBER
AUGUST - NOVEMBER
AUGUST - MARCH
JUNE - AUGUST
JUNE - MARCH
DECEMBER - AUGUST
DECEMBER - NOVEMBER
APRIL - AUGUST
APRIL - JUNE
APRIL - MARCH
OCTOBER - AUGUST
OCTOBER - DECEMBER
OCTOBER - NOVEMBER
MAY - AUGUST
MAY - APRIL
MAY - JUNE
FEBRUARY - AUGUST
FEBRUARY - MAY
FEBRUARY - APRIL
FEBRUARY - MARCH
JULY - JUNE
JULY - NOVEMBER
JULY - OCTOBER
JULY - AUGUST
JANUARY - JULY
JANUARY - APRIL
JANUARY - MARCH
JANUARY - FEBRUARY
SEPTEMBER - JUNE
SEPTEMBER - OCTOBER
SEPTEMBER - AUGUST
NOVEMBER - OCTOBER
MARCH - NOVEMBER
MARCH - NOVEMBER
MARCH - OCTOBER
JANUARY - OCTOBER
JANUARY - MARCH
DECEMBER - OCTOBER
DECEMBER - NOVEMBER
MAY - OCTOBER
MAY - MARCH
JUNE - OCTOBER
JUNE - MARCH
JUNE - MAY
AUGUST - JUNE
AUGUST - NOVEMBER
AUGUST - OCTOBER
APRIL - AUGUST
APRIL - MAY
APRIL - MARCH
FEBRUARY - JUNE
FEBRUARY - APRIL
FEBRUARY - MARCH
FEBRUARY - JANUARY
SEPTEMBER - JUNE
SEPTEMBER - NOVEMBER
SEPTEMBER - OCTOBER
SEPTEMBER - AUGUST
JULY - JUNE
JULY - OCTOBER
JULY - SEPTEMBER
JULY - AUGUST
MARCH - JULY
MAY - MARCH
MAY - JULY
MAY - MARCH
AUGUST - MAY
AUGUST - JULY
NOVEMBER - JULY
NOVEMBER - AUGUST
SEPTEMBER - JULY
SEPTEMBER - NOVEMBER
SEPTEMBER - AUGUST
OCTOBER - AUGUST
OCTOBER - NOVEMBER
OCTOBER - SEPTEMBER
DECEMBER - AUGUST
DECEMBER - OCTOBER
DECEMBER - NOVEMBER
JUNE - SEPTEMBER
JUNE - JULY
JUNE - MAY
FEBRUARY - AUGUST
FEBRUARY - JUNE
FEBRUARY - MAY
FEBRUARY - MARCH
APRIL - AUGUST
APRIL - MAY
APRIL - MARCH
JANUARY - JULY
JANUARY - APRIL
JANUARY - MARCH
JANUARY - FEBRUARY
DECEMBER - APRIL
MAY - DECEMBER
MAY - DECEMBER
MAY - APRIL
NOVEMBER - MAY
NOVEMBER - DECEMBER
JUNE - NOVEMBER
JUNE - MAY
OCTOBER - JUNE
OCTOBER - DECEMBER
OCTOBER - NOVEMBER
JANUARY - OCTOBER
JANUARY - MAY
JANUARY - APRIL
FEBRUARY - JUNE
FEBRUARY - APRIL
FEBRUARY - JANUARY
JULY - JUNE
JULY - NOVEMBER
JULY - OCTOBER
MARCH - JUNE
MARCH - APRIL
MARCH - FEBRUARY
AUGUST - JUNE
AUGUST - NOVEMBER
AUGUST - OCTOBER
AUGUST - JULY
SEPTEMBER - JUNE
SEPTEMBER - OCTOBER
SEPTEMBER - AUGUST
AUGUST - JANUARY
OCTOBER - AUGUST
JULY - OCTOBER
JULY - AUGUST
JULY - JANUARY
NOVEMBER - AUGUST
NOVEMBER - OCTOBER
APRIL - AUGUST
APRIL - JULY
APRIL - JANUARY
MAY - AUGUST
MAY - APRIL
MAY - JULY
JUNE - JULY
JUNE - APRIL
JUNE - MAY
FEBRUARY - JULY
FEBRUARY - MAY
FEBRUARY - APRIL
FEBRUARY - JANUARY
DECEMBER - JUNE
DECEMBER - OCTOBER
DECEMBER - NOVEMBER
MARCH - JULY
MARCH - APRIL
MARCH - FEBRUARY
SEPTEMBER - JUNE
SEPTEMBER - OCTOBER
SEPTEMBER - AUGUST
OCTOBER - AUGUST
APRIL - OCTOBER
APRIL - OCTOBER
APRIL - AUGUST
DECEMBER - AUGUST
DECEMBER - OCTOBER
JANUARY - OCTOBER
JANUARY - AUGUST
JANUARY - APRIL
MARCH - AUGUST
MARCH - APRIL
MARCH - JANUARY
SEPTEMBER - AUGUST
SEPTEMBER - DECEMBER
SEPTEMBER - OCTOBER
NOVEMBER - AUGUST
NOVEMBER - OCTOBER
NOVEMBER - DECEMBER
JUNE - SEPTEMBER
JUNE - APRIL
JUNE - AUGUST
JULY - AUGUST
JULY - APRIL
JULY - JUNE
FEBRUARY - AUGUST
FEBRUARY - APRIL
FEBRUARY - MARCH
FEBRUARY - JANUARY
MAY - JULY
MAY - MARCH
MAY - JUNE
MAY - APRIL
AUGUST - MAY
SEPTEMBER - AUGUST
JUNE - SEPTEMBER
JUNE - AUGUST
JUNE - MAY
JULY - AUGUST
JULY - JUNE
FEBRUARY - JULY
FEBRUARY - JUNE
FEBRUARY - MAY
APRIL - JULY
APRIL - MAY
APRIL - FEBRUARY
MARCH - JUNE
MARCH - APRIL
MARCH - FEBRUARY
DECEMBER - JUNE
DECEMBER - AUGUST
DECEMBER - SEPTEMBER
NOVEMBER - JUNE
NOVEMBER - SEPTEMBER
NOVEMBER - DECEMBER
OCTOBER - JULY
OCTOBER - NOVEMBER
OCTOBER - SEPTEMBER
JANUARY - JULY
JANUARY - APRIL
JANUARY - MARCH
JANUARY - FEBRUARY
JANUARY - APRIL
SEPTEMBER - JANUARY
SEPTEMBER - APRIL
JUNE - APRIL
JUNE - SEPTEMBER
FEBRUARY - JUNE
FEBRUARY - APRIL
FEBRUARY - JANUARY
MARCH - APRIL
MARCH - FEBRUARY
NOVEMBER - APRIL
NOVEMBER - SEPTEMBER
MAY - APRIL
MAY - SEPTEMBER
MAY - JUNE
AUGUST - MAY
AUGUST - SEPTEMBER
AUGUST - JUNE
JULY - MAY
JULY - SEPTEMBER
JULY - AUGUST
JULY - JUNE
OCTOBER - JUNE
OCTOBER - SEPTEMBER
OCTOBER - NOVEMBER
DECEMBER - JUNE
DECEMBER - SEPTEMBER
DECEMBER - NOVEMBER
SEPTEMBER - AUGUST
MAY - SEPTEMBER
MAY - SEPTEMBER
MAY - AUGUST
FEBRUARY - AUGUST
FEBRUARY - MAY
MARCH - AUGUST
MARCH - MAY
MARCH - FEBRUARY
DECEMBER - MAY
DECEMBER - SEPTEMBER
OCTOBER - AUGUST
OCTOBER - DECEMBER
OCTOBER - SEPTEMBER
JULY - AUGUST
JULY - MARCH
JULY - MAY
APRIL - AUGUST
APRIL - MAY
APRIL - MARCH
JUNE - JULY
JUNE - APRIL
JUNE - MAY
NOVEMBER - JULY
NOVEMBER - OCTOBER
NOVEMBER - DECEMBER
JANUARY - JULY
JANUARY - APRIL
JANUARY - MARCH
JANUARY - FEBRUARY
JULY - MAY
JANUARY - JULY
JANUARY - JULY
JANUARY - MAY
SEPTEMBER - MAY
SEPTEMBER - JULY
JUNE - JULY
JUNE - MAY
MARCH - JUNE
MARCH - MAY
MARCH - JANUARY
DECEMBER - JUNE
DECEMBER - SEPTEMBER
OCTOBER - JUNE
OCTOBER - SEPTEMBER
OCTOBER - DECEMBER
NOVEMBER - JULY
NOVEMBER - OCTOBER
NOVEMBER - DECEMBER
FEBRUARY - JULY
FEBRUARY - MAY
FEBRUARY - MARCH
FEBRUARY - JANUARY
APRIL - JULY
APRIL - MARCH
APRIL - JUNE
APRIL - MAY
AUGUST - JUNE
AUGUST - OCTOBER
AUGUST - SEPTEMBER
AUGUST - JULY
JUNE - JULY
DECEMBER - JUNE
DECEMBER - JULY
SEPTEMBER - JULY
SEPTEMBER - DECEMBER
NOVEMBER - SEPTEMBER
NOVEMBER - DECEMBER
JANUARY - SEPTEMBER
JANUARY - JULY
JANUARY - JUNE
OCTOBER - SEPTEMBER
OCTOBER - DECEMBER
OCTOBER - NOVEMBER
FEBRUARY - SEPTEMBER
FEBRUARY - JUNE
FEBRUARY - JANUARY
MAY - SEPTEMBER
MAY - JUNE
MAY - FEBRUARY
AUGUST - JULY
AUGUST - NOVEMBER
AUGUST - OCTOBER
AUGUST - SEPTEMBER
APRIL - AUGUST
APRIL - MAY
APRIL - FEBRUARY
MARCH - JULY
MARCH - APRIL
MARCH - FEBRUARY
FEBRUARY - JULY
MAY - FEBRUARY
MAY - JULY
MAY - FEBRUARY
NOVEMBER - MAY
NOVEMBER - JULY
AUGUST - JULY
AUGUST - NOVEMBER
OCTOBER - JULY
OCTOBER - NOVEMBER
OCTOBER - AUGUST
JANUARY - AUGUST
JANUARY - MAY
JANUARY - FEBRUARY
SEPTEMBER - JULY
SEPTEMBER - OCTOBER
SEPTEMBER - AUGUST
APRIL - AUGUST
APRIL - MAY
APRIL - FEBRUARY
JUNE - JULY
JUNE - APRIL
JUNE - MAY
MARCH - JULY
MARCH - APRIL
MARCH - FEBRUARY
DECEMBER - JUNE
DECEMBER - SEPTEMBER
DECEMBER - NOVEMBER
JULY - OCTOBER
MAY - JULY
DECEMBER - MAY
DECEMBER - JULY
DECEMBER - OCTOBER
MARCH - OCTOBER
MARCH - JULY
MARCH - MAY
APRIL - JULY
APRIL - MAY
APRIL - MARCH
AUGUST - JULY
AUGUST - DECEMBER
AUGUST - OCTOBER
FEBRUARY - JULY
FEBRUARY - APRIL
FEBRUARY - MARCH
NOVEMBER - JULY
NOVEMBER - OCTOBER
NOVEMBER - DECEMBER
JUNE - JULY
JUNE - APRIL
JUNE - MAY
SEPTEMBER - JULY
SEPTEMBER - NOVEMBER
SEPTEMBER - OCTOBER
SEPTEMBER - AUGUST
JANUARY - JULY
JANUARY - APRIL
JANUARY - MARCH
JANUARY - FEBRUARY
MARCH - NOVEMBER
JUNE - MARCH
JUNE - NOVEMBER
JUNE - MARCH
DECEMBER - JUNE
DECEMBER - NOVEMBER
MAY - NOVEMBER
MAY - JUNE
MAY - MARCH
APRIL - JUNE
APRIL - MAY
APRIL - MARCH
JULY - JUNE
JULY - DECEMBER
JULY - NOVEMBER
SEPTEMBER - JUNE
SEPTEMBER - NOVEMBER
SEPTEMBER - JULY
FEBRUARY - JULY
FEBRUARY - MAY
FEBRUARY - APRIL
FEBRUARY - MARCH
OCTOBER - JUNE
OCTOBER - NOVEMBER
OCTOBER - SEPTEMBER
AUGUST - JULY
AUGUST - NOVEMBER
AUGUST - OCTOBER
AUGUST - SEPTEMBER
JANUARY - JULY
JANUARY - APRIL
JANUARY - MARCH
JANUARY - FEBRUARY
FEBRUARY - JANUARY
OCTOBER - FEBRUARY
JULY - OCTOBER
JULY - FEBRUARY
JULY - OCTOBER
MARCH - JULY
MARCH - FEBRUARY
AUGUST - MARCH
AUGUST - OCTOBER
AUGUST - JULY
JUNE - JULY
JUNE - FEBRUARY
JUNE - MARCH
APRIL - JUNE
APRIL - FEBRUARY
APRIL - MARCH
DECEMBER - JUNE
DECEMBER - AUGUST
DECEMBER - OCTOBER
SEPTEMBER - JUNE
SEPTEMBER - OCTOBER
SEPTEMBER - AUGUST
MAY - JULY
MAY - MARCH
MAY - JUNE
MAY - APRIL
NOVEMBER - JUNE
NOVEMBER - SEPTEMBER
NOVEMBER - DECEMBER
NOVEMBER - OCTOBER
MAY - NOVEMBER
MARCH - MAY
OCTOBER - MARCH
OCTOBER - MAY
OCTOBER - NOVEMBER
APRIL - OCTOBER
APRIL - MAY
APRIL - MARCH
DECEMBER - MAY
DECEMBER - NOVEMBER
JANUARY - OCTOBER
JANUARY - APRIL
JANUARY - MARCH
JUNE - MAY
JUNE - NOVEMBER
JUNE - OCTOBER
JULY - JUNE
JULY - NOVEMBER
JULY - OCTOBER
AUGUST - JUNE
AUGUST - NOVEMBER
AUGUST - OCTOBER
AUGUST - JULY
FEBRUARY - JULY
FEBRUARY - APRIL
FEBRUARY - MARCH
FEBRUARY - JANUARY
SEPTEMBER - JUNE
SEPTEMBER - OCTOBER
SEPTEMBER - AUGUST
AUGUST - JULY
OCTOBER - AUGUST
MARCH - OCTOBER
MARCH - AUGUST
MARCH - JULY
JUNE - AUGUST
JUNE - JULY
JUNE - MARCH
FEBRUARY - JULY
FEBRUARY - JUNE
FEBRUARY - MARCH
SEPTEMBER - JULY
SEPTEMBER - OCTOBER
SEPTEMBER - AUGUST
NOVEMBER - JULY
NOVEMBER - SEPTEMBER
NOVEMBER - OCTOBER
JANUARY - AUGUST
JANUARY - JUNE
JANUARY - MARCH
JANUARY - FEBRUARY
MAY - JULY
MAY - MARCH
MAY - JUNE
APRIL - JULY
APRIL - MARCH
APRIL - JUNE
APRIL - MAY
DECEMBER - JUNE
DECEMBER - SEPTEMBER
DECEMBER - NOVEMBER
JANUARY - JUNE
NOVEMBER - JANUARY
NOVEMBER - JUNE
SEPTEMBER - JUNE
SEPTEMBER - NOVEMBER
MARCH - SEPTEMBER
MARCH - JUNE
MARCH - JANUARY
FEBRUARY - JUNE
FEBRUARY - MARCH
FEBRUARY - JANUARY
JULY - JUNE
JULY - NOVEMBER
JULY - SEPTEMBER
OCTOBER - JUNE
OCTOBER - SEPTEMBER
OCTOBER - NOVEMBER
APRIL - JULY
APRIL - MARCH
APRIL - JUNE
AUGUST - JUNE
AUGUST - OCTOBER
AUGUST - SEPTEMBER
AUGUST - JULY
MAY - JULY
MAY - MARCH
MAY - JUNE
MAY - APRIL
DECEMBER - JUNE
DECEMBER - SEPTEMBER
DECEMBER - NOVEMBER
SEPTEMBER - JUNE
JULY - SEPTEMBER
JULY - SEPTEMBER
JULY - JUNE
APRIL - JULY
APRIL - JUNE
JANUARY - JULY
JANUARY - JUNE
JANUARY - APRIL
MAY - JUNE
MAY - APRIL
OCTOBER - JUNE
OCTOBER - SEPTEMBER
DECEMBER - JUNE
DECEMBER - SEPTEMBER
DECEMBER - OCTOBER
NOVEMBER - JULY
NOVEMBER - OCTOBER
NOVEMBER - DECEMBER
AUGUST - JULY
AUGUST - NOVEMBER
AUGUST - OCTOBER
AUGUST - SEPTEMBER
FEBRUARY - AUGUST
FEBRUARY - MAY
FEBRUARY - APRIL
FEBRUARY - JANUARY
MARCH - JULY
MARCH - APRIL
MARCH - FEBRUARY
APRIL - AUGUST
FEBRUARY - APRIL
MARCH - FEBRUARY
MARCH - APRIL
MARCH - FEBRUARY
JULY - APRIL
JULY - AUGUST
DECEMBER - APRIL
DECEMBER - AUGUST
MAY - JULY
MAY - MARCH
MAY - APRIL
JUNE - MAY
JUNE - AUGUST
JUNE - JULY
JANUARY - JUNE
JANUARY - APRIL
JANUARY - MARCH
JANUARY - FEBRUARY
OCTOBER - MAY
OCTOBER - AUGUST
OCTOBER - DECEMBER
NOVEMBER - JUNE
NOVEMBER - OCTOBER
NOVEMBER - DECEMBER
SEPTEMBER - JUNE
SEPTEMBER - OCTOBER
SEPTEMBER - AUGUST
JUNE - APRIL
AUGUST - JUNE
FEBRUARY - AUGUST
FEBRUARY - JUNE
FEBRUARY - APRIL
SEPTEMBER - JUNE
SEPTEMBER - AUGUST
NOVEMBER - JUNE
NOVEMBER - SEPTEMBER
JANUARY - AUGUST
JANUARY - APRIL
JANUARY - FEBRUARY
OCTOBER - JUNE
OCTOBER - SEPTEMBER
OCTOBER - NOVEMBER
DECEMBER - AUGUST
DECEMBER - OCTOBER
DECEMBER - NOVEMBER
MAY - AUGUST
MAY - APRIL
MAY - JUNE
MARCH - AUGUST
MARCH - APRIL
MARCH - FEBRUARY
JULY - JUNE
JULY - OCTOBER
JULY - SEPTEMBER
JULY - AUGUST
JANUARY - FEBRUARY
SEPTEMBER - JANUARY
SEPTEMBER - FEBRUARY
OCTOBER - FEBRUARY
OCTOBER - SEPTEMBER
MAY - SEPTEMBER
MAY - FEBRUARY
APRIL - MAY
APRIL - FEBRUARY
JUNE - MAY
JUNE - OCTOBER
JUNE - SEPTEMBER
JULY - MAY
JULY - SEPTEMBER
JULY - JUNE
NOVEMBER - JUNE
NOVEMBER - SEPTEMBER
NOVEMBER - OCTOBER
DECEMBER - JUNE
DECEMBER - OCTOBER
DECEMBER - NOVEMBER
AUGUST - JULY
AUGUST - NOVEMBER
AUGUST - OCTOBER
AUGUST - SEPTEMBER
MARCH - JULY
MARCH - APRIL
MARCH - FEBRUARY
OCTOBER - AUGUST
MAY - OCTOBER
MAY - OCTOBER
MAY - AUGUST
JANUARY - AUGUST
JANUARY - MAY
JUNE - AUGUST
JUNE - MAY
DECEMBER - JUNE
DECEMBER - OCTOBER
JULY - AUGUST
JULY - MAY
JULY - JUNE
MARCH - JULY
MARCH - MAY
MARCH - JANUARY
SEPTEMBER - JULY
SEPTEMBER - OCTOBER
SEPTEMBER - AUGUST
NOVEMBER - JULY
NOVEMBER - OCTOBER
NOVEMBER - DECEMBER
FEBRUARY - AUGUST
FEBRUARY - MAY
FEBRUARY - MARCH
FEBRUARY - JANUARY
APRIL - JULY
APRIL - MARCH
APRIL - JUNE
APRIL - MAY
JUNE - AUGUST
APRIL - JUNE
OCTOBER - APRIL
OCTOBER - JUNE
OCTOBER - AUGUST
MARCH - AUGUST
MARCH - JUNE
MARCH - APRIL
JANUARY - JUNE
JANUARY - APRIL
JANUARY - MARCH
DECEMBER - JUNE
DECEMBER - OCTOBER
JULY - JUNE
JULY - OCTOBER
JULY - AUGUST
NOVEMBER - JULY
NOVEMBER - OCTOBER
NOVEMBER - DECEMBER
MAY - JULY
MAY - APRIL
MAY - JUNE
SEPTEMBER - JULY
SEPTEMBER - NOVEMBER
SEPTEMBER - OCTOBER
SEPTEMBER - AUGUST
FEBRUARY - JULY
FEBRUARY - APRIL
FEBRUARY - MARCH
FEBRUARY - JANUARY
OCTOBER - JULY
NOVEMBER - OCTOBER
MAY - NOVEMBER
MAY - OCTOBER
MAY - JULY
SEPTEMBER - OCTOBER
SEPTEMBER - JULY
DECEMBER - SEPTEMBER
DECEMBER - NOVEMBER
JUNE - OCTOBER
JUNE - JULY
JUNE - MAY
JANUARY - SEPTEMBER
JANUARY - JUNE
JANUARY - MAY
MARCH - SEPTEMBER
MARCH - JUNE
MARCH - MAY
MARCH - JANUARY
FEBRUARY - JULY
FEBRUARY - MAY
FEBRUARY - MARCH
FEBRUARY - JANUARY
APRIL - JULY
APRIL - MARCH
APRIL - JUNE
APRIL - MAY
AUGUST - JUNE
AUGUST - OCTOBER
AUGUST - SEPTEMBER
AUGUST - JULY
MAY - AUGUST
APRIL - MAY
FEBRUARY - APRIL
MARCH - FEBRUARY
MARCH - MAY
MARCH - APRIL
MARCH - FEBRUARY
DECEMBER - APRIL
DECEMBER - AUGUST
JUNE - MAY
JUNE - DECEMBER
JUNE - AUGUST
JULY - MAY
JULY - AUGUST
JULY - JUNE
OCTOBER - JUNE
OCTOBER - AUGUST
OCTOBER - DECEMBER
SEPTEMBER - JUNE
SEPTEMBER - OCTOBER
SEPTEMBER - AUGUST
NOVEMBER - JULY
NOVEMBER - OCTOBER
NOVEMBER - DECEMBER
JANUARY - JULY
JANUARY - APRIL
JANUARY - MARCH
JANUARY - FEBRUARY
JULY - APRIL
JANUARY - JULY
JANUARY - JULY
JANUARY - APRIL
SEPTEMBER - APRIL
SEPTEMBER - JULY
MAY - JULY
MAY - APRIL
OCTOBER - MAY
OCTOBER - SEPTEMBER
JUNE - JULY
JUNE - APRIL
JUNE - MAY
DECEMBER - JUNE
DECEMBER - SEPTEMBER
DECEMBER - OCTOBER
FEBRUARY - JULY
FEBRUARY - MAY
FEBRUARY - APRIL
FEBRUARY - JANUARY
AUGUST - JUNE
AUGUST - OCTOBER
AUGUST - SEPTEMBER
AUGUST - JULY
MARCH - JULY
MARCH - APRIL
MARCH - FEBRUARY
NOVEMBER - JUNE
NOVEMBER - SEPTEMBER
NOVEMBER - DECEMBER
NOVEMBER - OCTOBER
MAY - DECEMBER
APRIL - MAY
AUGUST - APRIL
AUGUST - MAY
AUGUST - DECEMBER
NOVEMBER - AUGUST
NOVEMBER - DECEMBER
JUNE - AUGUST
JUNE - MAY
JULY - AUGUST
JULY - MAY
JULY - JUNE
FEBRUARY - JULY
FEBRUARY - MAY
FEBRUARY - APRIL
MARCH - JULY
MARCH - MAY
MARCH - APRIL
MARCH - FEBRUARY
JANUARY - JUNE
JANUARY - APRIL
JANUARY - MARCH
JANUARY - FEBRUARY
OCTOBER - JUNE
OCTOBER - NOVEMBER
OCTOBER - AUGUST
SEPTEMBER - JUNE
SEPTEMBER - OCTOBER
SEPTEMBER - AUGUST
MARCH - DECEMBER
FEBRUARY - MARCH
APRIL - FEBRUARY
APRIL - MARCH
APRIL - DECEMBER
JULY - APRIL
JULY - DECEMBER
MAY - APRIL
MAY - DECEMBER
MAY - JULY
SEPTEMBER - MAY
SEPTEMBER - DECEMBER
SEPTEMBER - JULY
NOVEMBER - MAY
NOVEMBER - SEPTEMBER
NOVEMBER - DECEMBER
JANUARY - JULY
JANUARY - APRIL
JANUARY - MARCH
JANUARY - FEBRUARY
JUNE - MAY
JUNE - NOVEMBER
JUNE - SEPTEMBER
JUNE - JULY
AUGUST - JUNE
AUGUST - NOVEMBER
AUGUST - SEPTEMBER
AUGUST - JULY
OCTOBER - JUNE
OCTOBER - SEPTEMBER
OCTOBER - DECEMBER
OCTOBER - NOVEMBER
MARCH - OCTOBER
AUGUST - MARCH
AUGUST - OCTOBER
AUGUST - MARCH
DECEMBER - AUGUST
DECEMBER - OCTOBER
MAY - OCTOBER
MAY - AUGUST
MAY - MARCH
JULY - AUGUST
JULY - MAY
FEBRUARY - AUGUST
FEBRUARY - MAY
FEBRUARY - MARCH
APRIL - JULY
APRIL - MARCH
APRIL - MAY
JUNE - JULY
JUNE - APRIL
JUNE - MAY
JANUARY - JUNE
JANUARY - APRIL
JANUARY - MARCH
JANUARY - FEBRUARY
NOVEMBER - JUNE
NOVEMBER - OCTOBER
NOVEMBER - DECEMBER
SEPTEMBER - JUNE
SEPTEMBER - OCTOBER
SEPTEMBER - AUGUST
JANUARY - NOVEMBER
JULY - JANUARY
JULY - NOVEMBER
JULY - JANUARY
SEPTEMBER - JULY
SEPTEMBER - NOVEMBER
OCTOBER - SEPTEMBER
OCTOBER - NOVEMBER
DECEMBER - SEPTEMBER
DECEMBER - NOVEMBER
AUGUST - OCTOBER
AUGUST - JULY
AUGUST - SEPTEMBER
JUNE - SEPTEMBER
JUNE - JULY
JUNE - JANUARY
APRIL - SEPTEMBER
APRIL - JULY
APRIL - JUNE
APRIL - JANUARY
MARCH - AUGUST
MARCH - JUNE
MARCH - APRIL
MARCH - JANUARY
MAY - AUGUST
MAY - APRIL
MAY - JULY
MAY - JUNE
FEBRUARY - JULY
FEBRUARY - APRIL
FEBRUARY - MARCH
FEBRUARY - JANUARY
JANUARY - MAY
OCTOBER - JANUARY
OCTOBER - MAY
NOVEMBER - MAY
NOVEMBER - OCTOBER
JULY - OCTOBER
JULY - MAY
DECEMBER - JULY
DECEMBER - NOVEMBER
MARCH - OCTOBER
MARCH - MAY
MARCH - JANUARY
JUNE - JULY
JUNE - MARCH
JUNE - MAY
FEBRUARY - JULY
FEBRUARY - MAY
FEBRUARY - MARCH
FEBRUARY - JANUARY
APRIL - JUNE
APRIL - MARCH
APRIL - MAY
SEPTEMBER - JUNE
SEPTEMBER - NOVEMBER
SEPTEMBER - OCTOBER
SEPTEMBER - JULY
AUGUST - JUNE
AUGUST - OCTOBER
AUGUST - SEPTEMBER
AUGUST - JULY
MARCH - SEPTEMBER
APRIL - MARCH
APRIL - SEPTEMBER
APRIL - MARCH
DECEMBER - APRIL
DECEMBER - SEPTEMBER
NOVEMBER - SEPTEMBER
NOVEMBER - DECEMBER
OCTOBER - SEPTEMBER
OCTOBER - DECEMBER
OCTOBER - NOVEMBER
JULY - OCTOBER
JULY - APRIL
JULY - SEPTEMBER
AUGUST - SEPTEMBER
AUGUST - APRIL
AUGUST - JULY
MAY - SEPTEMBER
MAY - JULY
MAY - APRIL
JANUARY - AUGUST
JANUARY - MAY
JANUARY - APRIL
JANUARY - MARCH
JUNE - AUGUST
JUNE - APRIL
JUNE - JULY
JUNE - MAY
FEBRUARY - JULY
FEBRUARY - APRIL
FEBRUARY - MARCH
FEBRUARY - JANUARY
OCTOBER - JULY
NOVEMBER - OCTOBER
MARCH - NOVEMBER
MARCH - OCTOBER
MARCH - JULY
JUNE - OCTOBER
JUNE - JULY
JUNE - MARCH
DECEMBER - JULY
DECEMBER - NOVEMBER
APRIL - OCTOBER
APRIL - JUNE
APRIL - MARCH
SEPTEMBER - JULY
SEPTEMBER - NOVEMBER
SEPTEMBER - OCTOBER
MAY - SEPTEMBER
MAY - JUNE
MAY - APRIL
FEBRUARY - JULY
FEBRUARY - MAY
FEBRUARY - APRIL
FEBRUARY - MARCH
JANUARY - JULY
JANUARY - APRIL
JANUARY - MARCH
JANUARY - FEBRUARY
AUGUST - JUNE
AUGUST - OCTOBER
AUGUST - SEPTEMBER
AUGUST - JULY
OCTOBER - JULY
NOVEMBER - OCTOBER
APRIL - NOVEMBER
APRIL - OCTOBER
APRIL - JULY
FEBRUARY - OCTOBER
FEBRUARY - JULY
FEBRUARY - APRIL
SEPTEMBER - JULY
SEPTEMBER - NOVEMBER
SEPTEMBER - OCTOBER
JANUARY - SEPTEMBER
JANUARY - APRIL
JANUARY - FEBRUARY
JUNE - JULY
JUNE - FEBRUARY
JUNE - APRIL
MAY - JULY
MAY - APRIL
MAY - JUNE
AUGUST - JUNE
AUGUST - OCTOBER
AUGUST - SEPTEMBER
AUGUST - JULY
DECEMBER - JULY
DECEMBER - OCTOBER
DECEMBER - NOVEMBER
MARCH - JULY
MARCH - APRIL
MARCH - FEBRUARY
OCTOBER - FEBRUARY
JUNE - OCTOBER
JUNE - OCTOBER
JUNE - FEBRUARY
SEPTEMBER - JUNE
SEPTEMBER - OCTOBER
JULY - SEPTEMBER
JULY - JUNE
AUGUST - JULY
AUGUST - OCTOBER
AUGUST - SEPTEMBER
MAY - AUGUST
MAY - JUNE
MAY - FEBRUARY
DECEMBER - JULY
DECEMBER - SEPTEMBER
DECEMBER - OCTOBER
JANUARY - AUGUST
JANUARY - JUNE
JANUARY - MAY
JANUARY - FEBRUARY
APRIL - JULY
APRIL - MAY
APRIL - FEBRUARY
NOVEMBER - JULY
NOVEMBER - OCTOBER
NOVEMBER - DECEMBER
MARCH - JULY
MARCH - APRIL
MARCH - FEBRUARY
DECEMBER - FEBRUARY
AUGUST - DECEMBER
AUGUST - DECEMBER
AUGUST - FEBRUARY
APRIL - AUGUST
APRIL - FEBRUARY
MARCH - AUGUST
MARCH - APRIL
MARCH - FEBRUARY
JUNE - APRIL
JUNE - DECEMBER
JUNE - AUGUST
MAY - JUNE
MAY - MARCH
MAY - APRIL
JULY - MAY
JULY - AUGUST
JULY - JUNE
SEPTEMBER - JUNE
SEPTEMBER - AUGUST
SEPTEMBER - DECEMBER
NOVEMBER - JUNE
NOVEMBER - SEPTEMBER
NOVEMBER - DECEMBER
OCTOBER - JULY
OCTOBER - NOVEMBER
OCTOBER - SEPTEMBER
JANUARY - JULY
JANUARY - APRIL
JANUARY - MARCH
JANUARY - FEBRUARY
OCTOBER - JANUARY
MAY - OCTOBER
MAY - OCTOBER
MAY - JANUARY
APRIL - MAY
APRIL - JANUARY
JUNE - MAY
JUNE - OCTOBER
JULY - MAY
JULY - OCTOBER
JULY - JUNE
SEPTEMBER - JUNE
SEPTEMBER - OCTOBER
SEPTEMBER - JULY
FEBRUARY - JUNE
FEBRUARY - APRIL
FEBRUARY - JANUARY
AUGUST - JUNE
AUGUST - SEPTEMBER
AUGUST - JULY
NOVEMBER - JUNE
NOVEMBER - SEPTEMBER
NOVEMBER - OCTOBER
DECEMBER - JULY
DECEMBER - OCTOBER
DECEMBER - NOVEMBER
MARCH - JULY
MARCH - APRIL
MARCH - FEBRUARY
JULY - MAY
DECEMBER - JULY
SEPTEMBER - DECEMBER
SEPTEMBER - JULY
SEPTEMBER - DECEMBER
OCTOBER - SEPTEMBER
OCTOBER - DECEMBER
NOVEMBER - SEPTEMBER
NOVEMBER - DECEMBER
NOVEMBER - OCTOBER
JANUARY - OCTOBER
JANUARY - JULY
JANUARY - MAY
MARCH - SEPTEMBER
MARCH - MAY
MARCH - JANUARY
AUGUST - SEPTEMBER
AUGUST - MAY
AUGUST - JULY
FEBRUARY - AUGUST
FEBRUARY - MAY
FEBRUARY - MARCH
FEBRUARY - JANUARY
APRIL - AUGUST
APRIL - MARCH
APRIL - JULY
APRIL - MAY
JUNE - JULY
JUNE - MARCH
JUNE - MAY
DECEMBER - SEPTEMBER
FEBRUARY - DECEMBER
FEBRUARY - DECEMBER
FEBRUARY - SEPTEMBER
OCTOBER - SEPTEMBER
OCTOBER - DECEMBER
AUGUST - OCTOBER
AUGUST - SEPTEMBER
AUGUST - FEBRUARY
APRIL - SEPTEMBER
APRIL - AUGUST
APRIL - FEBRUARY
JUNE - SEPTEMBER
JUNE - APRIL
JUNE - AUGUST
MAY - AUGUST
MAY - APRIL
MAY - JUNE
MARCH - AUGUST
MARCH - MAY
MARCH - APRIL
MARCH - FEBRUARY
JANUARY - JUNE
JANUARY - APRIL
JANUARY - MARCH
JANUARY - FEBRUARY
NOVEMBER - JUNE
NOVEMBER - OCTOBER
NOVEMBER - DECEMBER
JULY - JUNE
JULY - OCTOBER
JULY - SEPTEMBER
JULY - AUGUST
SEPTEMBER - OCTOBER
AUGUST - SEPTEMBER
FEBRUARY - AUGUST
APRIL - FEBRUARY
APRIL - SEPTEMBER
APRIL - AUGUST
APRIL - FEBRUARY
JANUARY - AUGUST
JANUARY - APRIL
JANUARY - FEBRUARY
JULY - AUGUST
JULY - FEBRUARY
JULY - APRIL
MARCH - JULY
MARCH - FEBRUARY
MARCH - APRIL
MAY - JULY
MAY - MARCH
MAY - APRIL
JUNE - MAY
JUNE - SEPTEMBER
JUNE - AUGUST
JUNE - JULY
NOVEMBER - JUNE
NOVEMBER - SEPTEMBER
NOVEMBER - OCTOBER
DECEMBER - JUNE
DECEMBER - SEPTEMBER
DECEMBER - NOVEMBER
OCTOBER - MARCH
JULY - OCTOBER
JULY - OCTOBER
JULY - MARCH
DECEMBER - JULY
DECEMBER - OCTOBER
JUNE - OCTOBER
JUNE - JULY
JUNE - MARCH
APRIL - JULY
APRIL - JUNE
APRIL - MARCH
AUGUST - JULY
AUGUST - DECEMBER
AUGUST - OCTOBER
MAY - JULY
MAY - APRIL
MAY - JUNE
NOVEMBER - JULY
NOVEMBER - OCTOBER
NOVEMBER - DECEMBER
SEPTEMBER - JULY
SEPTEMBER - NOVEMBER
SEPTEMBER - OCTOBER
SEPTEMBER - AUGUST
FEBRUARY - AUGUST
FEBRUARY - MAY
FEBRUARY - APRIL
FEBRUARY - MARCH
JANUARY - JULY
JANUARY - APRIL
JANUARY - MARCH
JANUARY - FEBRUARY
MARCH - APRIL
JULY - MARCH
JULY - APRIL
JANUARY - APRIL
JANUARY - MARCH
MAY - APRIL
MAY - JULY
OCTOBER - APRIL
OCTOBER - JULY
DECEMBER - MAY
DECEMBER - OCTOBER
NOVEMBER - MAY
NOVEMBER - OCTOBER
NOVEMBER - DECEMBER
SEPTEMBER - JULY
SEPTEMBER - NOVEMBER
SEPTEMBER - OCTOBER
AUGUST - JULY
AUGUST - NOVEMBER
AUGUST - OCTOBER
AUGUST - SEPTEMBER
JUNE - AUGUST
JUNE - APRIL
JUNE - JULY
JUNE - MAY
FEBRUARY - JULY
FEBRUARY - APRIL
FEBRUARY - MARCH
FEBRUARY - JANUARY
july - january
june - july
june - july
june - january
january - july
june - january
june - july
june - january
july - june
january - july
january - july
january - june
july - june
january - july
january - july
january - june
july - january
june - july
june - july
june - january
july - june
january - july
january - july
january - june
july - june
january - july
january - july
january - june
june - july
january - june
january - july
june - january
june - july
june - january
june - july
january - june
january - june
july - january
july - june
january - june
july - january
july - june
january - june
july - january
july - june
july - june
january - july
january - july
january - june
july - january
june - july
june - july
june - january
january - july
june - january
june - july
june - january
january - july
june - january
june - july
june - january
january - july
june - january
june - july
june - january
january - july
june - january
june - july
june - january
july - june
january - july
january - july
january - june
january - july
june - january
june - july
june - january
january - july
june - january
june - july
june - january
july - june
january - july
january - july
january - june
january - july
june - january
june - july
june - january
june - july
january - june
january - june
july - january
july - june
june - july
january - june
july - june
january - july
january - july
january - june
june - july
january - june
january - july
june - january
june - july
june - january
july - january
june - july
june - july
june - january
january - july
june - january
june - july
june - january
july - january
june - july
june - july
june - january
july - january
june - july
june - july
june - january
january - june
july - january
july - june
january - june
july - january
july - june
january - july
june - january
june - july
june - january
january - june
july - january
july - june
july - january
june - july
june - july
june - january
july - june
january - july
january - july
january - june
january - july
june - january
june - july
june - january
january - july
june - january
june - july
june - january
january - july
june - january
june - july
june - january
july - january
june - july
june - july
june - january
june - july
january - june
january - june
july - january
july - june
july - january
june - july
june - july
june - january
january - june
july - january
july - june
june - july
january - june
january - june
july - january
july - june
january - june
july - january
july - june
july - june
january - july
january - july
january - june
july - june
january - july
january - july
january - june
june - july
january - june
july - june
january - july
january - july
january - june
january - june
july - january
july - june
june - july
january - june
january - july
june - january
june - july
june - january
july - january
june - july
june - july
june - january
june - july
january - june
june - july
january - june
january - july
june - january
june - july
june - january
july - january
june - july
june - july
june - january
january - july
june - january
june - july
june - january
january - july
june - january
june - july
june - january
january - july
june - january
june - july
june - january
january - june
july - january
july - june
january - july
june - january
june - july
june - january
july - june
january - july
january - july
january - june
july - january
june - july
june - july
june - january
january - june
july - january
july - june
january - june
july - january
july - june
july - june
january - july
january - july
january - june
january - july
june - january
june - july
june - january
july - june
january - july
january - july
january - june
july - january
june - july
june - july
june - january
july - june
january - july
january - july
january - june
january - july
june - january
june - july
june - january
january - june
july - january
july - june
january - june
july - january
july - june
june - july
january - june
january - june
july - january
july - june
january - july
june - january
june - july
june - january
july - june
january - july
january - july
january - june
june - july
january - june
january - july
june - january
june - july
june - january
june - july
january - june
june - july
january - june
july - january
june - july
june - july
june - january
january - june
july - january
july - june
january - july
june - january
june - july
june - january
january - july
june - january
june - july
june - january
january - july
june - january
june - july
june - january
july - january
june - july
june - july
june - january
january - june
july - january
july - june
january - july
june - january
june - july
june - january
july - january
june - july
june - july
june - january
july - january
june - july
june - july
june - january
july - january
june - july
june - july
june - january
january - june
july - january
july - june
august - november
december - august
december - november
september - november
september - august
june - november
june - september
june - august
march - september
march - august
march - june
april - september
april - june
april - march
october - august
october - november
october - september
august - april
september - august
june - september
june - august
june - april
december - august
december - september
november - august
november - december
november - september
october - september
october - december
october - november
march - september
march - june
march - april
march - september
april - march
april - september
april - march
august - april
august - september
june - august
june - april
october - june
october - september
november - august
november - october
december - august
december - october
december - november
april - december
march - april
september - march
september - april
september - december
august - september
august - april
october - august
october - december
october - september
june - september
june - april
june - august
november - august
november - october
november - december
september - april
november - september
october - november
october - september
october - november
march - october
march - september
march - april
december - september
december - november
august - october
august - april
august - september
june - september
june - april
june - august
april - october
november - april
november - october
december - october
december - november
september - november
september - october
september - april
march - october
march - september
march - april
june - october
june - april
june - september
august - september
august - april
august - june
december - june
april - december
april - december
april - june
september - june
september - december
october - september
october - december
november - september
november - december
november - october
march - october
march - june
march - april
august - september
august - april
august - june
april - september
august - april
august - september
august - april
december - august
december - september
june - september
june - august
june - april
october - august
october - december
october - september
march - september
march - june
march - april
november - august
november - october
november - december
june - september
april - june
november - april
november - june
november - september
march - september
march - june
march - april
december - june
december - november
october - september
october - december
october - november
august - september
august - april
august - june
october - december
april - october
september - april
september - october
september - april
august - october
august - september
august - april
june - september
june - august
june - april
november - september
november - december
november - october
march - september
march - june
march - april
september - december
april - september
november - april
november - september
november - december
october - november
october - september
august - october
august - september
august - april
march - october
march - august
march - april
june - september
june - april
june - august
december - march
june - december
june - december
june - march
october - june
october - december
august - october
august - june
november - august
november - december
november - october
april - october
april - june
april - march
september - august
september - november
september - october
march - october
december - march
december - october
april - october
april - march
november - october
november - december
june - october
june - april
august - october
august - april
august - june
september - august
september - november
september - october
april - november
june - april
june - november
june - april
december - june
december - november
october - november
october - june
september - october
september - june
march - october
march - june
march - april
august - september
august - april
august - june
august - june
december - august
april - december
april - august
april - june
september - august
september - december
november - august
november - december
november - september
october - september
october - december
october - november
march - september
march - june
march - april
april - september
august - april
august - september
august - april
march - august
march - april
november - august
november - september
october - august
october - november
october - september
june - september
june - april
june - august
december - august
december - october
december - november
september - march
november - september
october - november
october - september
october - november
august - october
august - september
august - march
december - september
december - november
april - october
april - august
april - march
june - september
june - april
june - august
september - august
april - september
april - september
april - august
march - august
march - april
november - august
november - september
june - august
june - april
december - august
december - november
october - august
october - november
october - september
june - august
december - june
december - august
march - august
march - june
september - august
september - december
april - august
april - june
april - march
october - august
october - december
october - september
november - august
november - october
november - december
march - june
november - march
november - june
april - june
april - march
september - june
september - november
august - june
august - november
august - september
october - august
october - november
october - september
december - august
december - october
december - november
september - december
april - september
november - april
november - september
november - december
august - november
august - september
august - april
march - september
march - august
march - april
october - september
october - december
october - november
june - september
june - april
june - august
march - october
august - march
august - october
august - march
december - august
december - october
november - october
november - december
april - october
april - august
april - march
september - october
september - april
september - august
june - september
june - april
june - august
march - november
december - march
december - november
april - november
april - march
september - november
september - april
october - september
october - december
october - november
august - october
august - april
august - september
june - september
june - april
june - august
june - april
march - june
march - june
march - april
november - april
november - june
september - june
september - november
december - june
december - november
october - september
october - december
october - november
august - september
august - april
august - june
october - june
march - october
march - october
march - june
november - june
november - october
september - october
september - june
april - september
april - june
april - march
december - september
december - november
august - september
august - april
august - june
march - november
december - march
december - november
april - november
april - march
june - november
june - april
october - june
october - december
october - november
august - october
august - april
august - june
september - august
september - november
september - october
june - december
october - june
october - december
october - june
april - october
april - june
august - october
august - june
september - august
september - december
september - october
november - september
november - december
november - october
march - september
march - june
march - april
august - september
june - august
november - june
november - august
november - september
march - september
march - august
march - june
april - august
april - june
april - march
december - august
december - november
october - august
october - november
october - september
october - march
november - october
december - november
september - december
september - november
september - october
september - march
april - october
april - september
april - march
august - october
august - april
august - september
june - september
june - april
june - august
march - december
june - march
june - december
june - march
october - june
october - december
april - october
april - june
april - march
november - june
november - december
november - october
september - october
september - april
september - june
august - september
august - april
august - june
august - april
october - august
june - october
june - august
june - april
march - august
march - june
march - april
september - june
september - october
september - august
december - august
december - october
november - august
november - october
november - december
november - september
december - november
april - december
april - november
april - september
october - november
october - september
march - october
march - september
march - april
august - october
august - april
august - september
june - september
june - april
june - august
august - november
october - august
october - november
october - august
september - october
september - august
april - october
april - september
april - august
june - september
june - august
june - april
march - september
march - june
march - april
december - august
december - october
december - november
march - june
october - march
october - june
august - june
august - october
december - august
december - october
april - august
april - june
april - march
september - august
september - december
september - october
november - august
november - october
november - december
june - december
september - june
september - december
september - june
october - september
october - december
august - october
august - september
august - june
november - september
november - december
november - october
april - october
april - august
april - june
march - september
march - june
march - april
august - june
october - august
november - october
december - november
march - december
march - october
march - august
march - june
april - october
april - june
april - march
september - august
september - november
september - october
june - november
december - june
december - november
march - november
march - june
october - november
october - june
april - october
april - june
april - march
september - october
september - april
september - june
august - september
august - april
august - june
december - april
june - december
june - december
june - april
september - june
september - december
august - september
august - june
march - august
march - june
march - april
november - august
november - december
november - september
october - august
october - november
october - september
december - september
april - december
april - december
april - september
october - september
october - december
june - october
june - september
june - april
august - september
august - june
march - september
march - june
march - april
november - august
november - october
november - december
december - june
october - december
october - december
october - june
november - october
november - december
august - november
august - october
august - june
april - october
april - august
april - june
september - october
september - june
september - august
march - september
march - june
march - april
october - june
december - october
september - december
september - october
september - june
april - october
april - september
april - june
august - september
august - june
november - september
november - december
november - october
march - september
march - june
march - april
june - december
august - june
august - december
august - june
april - august
april - june
september - august
september - december
october - august
october - december
october - september
march - september
march - june
march - april
november - august
november - october
november - december
october - june
november - october
april - november
april - october
april - june
september - october
september - june
march - september
march - june
march - april
august - september
august - april
august - june
december - august
december - october
december - november
september - march
april - september
april - september
april - march
october - april
october - september
june - september
june - april
november - june
november - october
august - september
august - april
august - june
december - august
december - october
december - november
march - june
december - march
december - june
september - june
september - december
april - september
april - june
april - march
october - june
october - december
october - september
november - september
november - december
november - october
august - september
august - april
august - june
november - august
march - november
march - november
march - august
april - august
april - march
october - august
october - november
june - august
june - april
september - august
september - november
september - october
december - august
december - october
december - november
august - december
november - august
november - december
november - august
september - november
september - august
october - november
october - september
april - october
april - september
april - august
june - october
june - august
june - april
march - september
march - june
march - april
june - november
march - june
april - march
april - june
april - march
october - june
october - november
september - june
september - november
september - october
august - september
august - april
august - june
december - august
december - october
december - november
december - october
june - december
june - december
june - october
april - october
april - june
september - october
september - june
march - september
march - june
march - april
august - september
august - april
august - june
november - august
november - october
november - december
november - october
august - november
august - november
august - october
december - october
december - november
march - november
march - october
march - august
september - october
september - august
april - october
april - august
april - march
june - september
june - april
june - august
november - august
december - november
june - december
june - november
june - august
march - november
march - august
march - june
september - august
september - december
september - november
april - september
april - june
april - march
october - august
october - november
october - september
april - december
october - april
october - december
october - april
june - october
june - april
november - october
november - december
august - october
august - june
march - october
march - june
march - april
september - august
september - november
september - october
december - august
june - december
june - december
june - august
april - august
april - june
october - august
october - december
november - august
november - december
november - october
september - october
september - june
september - august
march - september
march - june
march - april
june - april
march - june
march - june
march - april
november - april
november - june
december - june
december - november
october - june
october - december
october - november
august - october
august - april
august - june
september - august
september - november
september - october
september - december
march - september
august - march
august - september
august - march
june - september
june - august
june - march
april - august
april - june
april - march
november - august
november - december
november - september
october - august
october - november
october - september
june - november
december - june
december - november
april - november
april - june
august - november
august - june
september - august
september - december
september - november
october - september
october - december
october - november
march - september
march - june
march - april
august - april
june - august
june - august
june - april
december - june
december - august
november - august
november - december
september - august
september - december
september - november
march - september
march - june
march - april
october - august
october - november
october - september
april - november
june - april
june - november
june - april
september - june
september - november
december - september
december - november
march - september
march - june
march - april
august - september
august - april
august - june
october - august
october - november
october - september
december - april
september - december
september - december
september - april
october - september
october - december
june - october
june - september
june - april
november - september
november - december
november - october
august - october
august - june
august - september
march - september
march - june
march - april
october - april
june - october
june - october
june - april
december - june
december - october
march - october
march - june
march - april
august - june
august - december
august - october
september - august
september - december
september - october
november - august
november - october
november - december
october - march
september - october
september - october
september - march
august - september
august - march
november - september
november - october
december - september
december - november
april - october
april - august
april - march
june - september
june - april
june - august
august - june
march - august
march - august
march - june
september - june
september - august
april - august
april - june
april - march
november - june
november - september
october - august
october - november
october - september
december - august
december - october
december - november
august - october
november - august
november - october
june - october
june - august
september - october
september - august
december - september
december - november
march - october
march - august
march - june
april - september
april - june
april - march
june - april
march - june
march - june
march - april
november - april
november - june
august - june
august - november
december - june
december - november
september - august
september - december
september - november
october - august
october - november
october - september
march - september
october - march
october - september
december - september
december - october
november - october
november - december
june - october
june - september
june - march
april - october
april - june
april - march
august - september
august - april
august - june
october - august
september - october
september - october
september - august
april - september
april - august
december - september
december - october
march - september
march - august
march - april
june - september
june - april
june - august
november - august
november - october
november - december
december - november
august - december
august - december
august - november
march - november
march - august
april - november
april - august
april - march
october - august
october - december
october - november
june - october
june - april
june - august
september - august
september - november
september - october
march - october
august - march
august - october
august - march
november - august
november - october
december - october
december - november
april - october
april - august
april - march
june - october
june - april
june - august
september - august
september - november
september - october
april - november
june - april
june - november
june - april
march - june
march - april
august - june
august - november
september - june
september - november
september - august
october - august
october - november
october - september
december - august
december - october
december - november
october - september
march - october
march - october
march - september
august - september
august - march
december - september
december - october
november - september
november - december
november - october
april - october
april - august
april - march
june - september
june - april
june - august
august - april
december - august
october - december
october - august
october - december
june - october
june - august
june - april
november - august
november - december
november - october
march - october
march - june
march - april
september - august
september - november
september - october
march - august
april - march
april - august
april - march
june - april
june - august
december - june
december - august
september - june
september - december
september - august
october - august
october - december
october - september
november - august
november - october
november - december
june - september
march - june
april - march
april - june
april - march
december - june
december - september
october - june
october - december
october - september
august - september
august - april
august - june
november - august
november - october
november - december
april - october
march - april
december - march
december - april
december - october
september - october
september - april
june - september
june - april
november - september
november - december
november - october
august - september
august - april
august - june
december - august
april - december
april - december
april - august
october - august
october - december
march - october
march - august
march - april
june - august
june - april
november - august
november - december
november - october
september - august
september - november
september - october
december - august
november - december
november - december
november - august
march - november
march - august
october - november
october - august
september - october
september - august
june - october
june - august
june - march
april - september
april - june
april - march
november - march
june - november
june - november
june - march
april - june
april - march
december - june
december - november
september - june
september - december
september - november
october - september
october - december
october - november
august - september
august - april
august - june
december - august
june - december
june - december
june - august
march - august
march - june
april - august
april - june
april - march
september - june
september - december
september - august
november - august
november - december
november - september
october - august
october - november
october - september
august - june
april - august
april - august
april - june
november - june
november - august
october - august
october - november
march - august
march - june
march - april
december - august
december - november
september - august
september - november
september - october
august - september
october - august
october - september
april - september
april - august
december - september
december - october
march - september
march - august
march - april
november - september
november - december
november - october
june - september
june - april
june - august
august - october
november - august
november - october
april - october
april - august
march - october
march - august
march - april
june - august
june - april
september - august
september - november
september - october
december - august
december - october
december - november
march - october
december - march
december - october
november - october
november - december
august - november
august - october
august - march
april - october
april - august
april - march
september - october
september - april
september - august
june - september
june - april
june - august
october - september
august - october
august - october
august - september
june - september
june - august
december - september
december - october
march - september
march - august
march - june
april - september
april - june
april - march
november - august
november - october
november - december
october - december
june - october
march - june
november - march
november - october
november - december
april - october
april - june
april - march
august - october
august - april
august - june
september - august
september - november
september - october
october - june
december - october
april - december
april - october
april - june
november - october
november - december
august - october
august - june
march - october
march - june
march - april
september - august
september - november
september - october
june - december
september - june
september - december
september - june
march - september
march - june
november - september
november - december
october - september
october - december
october - november
august - october
august - june
august - september
april - september
april - june
april - march
november - september
april - november
april - november
april - september
december - september
december - november
march - november
march - september
march - april
october - september
october - december
october - november
august - october
august - april
august - september
june - september
june - april
june - august
november - december
october - november
august - october
march - august
september - march
september - october
september - august
june - october
june - august
june - march
april - september
april - june
april - march
april - march
november - april
august - november
august - april
august - november
october - august
october - november
december - august
december - november
june - october
june - april
june - august
september - august
september - november
september - october
march - june
december - march
december - june
september - june
september - december
august - september
august - june
april - august
april - june
april - march
november - august
november - december
november - september
october - august
october - november
october - september
june - october
september - june
september - october
september - june
august - september
august - june
march - september
march - august
march - june
april - august
april - june
april - march
november - august
november - october
december - august
december - october
december - november
april - september
june - april
june - september
june - april
november - june
november - september
august - september
august - june
december - august
december - november
october - september
october - december
october - november
march - september
march - june
march - april
september - november
march - september
june - march
june - september
june - march
august - september
august - june
december - august
december - november
october - september
october - december
october - november
april - september
april - june
april - march
august - november
october - august
october - november
october - august
march - october
march - august
june - october
june - august
june - march
december - august
december - november
september - october
september - june
september - august
april - september
april - june
april - march
november - june
april - november
april - november
april - june
december - june
december - november
october - november
october - june
august - october
august - june
september - october
september - june
september - august
march - september
march - june
march - april
june - august
september - june
september - august
october - august
october - september
april - september
april - august
april - june
march - august
march - june
march - april
december - august
december - october
november - august
november - october
november - december
june - december
october - june
october - december
october - june
september - october
september - june
august - october
august - september
august - june
november - september
november - december
november - october
march - october
march - august
march - june
april - september
april - june
april - march
june - november
august - june
august - november
august - june
december - august
december - november
april - november
april - august
april - june
march - august
march - june
march - april
october - august
october - december
october - november
september - august
september - november
september - october
october - august
november - october
june - november
june - october
june - august
april - october
april - august
april - june
march - august
march - june
march - april
september - august
september - november
september - october
december - august
december - october
december - november
june - march
december - june
august - december
august - june
august - december
october - august
october - december
november - august
november - december
november - october
april - october
april - june
april - march
september - august
september - november
september - october
Sept - dec
JUNE - Sept
F - JUNE
AUG - F
AUG - Sept
AUG - JUNE
jan - AUG
jan - JUNE
jan - F
July - AUG
July - F
July - JUNE
April - July
April - F
April - JUNE
march - July
march - April
march - F
jan - F
JUNE - jan
JUNE - F
dec - F
dec - JUNE
April - JUNE
April - F
Sept - April
Sept - dec
Sept - JUNE
AUG - JUNE
AUG - dec
AUG - Sept
July - JUNE
July - Sept
July - AUG
march - July
march - April
march - F
April - F
JUNE - April
July - JUNE
AUG - July
march - AUG
march - JUNE
march - April
march - F
dec - JUNE
dec - AUG
jan - JUNE
jan - march
jan - F
Sept - JUNE
Sept - AUG
Sept - dec
march - jan
July - march
dec - July
AUG - dec
AUG - July
AUG - dec
F - July
F - march
F - jan
Sept - July
Sept - dec
Sept - AUG
April - July
April - F
April - march
JUNE - July
JUNE - march
JUNE - April
July - April
JUNE - July
JUNE - July
JUNE - April
march - JUNE
march - April
AUG - JUNE
AUG - July
dec - JUNE
dec - AUG
F - July
F - April
F - march
Sept - JUNE
Sept - AUG
Sept - dec
jan - July
jan - April
jan - march
jan - F
F - jan
July - F
JUNE - July
JUNE - F
JUNE - July
dec - JUNE
dec - July
march - JUNE
march - F
April - JUNE
April - F
April - march
Sept - April
Sept - July
Sept - dec
AUG - JUNE
AUG - Sept
AUG - July
JUNE - Sept
jan - JUNE
April - jan
April - JUNE
April - jan
F - JUNE
F - April
F - jan
AUG - April
AUG - Sept
AUG - JUNE
dec - JUNE
dec - Sept
march - JUNE
march - F
march - April
July - JUNE
July - Sept
July - AUG
F - JUNE
dec - F
dec - JUNE
jan - JUNE
jan - F
AUG - JUNE
AUG - dec
Sept - JUNE
Sept - dec
Sept - AUG
April - AUG
April - F
April - JUNE
march - JUNE
march - F
march - April
July - JUNE
July - Sept
July - AUG
Sept - F
dec - Sept
July - dec
July - Sept
July - F
march - Sept
march - July
march - F
AUG - July
AUG - dec
AUG - Sept
jan - AUG
jan - march
jan - F
April - July
April - F
April - march
JUNE - July
JUNE - march
JUNE - April
Sept - AUG
jan - Sept
jan - Sept
jan - AUG
F - AUG
F - jan
April - AUG
April - F
July - April
July - Sept
July - AUG
dec - July
dec - Sept
JUNE - July
JUNE - F
JUNE - April
march - July
march - April
march - F
jan - dec
April - jan
April - dec
April - jan
JUNE - April
JUNE - dec
AUG - JUNE
AUG - dec
July - JUNE
July - dec
July - AUG
Sept - July
Sept - dec
Sept - AUG
march - July
march - April
march - jan
F - July
F - April
F - march
F - jan
Sept - march
July - Sept
July - Sept
July - march
F - July
F - march
jan - July
jan - march
jan - F
April - march
April - Sept
April - July
dec - April
dec - Sept
JUNE - April
JUNE - Sept
JUNE - July
AUG - JUNE
AUG - Sept
AUG - July
JUNE - march
dec - JUNE
Sept - dec
Sept - JUNE
Sept - dec
AUG - Sept
AUG - JUNE
jan - AUG
jan - JUNE
jan - march
F - AUG
F - march
F - jan
July - JUNE
July - Sept
July - AUG
April - July
April - march
April - JUNE
AUG - Sept
march - AUG
April - march
April - AUG
April - march
July - AUG
July - April
JUNE - July
JUNE - April
F - July
F - April
F - march
jan - JUNE
jan - march
jan - F
dec - JUNE
dec - AUG
dec - Sept
JUNE - Sept
march - JUNE
April - march
April - JUNE
April - march
dec - JUNE
dec - Sept
F - JUNE
F - April
F - march
July - JUNE
July - dec
July - Sept
AUG - JUNE
AUG - Sept
AUG - July
jan - July
jan - April
jan - march
jan - F
April - dec
jan - April
march - jan
march - April
march - jan
AUG - April
AUG - dec
Sept - April
Sept - dec
Sept - AUG
July - AUG
July - march
July - April
F - July
F - march
F - jan
JUNE - July
JUNE - march
JUNE - April
jan - march
April - jan
April - march
AUG - march
AUG - April
dec - April
dec - AUG
July - April
July - dec
July - AUG
F - July
F - march
F - jan
Sept - April
Sept - AUG
Sept - dec
JUNE - July
JUNE - march
JUNE - April
July - dec
jan - July
Sept - jan
Sept - July
Sept - dec
JUNE - Sept
JUNE - July
JUNE - jan
AUG - July
AUG - dec
AUG - Sept
march - AUG
march - JUNE
march - jan
F - July
F - march
F - jan
April - July
April - march
April - JUNE
Sept - April
July - Sept
July - Sept
July - April
march - July
march - April
dec - July
dec - Sept
F - July
F - April
F - march
JUNE - July
JUNE - march
JUNE - April
AUG - JUNE
AUG - Sept
AUG - July
jan - July
jan - April
jan - march
jan - F
April - AUG
July - April
July - AUG
July - April
march - July
march - April
Sept - July
Sept - AUG
jan - July
jan - April
jan - march
dec - July
dec - Sept
F - July
F - march
F - jan
JUNE - July
JUNE - march
JUNE - April
July - march
April - July
April - July
April - march
Sept - April
Sept - July
dec - July
dec - Sept
jan - July
jan - April
jan - march
AUG - July
AUG - dec
AUG - Sept
F - July
F - march
F - jan
JUNE - July
JUNE - march
JUNE - April
July - march
April - July
April - July
April - march
dec - April
dec - July
Sept - July
Sept - dec
F - July
F - April
F - march
AUG - July
AUG - dec
AUG - Sept
JUNE - July
JUNE - march
JUNE - April
jan - July
jan - April
jan - march
jan - F
April - AUG
July - April
July - AUG
July - April
F - July
F - April
jan - July
jan - April
jan - F
march - April
march - F
dec - April
dec - AUG
Sept - April
Sept - AUG
Sept - dec
JUNE - July
JUNE - march
JUNE - April
jan - JUNE
July - jan
July - JUNE
dec - JUNE
dec - July
march - July
march - JUNE
march - jan
Sept - JUNE
Sept - dec
Sept - July
April - July
April - march
April - JUNE
F - JUNE
F - march
F - jan
AUG - JUNE
AUG - Sept
AUG - July
July - JUNE
Sept - July
march - Sept
march - July
march - JUNE
jan - July
jan - JUNE
jan - march
April - JUNE
April - march
dec - JUNE
dec - Sept
F - JUNE
F - march
F - jan
AUG - JUNE
AUG - Sept
AUG - July
F - jan
AUG - F
Sept - AUG
July - Sept
July - AUG
July - F
dec - July
dec - Sept
April - AUG
April - F
April - July
march - July
march - F
march - April
JUNE - July
JUNE - march
JUNE - April
march - Sept
April - march
April - Sept
April - march
July - April
July - Sept
JUNE - July
JUNE - April
dec - JUNE
dec - Sept
jan - July
jan - April
jan - march
AUG - JUNE
AUG - Sept
AUG - July
F - July
F - April
F - march
F - jan
F - AUG
Sept - F
Sept - AUG
JUNE - AUG
JUNE - F
dec - AUG
dec - Sept
July - AUG
July - JUNE
April - AUG
April - JUNE
April - F
jan - July
jan - April
jan - F
march - July
march - April
march - F
Sept - JUNE
July - Sept
July - Sept
July - JUNE
dec - July
dec - Sept
AUG - Sept
AUG - July
April - AUG
April - July
April - JUNE
F - AUG
F - JUNE
F - April
march - July
march - April
march - F
jan - July
jan - April
jan - march
jan - F
July - jan
dec - July
April - dec
April - July
April - jan
AUG - July
AUG - dec
JUNE - July
JUNE - April
march - July
march - April
march - jan
F - JUNE
F - march
F - jan
Sept - JUNE
Sept - AUG
Sept - dec
JUNE - F
march - JUNE
march - JUNE
march - F
Sept - march
Sept - JUNE
AUG - JUNE
AUG - Sept
jan - JUNE
jan - march
jan - F
dec - JUNE
dec - Sept
April - JUNE
April - F
April - march
July - JUNE
July - Sept
July - AUG
Sept - JUNE
march - Sept
march - Sept
march - JUNE
dec - JUNE
dec - Sept
April - Sept
April - JUNE
April - march
jan - JUNE
jan - April
jan - march
AUG - JUNE
AUG - dec
AUG - Sept
July - JUNE
July - Sept
July - AUG
F - July
F - April
F - march
F - jan
F - AUG
march - F
march - AUG
march - F
dec - march
dec - AUG
jan - AUG
jan - march
jan - F
April - march
April - dec
April - AUG
Sept - April
Sept - dec
Sept - AUG
July - April
July - Sept
July - AUG
JUNE - July
JUNE - march
JUNE - April
July - AUG
dec - July
dec - AUG
JUNE - AUG
JUNE - July
jan - AUG
jan - July
jan - JUNE
Sept - July
Sept - dec
Sept - AUG
April - AUG
April - JUNE
April - jan
march - July
march - April
march - jan
F - July
F - April
F - march
F - jan
Sept - April
jan - Sept
jan - Sept
jan - April
July - April
July - Sept
JUNE - July
JUNE - April
march - JUNE
march - April
march - jan
F - JUNE
F - march
F - jan
dec - April
dec - July
dec - Sept
AUG - JUNE
AUG - Sept
AUG - July
Sept - April
AUG - Sept
AUG - Sept
AUG - April
march - AUG
march - April
July - AUG
July - April
F - July
F - April
F - march
jan - July
jan - march
jan - F
dec - April
dec - AUG
dec - Sept
JUNE - July
JUNE - march
JUNE - April
JUNE - F
jan - JUNE
jan - JUNE
jan - F
Sept - F
Sept - JUNE
AUG - JUNE
AUG - Sept
April - JUNE
April - F
march - JUNE
march - F
march - April
July - April
July - AUG
July - JUNE
dec - JUNE
dec - AUG
dec - Sept
AUG - Sept
dec - AUG
dec - Sept
march - Sept
march - AUG
jan - Sept
jan - AUG
jan - march
F - AUG
F - march
F - jan
April - AUG
April - F
April - march
JUNE - April
JUNE - Sept
JUNE - AUG
July - JUNE
July - Sept
July - AUG
F - AUG
Sept - F
Sept - AUG
march - AUG
march - F
July - AUG
July - march
jan - July
jan - march
jan - F
JUNE - July
JUNE - F
JUNE - march
April - JUNE
April - F
April - march
dec - JUNE
dec - AUG
dec - Sept
JUNE - march
AUG - JUNE
F - AUG
F - JUNE
F - march
jan - JUNE
jan - march
jan - F
Sept - march
Sept - AUG
July - JUNE
July - Sept
July - AUG
April - JUNE
April - F
April - march
dec - JUNE
dec - AUG
dec - Sept
April - July
jan - April
march - jan
march - April
march - jan
Sept - April
Sept - July
JUNE - April
JUNE - Sept
JUNE - July
F - JUNE
F - march
F - jan
dec - April
dec - July
dec - Sept
AUG - JUNE
AUG - Sept
AUG - July
AUG - dec
jan - AUG
Sept - jan
Sept - AUG
Sept - dec
F - Sept
F - AUG
F - jan
April - AUG
April - F
JUNE - AUG
JUNE - F
JUNE - April
march - JUNE
march - F
march - April
July - JUNE
July - Sept
July - AUG
dec - F
July - dec
July - dec
July - F
Sept - July
Sept - dec
April - Sept
April - July
April - F
march - July
march - April
march - F
AUG - July
AUG - dec
AUG - Sept
JUNE - July
JUNE - march
JUNE - April
jan - July
jan - April
jan - march
jan - F
JUNE - jan
F - JUNE
F - JUNE
F - jan
dec - F
dec - JUNE
July - JUNE
July - dec
AUG - JUNE
AUG - dec
AUG - July
Sept - July
Sept - dec
Sept - AUG
march - July
march - F
march - JUNE
April - July
April - march
April - JUNE
AUG - march
April - AUG
April - AUG
April - march
jan - April
jan - march
Sept - April
Sept - AUG
F - April
F - march
F - jan
July - April
July - Sept
July - AUG
JUNE - April
JUNE - AUG
JUNE - July
dec - JUNE
dec - AUG
dec - Sept
April - dec
July - April
July - dec
July - April
march - July
march - April
AUG - July
AUG - dec
JUNE - July
JUNE - April
Sept - July
Sept - dec
Sept - AUG
jan - July
jan - April
jan - march
F - July
F - April
F - march
F - jan
AUG - July
April - AUG
April - AUG
April - July
jan - July
jan - April
dec - July
dec - AUG
F - July
F - April
F - jan
march - July
march - F
march - April
JUNE - April
JUNE - AUG
JUNE - July
Sept - JUNE
Sept - AUG
Sept - dec
march - jan
April - march
AUG - April
JUNE - AUG
JUNE - April
JUNE - AUG
July - April
July - AUG
July - JUNE
Sept - JUNE
Sept - AUG
F - JUNE
F - march
F - jan
dec - JUNE
dec - AUG
dec - Sept
Sept - April
July - Sept
July - Sept
July - April
AUG - July
AUG - Sept
march - AUG
march - July
march - April
jan - July
jan - April
jan - march
JUNE - July
JUNE - march
JUNE - April
dec - JUNE
dec - AUG
dec - Sept
F - July
F - April
F - march
F - jan
July - AUG
Sept - July
Sept - AUG
jan - AUG
jan - July
JUNE - AUG
JUNE - July
JUNE - jan
F - July
F - JUNE
F - jan
march - July
march - F
march - JUNE
dec - JUNE
dec - AUG
dec - Sept
April - July
April - march
April - JUNE
JUNE - AUG
dec - JUNE
dec - AUG
jan - AUG
jan - JUNE
F - AUG
F - JUNE
F - jan
march - JUNE
march - F
April - JUNE
April - F
April - march
Sept - April
Sept - AUG
Sept - dec
July - JUNE
July - Sept
July - AUG
dec - march
Sept - dec
Sept - dec
Sept - march
AUG - Sept
AUG - march
July - Sept
July - AUG
July - march
F - AUG
F - July
F - march
JUNE - AUG
JUNE - march
JUNE - July
jan - July
jan - march
jan - F
April - July
April - march
April - JUNE
Sept - march
July - Sept
July - Sept
July - march
F - July
F - march
dec - July
dec - Sept
JUNE - July
JUNE - march
April - July
April - march
April - JUNE
AUG - JUNE
AUG - Sept
AUG - July
jan - July
jan - April
jan - march
jan - F
jan - march
July - jan
July - march
JUNE - march
JUNE - July
Sept - JUNE
Sept - July
F - JUNE
F - march
F - jan
April - JUNE
April - F
April - march
AUG - April
AUG - July
AUG - Sept
dec - JUNE
dec - AUG
dec - Sept
F - Sept
April - F
April - Sept
April - F
July - April
July - Sept
jan - July
jan - April
jan - F
dec - April
dec - Sept
JUNE - July
JUNE - F
JUNE - April
march - JUNE
march - F
march - April
AUG - JUNE
AUG - Sept
AUG - July
JUNE - July
F - JUNE
dec - F
dec - JUNE
dec - July
April - July
April - JUNE
April - F
march - JUNE
march - April
march - F
Sept - JUNE
Sept - dec
Sept - July
AUG - JUNE
AUG - Sept
AUG - July
jan - July
jan - April
jan - march
jan - F
march - jan
July - march
Sept - July
AUG - Sept
AUG - July
AUG - Sept
JUNE - July
JUNE - march
F - July
F - march
F - jan
dec - JUNE
dec - AUG
dec - Sept
April - July
April - march
April - JUNE
march - July
AUG - march
AUG - July
April - July
April - march
JUNE - July
JUNE - April
F - JUNE
F - April
F - march
jan - JUNE
jan - march
jan - F
Sept - April
Sept - July
Sept - AUG
dec - JUNE
dec - AUG
dec - Sept
dec - Sept
JUNE - dec
JUNE - dec
JUNE - Sept
April - Sept
April - JUNE
jan - Sept
jan - JUNE
jan - April
July - JUNE
July - dec
July - Sept
AUG - July
AUG - dec
AUG - Sept
F - July
F - April
F - jan
march - July
march - April
march - F
march - AUG
Sept - march
Sept - AUG
dec - AUG
dec - Sept
April - Sept
April - AUG
April - march
July - AUG
July - April
F - AUG
F - April
F - march
jan - July
jan - march
jan - F
JUNE - July
JUNE - march
JUNE - April
AUG - JUNE
F - AUG
F - AUG
F - JUNE
march - JUNE
march - F
dec - JUNE
dec - AUG
July - JUNE
July - dec
July - AUG
Sept - July
Sept - dec
Sept - AUG
jan - July
jan - march
jan - F
April - July
April - march
April - JUNE
dec - AUG
march - dec
march - dec
march - AUG
April - AUG
April - march
F - AUG
F - April
F - march
jan - April
jan - march
jan - F
Sept - April
Sept - dec
Sept - AUG
JUNE - April
JUNE - Sept
JUNE - AUG
July - JUNE
July - Sept
July - AUG
dec - jan
march - dec
march - dec
march - jan
July - march
July - dec
AUG - July
AUG - dec
F - July
F - march
F - jan
JUNE - July
JUNE - F
JUNE - march
Sept - JUNE
Sept - AUG
Sept - dec
April - July
April - march
April - JUNE
JUNE - AUG
F - JUNE
April - F
April - JUNE
April - F
march - JUNE
march - April
march - F
Sept - April
Sept - AUG
jan - JUNE
jan - march
jan - F
July - April
July - AUG
July - JUNE
dec - JUNE
dec - AUG
dec - Sept
march - July
jan - march
F - jan
F - march
F - jan
JUNE - march
JUNE - July
dec - march
dec - July
Sept - JUNE
Sept - dec
Sept - July
AUG - JUNE
AUG - Sept
AUG - July
April - July
April - march
April - JUNE
July - march
AUG - July
F - AUG
F - July
F - march
Sept - July
Sept - AUG
dec - July
dec - Sept
jan - AUG
jan - march
jan - F
April - July
April - F
April - march
JUNE - July
JUNE - march
JUNE - April
jan - F
April - jan
April - F
AUG - F
AUG - April
Sept - April
Sept - AUG
march - April
march - F
dec - April
dec - Sept
JUNE - April
JUNE - Sept
JUNE - AUG
July - JUNE
July - Sept
July - AUG
dec - march
AUG - dec
AUG - dec
AUG - march
July - AUG
July - march
Sept - AUG
Sept - dec
JUNE - AUG
JUNE - July
JUNE - march
F - AUG
F - JUNE
F - march
April - July
April - march
April - JUNE
jan - July
jan - April
jan - march
jan - F
July - AUG
F - July
April - F
April - July
April - F
JUNE - July
JUNE - April
jan - JUNE
jan - April
jan - F
dec - JUNE
dec - AUG
march - JUNE
march - F
march - April
Sept - JUNE
Sept - AUG
Sept - dec
dec - F
AUG - dec
AUG - dec
AUG - F
July - AUG
July - F
April - AUG
April - July
April - F
JUNE - July
JUNE - April
jan - July
jan - April
jan - F
march - JUNE
march - F
march - April
Sept - JUNE
Sept - AUG
Sept - dec
AUG - Sept
march - AUG
jan - march
dec - jan
dec - AUG
dec - Sept
F - AUG
F - march
F - jan
April - AUG
April - F
April - march
JUNE - April
JUNE - Sept
JUNE - AUG
July - JUNE
July - Sept
July - AUG
march - AUG
JUNE - march
JUNE - AUG
JUNE - march
July - JUNE
July - AUG
F - July
F - JUNE
F - march
Sept - JUNE
Sept - AUG
dec - July
dec - Sept
April - July
April - march
April - JUNE
jan - July
jan - April
jan - march
jan - F
JUNE - F
AUG - JUNE
July - AUG
July - JUNE
July - AUG
dec - July
dec - AUG
march - July
march - JUNE
march - F
April - July
April - march
April - JUNE
jan - JUNE
jan - march
jan - F
Sept - JUNE
Sept - AUG
Sept - dec
JUNE - July
march - JUNE
dec - march
dec - JUNE
dec - July
April - July
April - JUNE
April - march
jan - JUNE
jan - April
jan - march
F - JUNE
F - march
F - jan
Sept - April
Sept - July
Sept - dec
AUG - JUNE
AUG - Sept
AUG - July
dec - April
July - dec
July - dec
July - April
AUG - July
AUG - dec
Sept - AUG
Sept - dec
JUNE - AUG
JUNE - July
JUNE - April
jan - AUG
jan - JUNE
jan - April
F - July
F - April
F - jan
march - July
march - April
march - F
jan - July
April - jan
April - July
April - jan
march - April
march - jan
JUNE - April
JUNE - July
F - April
F - march
F - jan
Sept - April
Sept - July
dec - April
dec - July
dec - Sept
AUG - JUNE
AUG - Sept
AUG - July
July - AUG
JUNE - July
April - JUNE
Sept - April
Sept - July
Sept - AUG
march - July
march - JUNE
march - April
dec - July
dec - Sept
F - July
F - April
F - march
jan - July
jan - April
jan - march
jan - F
dec - Sept
JUNE - dec
JUNE - dec
JUNE - Sept
April - Sept
April - JUNE
jan - Sept
jan - JUNE
jan - April
AUG - JUNE
AUG - dec
AUG - Sept
F - AUG
F - April
F - jan
march - JUNE
march - F
march - April
July - JUNE
July - Sept
July - AUG
JUNE - jan
AUG - JUNE
April - AUG
April - JUNE
April - jan
F - JUNE
F - April
F - jan
July - April
July - AUG
July - JUNE
Sept - JUNE
Sept - AUG
dec - JUNE
dec - AUG
dec - Sept
march - July
march - April
march - F
Sept - dec
JUNE - Sept
July - JUNE
July - Sept
July - JUNE
AUG - Sept
AUG - July
F - AUG
F - July
F - JUNE
jan - AUG
jan - JUNE
jan - F
march - July
march - F
march - JUNE
April - July
April - march
April - JUNE
dec - Sept
April - dec
April - dec
April - Sept
AUG - Sept
AUG - April
march - Sept
march - AUG
march - April
jan - AUG
jan - April
jan - march
F - AUG
F - march
F - jan
July - April
July - Sept
July - AUG
JUNE - July
JUNE - march
JUNE - April
F - Sept
July - F
July - Sept
July - F
JUNE - July
JUNE - F
dec - July
dec - Sept
march - July
march - JUNE
march - F
jan - July
jan - march
jan - F
AUG - JUNE
AUG - Sept
AUG - July
April - July
April - march
April - JUNE
F - AUG
march - F
march - AUG
march - F
Sept - march
Sept - AUG
jan - AUG
jan - march
jan - F
July - march
July - Sept
July - AUG
dec - July
dec - Sept
April - July
April - F
April - march
JUNE - July
JUNE - march
JUNE - April
April - jan
Sept - April
march - Sept
march - April
march - jan
JUNE - April
JUNE - Sept
dec - April
dec - Sept
July - JUNE
July - dec
July - Sept
AUG - JUNE
AUG - Sept
AUG - July
F - July
F - April
F - march
F - jan
march - Sept
July - march
July - Sept
July - march
April - July
April - march
AUG - July
AUG - Sept
JUNE - July
JUNE - April
dec - July
dec - Sept
F - July
F - April
F - march
jan - July
jan - April
jan - march
jan - F
jan - JUNE
July - jan
July - JUNE
march - JUNE
march - jan
F - JUNE
F - march
F - jan
AUG - march
AUG - July
Sept - JUNE
Sept - AUG
April - JUNE
April - F
April - march
dec - JUNE
dec - AUG
dec - Sept
dec - AUG
F - dec
F - dec
F - AUG
march - AUG
march - F
jan - AUG
jan - march
jan - F
July - march
July - dec
July - AUG
April - July
April - F
April - march
Sept - April
Sept - AUG
Sept - dec
JUNE - July
JUNE - march
JUNE - April
jan - march
dec - jan
dec - march
July - march
July - dec
JUNE - July
JUNE - march
Sept - JUNE
Sept - dec
Sept - July
AUG - July
AUG - dec
AUG - Sept
F - July
F - march
F - jan
April - July
April - march
April - JUNE
April - F
dec - April
jan - dec
jan - April
jan - F
JUNE - April
JUNE - dec
July - April
July - dec
July - JUNE
AUG - JUNE
AUG - dec
AUG - July
Sept - JUNE
Sept - AUG
Sept - dec
march - July
march - April
march - F
dec - F
April - dec
April - dec
April - F
Sept - April
Sept - dec
July - Sept
July - April
jan - July
jan - April
jan - F
JUNE - July
JUNE - F
JUNE - April
AUG - JUNE
AUG - Sept
AUG - July
march - July
march - April
march - F
dec - F
jan - dec
jan - dec
jan - F
JUNE - F
JUNE - dec
April - JUNE
April - F
Sept - April
Sept - dec
Sept - JUNE
AUG - JUNE
AUG - dec
AUG - Sept
march - JUNE
march - F
march - April
July - JUNE
July - Sept
July - AUG
F - dec
April - F
April - dec
April - F
Sept - April
Sept - dec
jan - Sept
jan - April
jan - F
July - April
July - dec
July - Sept
JUNE - July
JUNE - F
JUNE - April
march - JUNE
march - F
march - April
AUG - JUNE
AUG - Sept
AUG - July
July - F
march - July
march - July
march - F
dec - march
dec - July
Sept - July
Sept - dec
JUNE - July
JUNE - march
jan - July
jan - march
jan - F
April - JUNE
April - F
April - march
AUG - JUNE
AUG - Sept
AUG - July
JUNE - July
march - JUNE
April - march
April - JUNE
April - march
jan - JUNE
jan - April
jan - march
dec - April
dec - July
F - JUNE
F - march
F - jan
AUG - April
AUG - July
AUG - dec
Sept - JUNE
Sept - AUG
Sept - dec
march - AUG
F - march
dec - F
dec - march
dec - AUG
jan - AUG
jan - march
jan - F
July - march
July - dec
July - AUG
Sept - July
Sept - dec
Sept - AUG
JUNE - July
JUNE - F
JUNE - march
April - July
April - march
April - JUNE
July - F
dec - July
Sept - dec
Sept - July
Sept - dec
AUG - Sept
AUG - July
march - AUG
march - July
march - F
jan - AUG
jan - march
jan - F
JUNE - July
JUNE - F
JUNE - march
April - July
April - march
April - JUNE
jan - AUG
April - jan
April - AUG
April - jan
march - April
march - jan
F - April
F - march
F - jan
dec - march
dec - AUG
Sept - April
Sept - dec
Sept - AUG
July - April
July - Sept
July - AUG
JUNE - July
JUNE - march
JUNE - April
July - jan
JUNE - July
JUNE - July
JUNE - jan
Sept - JUNE
Sept - July
dec - July
dec - Sept
march - July
march - JUNE
march - jan
April - July
April - march
April - JUNE
AUG - JUNE
AUG - Sept
AUG - July
F - July
F - April
F - march
F - jan
July - jan
JUNE - July
JUNE - July
JUNE - jan
Sept - JUNE
Sept - July
April - July
April - JUNE
April - jan
dec - JUNE
dec - Sept
march - July
march - April
march - jan
F - JUNE
F - march
F - jan
AUG - JUNE
AUG - Sept
AUG - July
dec - April
jan - dec
jan - dec
jan - April
F - April
F - jan
July - April
July - dec
JUNE - April
JUNE - dec
JUNE - July
AUG - JUNE
AUG - dec
AUG - July
Sept - JUNE
Sept - AUG
Sept - dec
march - July
march - April
march - F
]]></system-out>
  <system-err><![CDATA[]]></system-err>
</testsuite>
